[INFO]2021-06-15 09:53:54,371: log files at C:\Users\Administrator\Desktop\SVN\美维\MeiWei_back_0421\common\log
[INFO]2021-06-15 09:53:54,372: find module account.main_account
[INFO]2021-06-15 09:53:54,373: find module agvCtrl.main_agv
[INFO]2021-06-15 09:53:54,373: find module agvDevice.main_agvDevice
[INFO]2021-06-15 09:53:54,374: find module akmCtrl.main_akmCtrl
[INFO]2021-06-15 09:53:54,374: find module alarm.main_alarm
[INFO]2021-06-15 09:53:54,375: find module auth.main_auth
[INFO]2021-06-15 09:53:54,375: find module door.main_door
[INFO]2021-06-15 09:53:54,375: find module elevator.main_elevator
[INFO]2021-06-15 09:53:54,375: find module feed.main_feed
[INFO]2021-06-15 09:53:54,375: find module remoteio.main_remoteio
[INFO]2021-06-15 09:53:54,375: import account.main_account
[INFO]2021-06-15 09:53:54,457: import agvCtrl.main_agv
[INFO]2021-06-15 09:53:54,739: create lock <lock name:doorMgr.lock,<unlocked _thread.RLock object owner=0 count=0 at 0x0000015833B5EDA0>>
[INFO]2021-06-15 09:53:54,755: create lock <lock name:door.lock,<unlocked _thread.RLock object owner=0 count=0 at 0x0000015833B5EF08>>
[INFO]2021-06-15 09:53:54,842: create lock <lock name:timer.lock_1478340337960,<unlocked _thread.RLock object owner=0 count=0 at 0x0000015833ED5B70>>
[ERROR]2021-06-15 09:53:54,856: mqtt is disabled
[INFO]2021-06-15 09:53:54,857: mqtt: subscribe [alarm/raise/+]
[INFO]2021-06-15 09:53:54,858: mqtt: subscribe [alarm/clear/+]
[INFO]2021-06-15 09:53:57,895: Mongodb connect to 127.0.0.1 port 27017
[INFO]2021-06-15 09:53:57,923: create lock <lock name:elevatorMgr.lock,<unlocked _thread.RLock object owner=0 count=0 at 0x0000015834198030>>
[WARNING]2021-06-15 09:53:57,939: use mockAgvCtrl
[INFO]2021-06-15 09:53:57,944: create lock <lock name:mapMgr.lock,<unlocked _thread.RLock object owner=0 count=0 at 0x000001583239CC88>>
[INFO]2021-06-15 09:53:58,216: create lock <lock name:agvList.g_agvLock,<unlocked _thread.RLock object owner=0 count=0 at 0x00000158341CFF58>>
[INFO]2021-06-15 09:53:58,222: create lock <lock name:taskList.lock,<unlocked _thread.RLock object owner=0 count=0 at 0x0000015834249FA8>>
[INFO]2021-06-15 09:53:58,282: charge policy 1 , fix time
[INFO]2021-06-15 09:53:58,316: create lock <lock name:agvApi.g_lock,<unlocked _thread.RLock object owner=0 count=0 at 0x00000158342C23A0>>
[INFO]2021-06-15 09:53:58,935: start load map C:\Users\Administrator\Desktop\SVN\美维\MeiWei_back_0421\agvCtrl\projects\test\AKM2F.smap
[DEBUG]2021-06-15 09:53:59,038: elevator thread start
[INFO]2021-06-15 09:53:59,057: load map C:\Users\Administrator\Desktop\SVN\美维\MeiWei_back_0421\agvCtrl\projects\test\AKM2F.smap ,used 130 ms
[INFO]2021-06-15 09:53:59,067: start load map C:\Users\Administrator\Desktop\SVN\美维\MeiWei_back_0421\agvCtrl\projects\test\akmsmt.smap
[INFO]2021-06-15 09:53:59,117: load map C:\Users\Administrator\Desktop\SVN\美维\MeiWei_back_0421\agvCtrl\projects\test\akmsmt.smap ,used 59 ms
[INFO]2021-06-15 09:53:59,127: start load map C:\Users\Administrator\Desktop\SVN\美维\MeiWei_back_0421\agvCtrl\projects\test\akmsmtMap.smap
[INFO]2021-06-15 09:53:59,257: load map C:\Users\Administrator\Desktop\SVN\美维\MeiWei_back_0421\agvCtrl\projects\test\akmsmtMap.smap ,used 138 ms
[INFO]2021-06-15 09:53:59,268: start load map C:\Users\Administrator\Desktop\SVN\美维\MeiWei_back_0421\agvCtrl\projects\test\desai-all-20191223.smap
[INFO]2021-06-15 09:53:59,392: load map C:\Users\Administrator\Desktop\SVN\美维\MeiWei_back_0421\agvCtrl\projects\test\desai-all-20191223.smap ,used 133 ms
[INFO]2021-06-15 09:53:59,404: start load map C:\Users\Administrator\Desktop\SVN\美维\MeiWei_back_0421\agvCtrl\projects\test\meiwei423.smap
[INFO]2021-06-15 09:53:59,478: load map C:\Users\Administrator\Desktop\SVN\美维\MeiWei_back_0421\agvCtrl\projects\test\meiwei423.smap ,used 82 ms
[INFO]2021-06-15 09:53:59,487: start load map C:\Users\Administrator\Desktop\SVN\美维\MeiWei_back_0421\agvCtrl\projects\test\meiwei428.smap
[INFO]2021-06-15 09:53:59,537: load map C:\Users\Administrator\Desktop\SVN\美维\MeiWei_back_0421\agvCtrl\projects\test\meiwei428.smap ,used 57 ms
[INFO]2021-06-15 09:53:59,541: import agvDevice.main_agvDevice
[INFO]2021-06-15 09:53:59,542: import akmCtrl.main_akmCtrl
[INFO]2021-06-15 09:53:59,566: create lock <lock name:runTasks.g_lock,<unlocked _thread.RLock object owner=0 count=0 at 0x0000015834756378>>
[INFO]2021-06-15 09:53:59,579: create lock <lock name:agvApi.g_lock,<unlocked _thread.RLock object owner=0 count=0 at 0x00000158347D5990>>
[INFO]2021-06-15 09:53:59,606: create lock <lock name:runTasks.pre_lock,<unlocked _thread.RLock object owner=0 count=0 at 0x00000158346BADC8>>
[INFO]2021-06-15 09:53:59,607: create lock <lock name:timer.lock_1478389015608,<unlocked _thread.RLock object owner=0 count=0 at 0x00000158346A1490>>
[INFO]2021-06-15 09:53:59,612: create lock <lock name:mapMgr.lock,<unlocked _thread.RLock object owner=0 count=0 at 0x0000015832F9A198>>
[INFO]2021-06-15 09:53:59,659: import alarm.main_alarm
[INFO]2021-06-15 09:53:59,669: import auth.main_auth
[INFO]2021-06-15 09:54:00,054: import door.main_door
[INFO]2021-06-15 09:54:00,059: import elevator.main_elevator
[INFO]2021-06-15 09:54:00,065: create lock <lock name:elevatorApi.g_lock,<unlocked _thread.RLock object owner=0 count=0 at 0x0000015832F9AC88>>
[INFO]2021-06-15 09:54:00,066: import feed.main_feed
[INFO]2021-06-15 09:54:00,071: IP: 0.0.0.0 port: 10001
[INFO]2021-06-15 09:54:00,073: import remoteio.main_remoteio
[SUCC]2021-06-15 09:54:00,090: utility start, pid=4688, ppid=8372
[DEBUG]2021-06-15 09:54:00,090: start timer
[INFO]2021-06-15 09:54:00,104: load agv file: C:\Users\Administrator\Desktop\SVN\美维\MeiWei_back_0421\agvCtrl/projects/test/agv.cfg
[INFO]2021-06-15 09:54:00,110: create lock <lock name:agvList.AGV30.lock,<unlocked _thread.RLock object owner=0 count=0 at 0x0000015835625670>>
[DEBUG]2021-06-15 09:54:00,114: create aliveObj AGV30 AGV离线异常 timeout 300
[INFO]2021-06-15 09:54:00,119: AGV30 start agvList run thread
[INFO]2021-06-15 09:54:00,119: AGV30 start agvList run2 thread
[ERROR]2021-06-15 09:54:00,127: agv check init error False
[DEBUG]2021-06-15 09:54:00,127: start timer
[WARNING]2021-06-15 09:54:00,139: Local server start! version 3.7.3, path C:\Users\Administrator\Desktop\SVN\美维\MeiWei_back_0421\common, pid 4688
[INFO]2021-06-15 09:54:00,140: add_ignore: taskStatus
[INFO]2021-06-15 09:54:00,142: add_ignore: api/elevator/status
[INFO]2021-06-15 09:54:00,145: add_ignore: scada/getTask
[INFO]2021-06-15 09:54:00,255: tcp server [0.0.0.0][10001] ,connectedLen: 1, tcp connected 192.168.252.159:10001 <--> 192.168.252.148:61958
[INFO]2021-06-15 09:54:00,641: AGV30 current map meiwei428
[INFO]2021-06-15 09:54:00,644: AGV30 is online
[DEBUG]2021-06-15 09:54:01,158: GET: http://127.0.0.1:5551/api/agv/init?appName=MeiWeiTask addr: 127.0.0.1
[INFO]2021-06-15 09:54:01,160: MeiWeiTask init client agvApi
[DEBUG]2021-06-15 09:54:01,164: used 6ms 200 OK application/json;charset=utf-8, GET: http://127.0.0.1:5551/api/agv/init?appName=MeiWeiTask
[DEBUG]2021-06-15 09:54:04,322: GET: http://127.0.0.1:5551/api/agv/startCharge?appName=MeiWeiTask addr: 127.0.0.1
[DEBUG]2021-06-15 09:54:04,379: used 57ms 200 OK application/json;charset=utf-8, GET: http://127.0.0.1:5551/api/agv/startCharge?appName=MeiWeiTask
[WARNING]2021-06-15 09:54:04,442: timer_thread[tid:3584] <lock name:runTasks.g_lock,<locked _thread.RLock object owner=3584 count=1 at 0x0000015834756378>> ,hold 3300 ms
[INFO]2021-06-15 09:54:04,829: name=timer_thread, pid=4688, tid=3584
[01] File "C:/Python37/lib/threading.py", line 865, in run() 
[02] File "../common/mytimer.py", line 113, in _loop() 
[03] File "../common/lock.py", line 122, in _call() 
[04] File "../common/lock.py", line 100, in release() 
[05] File "C:/Users/Administrator/Desktop/SVN/美维/MeiWei_back_0421/common/enhance.py", line 258, in getTrace() 
[06] File "C:/Users/Administrator/Desktop/SVN/美维/MeiWei_back_0421/common/enhance.py", line 240, in getThreadStack()
[INFO]2021-06-15 09:54:10,268: tcp server [0.0.0.0][10001] ,connectedLen: 1, disconnect:  192.168.252.159:10001 <--> 192.168.252.148:61958
[WARNING]2021-06-15 09:54:10,316: disconnect 192.168.252.159:10001 <--> 192.168.252.148:61958
[INFO]2021-06-15 09:54:10,467: tcp server [0.0.0.0][10001] ,connectedLen: 1, tcp connected 192.168.252.159:10001 <--> 192.168.252.148:61959
[INFO]2021-06-15 09:54:20,618: tcp server [0.0.0.0][10001] ,connectedLen: 1, disconnect:  192.168.252.159:10001 <--> 192.168.252.148:61959
[WARNING]2021-06-15 09:54:20,680: disconnect 192.168.252.159:10001 <--> 192.168.252.148:61959
[INFO]2021-06-15 09:54:20,789: tcp server [0.0.0.0][10001] ,connectedLen: 1, tcp connected 192.168.252.159:10001 <--> 192.168.252.148:61960
[INFO]2021-06-15 09:54:30,869: tcp server [0.0.0.0][10001] ,connectedLen: 1, disconnect:  192.168.252.159:10001 <--> 192.168.252.148:61960
[WARNING]2021-06-15 09:54:30,961: disconnect 192.168.252.159:10001 <--> 192.168.252.148:61960
[INFO]2021-06-15 09:54:31,132: tcp server [0.0.0.0][10001] ,connectedLen: 1, tcp connected 192.168.252.159:10001 <--> 192.168.252.148:61961
[INFO]2021-06-15 09:54:31,757: {'21': {'loc': 'Locl', 'map': 'meiwei428'}, '23': {'loc': 'Loc2', 'map': 'meiwei428'}}
[INFO]2021-06-15 09:54:31,819: 测试添加任务，起点和目的地，固化在下面的方法中
[INFO]2021-06-15 09:54:31,880: 21 0
[INFO]2021-06-15 09:54:31,942: ----------
[INFO]2021-06-15 09:54:32,020: <function g_allowNext at 0x00000158347D2158>
[INFO]2021-06-15 09:54:32,098: ----------------------------------addTaskByButton-----
[INFO]2021-06-15 09:54:32,206: source Loc8
[INFO]2021-06-15 09:54:32,251: target Locl
[INFO]2021-06-15 09:54:32,312: payloadId None
[INFO]2021-06-15 09:54:32,373: devID 21
[INFO]2021-06-15 09:54:32,421: ----------------------scadaTask----------------
[INFO]2021-06-15 09:54:32,498: Loc8 Locl 21
[INFO]2021-06-15 09:54:32,529: unload
[INFO]2021-06-15 09:54:32,605: create task[60c80858b7d4339322b8a150]: type= scadaTask , 从Loc8运送货架到Locl {'source': 'Loc8', 'target': 'Locl', 'payloadId': None, 'priority': 1, 'type': 'scadaTask', 'taskName': '从Loc8运送货架到Locl', 'createTime': datetime.datetime(2021, 6, 15, 9, 54, 32, 591288), 'updateTime': datetime.datetime(2021, 6, 15, 9, 54, 32, 591288), 'startTime': None, 'endTime': None, 'status': 'waiting', 'step': 'waiting', 'failMsg': None, 'history': [], '_id': ObjectId('60c80858b7d4339322b8a150')}
[INFO]2021-06-15 09:54:32,668: 60c80858b7d4339322b8a150
[WARNING]2021-06-15 09:54:32,931: task[60c80858b7d4339322b8a150]: failed, {'failMsg': "can't find target-Locl info", 'endTime': datetime.datetime(2021, 6, 15, 9, 54, 32, 900777), 'status': 'fail'}
[INFO]2021-06-15 09:54:32,994: {'prepoint': '10', 'location': '8', 'floorId': 'meiwei428', 'direction': None, 'payloadId': None, 'p_direction': 0.0, 'WorkPlace': 'true'}
[INFO]2021-06-15 09:54:33,069: task[60c80858b7d4339322b8a150]:  start {'failMsg': '任务等待执行', 'startTime': datetime.datetime(2021, 6, 15, 9, 54, 33, 53370), 'updateTime': datetime.datetime(2021, 6, 15, 9, 54, 33, 53370), 'status': 'running'}
[INFO]2021-06-15 09:54:33,316: ===========================> waiting
[INFO]2021-06-15 09:54:33,452: task[60c80858b7d4339322b8a150] update info: {'failMsg': '等待分配小车', 'updateTime': datetime.datetime(2021, 6, 15, 9, 54, 33, 437910)}
[CRITICAL]2021-06-15 09:54:33,670: invoke <function scadaTask._taskFunc at 0x0000015832F84730> cause a error: 'NoneType' object is not subscriptable
pid=4688, ppid=8372, tid=14512
Traceback (most recent call last):
  File "C:\Users\Administrator\Desktop\SVN\美维\MeiWei_back_0421\akmCtrl\beans\scadaTaskBean.py", line 830, in _taskFunc
    log.debug(str(self), old, "->", self.taskStep)
  File "C:\Users\Administrator\Desktop\SVN\美维\MeiWei_back_0421\akmCtrl\beans\scadaTaskBean.py", line 170, in __str__
    self.taskId, a, self.s_info["location"], self.s_info["prepoint"], self.t_info["location"],self.t_info["prepoint"], self.taskStep)
TypeError: 'NoneType' object is not subscriptable

During handling of the above exception, another exception occurred:

Traceback (most recent call last):
  File "..\common\utility.py", line 167, in __call
    return func(*p,**pp)
  File "C:\Users\Administrator\Desktop\SVN\美维\MeiWei_back_0421\akmCtrl\beans\scadaTaskBean.py", line 836, in _taskFunc
    log.exception("taskFunc2:" + str(self), e)
  File "C:\Users\Administrator\Desktop\SVN\美维\MeiWei_back_0421\akmCtrl\beans\scadaTaskBean.py", line 170, in __str__
    self.taskId, a, self.s_info["location"], self.s_info["prepoint"], self.t_info["location"],self.t_info["prepoint"], self.taskStep)
TypeError: 'NoneType' object is not subscriptable

[INFO]2021-06-15 09:54:43,015: tcp server [0.0.0.0][10001] ,connectedLen: 1, disconnect:  192.168.252.159:10001 <--> 192.168.252.148:61961
[INFO]2021-06-15 09:59:32,119: tcp server [0.0.0.0][10001] ,connectedLen: 2, tcp connected 192.168.252.159:10001 <--> 192.168.252.148:61962
[INFO]2021-06-15 10:01:03,957: name=Thread-7, pid=4688, tid=10612
[01] File "C:/Python37/lib/threading.py", line 865, in run() 
[02] File "C:/Users/Administrator/Desktop/SVN/美维/MeiWei_back_0421/feed/main_feed.py", line 186, in _handle() 
[03] File "C:/Users/Administrator/Desktop/SVN/美维/MeiWei_back_0421/common/tcpSocket.py", line 58, in closeClient() 
[04] File "C:/Users/Administrator/Desktop/SVN/美维/MeiWei_back_0421/common/log.py", line 210, in info() 
[05] File "C:/Python37/lib/logging/__init__.py", line 1383, in info() 
[06] File "C:/Python37/lib/logging/__init__.py", line 1519, in _log() 
[07] File "C:/Python37/lib/logging/__init__.py", line 1529, in handle() 
[08] File "C:/Python37/lib/logging/__init__.py", line 1591, in callHandlers() 
[09] File "C:/Python37/lib/logging/__init__.py", line 905, in handle() 
[10] File "C:/Users/Administrator/Desktop/SVN/美维/MeiWei_back_0421/common/winConsole.py", line 104, in emit() 
[11] File "C:/Users/Administrator/Desktop/SVN/美维/MeiWei_back_0421/common/winConsole.py", line 74, in printColor() 

name=Thread-4, pid=4688, tid=15700
[01] File "C:/Python37/lib/threading.py", line 865, in run() 
[02] File "../agvCtrl/agvApi.py", line 239, in _checkFinish() 

name=agv.hasDeadlock, pid=4688, tid=12736
[01] File "C:/Python37/lib/threading.py", line 865, in run() 
[02] File "C:/Users/Administrator/Desktop/SVN/美维/MeiWei_back_0421/agvCtrl/agvControl.py", line 1024, in _threadFunc() 

name=worker 9, pid=4688, tid=16604
[01] File "C:/Python37/lib/threading.py", line 865, in run() 
[02] File "C:/Python37/lib/site-packages/paste/httpserver.py", line 891, in worker_thread_callback() 
[03] File "C:/Python37/lib/queue.py", line 170, in get() 
[04] File "C:/Python37/lib/threading.py", line 296, in wait() 

name=worker 8, pid=4688, tid=16504
[01] File "C:/Python37/lib/threading.py", line 865, in run() 
[02] File "C:/Python37/lib/site-packages/paste/httpserver.py", line 891, in worker_thread_callback() 
[03] File "C:/Python37/lib/queue.py", line 170, in get() 
[04] File "C:/Python37/lib/threading.py", line 296, in wait() 

name=worker 7, pid=4688, tid=8848
[01] File "C:/Python37/lib/threading.py", line 865, in run() 
[02] File "C:/Python37/lib/site-packages/paste/httpserver.py", line 891, in worker_thread_callback() 
[03] File "C:/Python37/lib/queue.py", line 170, in get() 
[04] File "C:/Python37/lib/threading.py", line 296, in wait() 

name=worker 6, pid=4688, tid=17368
[01] File "C:/Python37/lib/threading.py", line 865, in run() 
[02] File "C:/Python37/lib/site-packages/paste/httpserver.py", line 891, in worker_thread_callback() 
[03] File "C:/Python37/lib/queue.py", line 170, in get() 
[04] File "C:/Python37/lib/threading.py", line 296, in wait() 

name=worker 5, pid=4688, tid=8240
[01] File "C:/Python37/lib/threading.py", line 865, in run() 
[02] File "C:/Python37/lib/site-packages/paste/httpserver.py", line 891, in worker_thread_callback() 
[03] File "C:/Python37/lib/queue.py", line 170, in get() 
[04] File "C:/Python37/lib/threading.py", line 296, in wait() 

name=worker 4, pid=4688, tid=16768
[01] File "C:/Python37/lib/threading.py", line 865, in run() 
[02] File "C:/Python37/lib/site-packages/paste/httpserver.py", line 891, in worker_thread_callback() 
[03] File "C:/Python37/lib/queue.py", line 170, in get() 
[04] File "C:/Python37/lib/threading.py", line 296, in wait() 

name=worker 3, pid=4688, tid=9080
[01] File "C:/Python37/lib/threading.py", line 865, in run() 
[02] File "C:/Python37/lib/site-packages/paste/httpserver.py", line 891, in worker_thread_callback() 
[03] File "C:/Python37/lib/queue.py", line 170, in get() 
[04] File "C:/Python37/lib/threading.py", line 296, in wait() 

name=worker 2, pid=4688, tid=15972
[01] File "C:/Python37/lib/threading.py", line 865, in run() 
[02] File "C:/Python37/lib/site-packages/paste/httpserver.py", line 891, in worker_thread_callback() 
[03] File "C:/Python37/lib/queue.py", line 170, in get() 
[04] File "C:/Python37/lib/threading.py", line 296, in wait() 

name=worker 1, pid=4688, tid=11044
[01] File "C:/Python37/lib/threading.py", line 865, in run() 
[02] File "C:/Python37/lib/site-packages/paste/httpserver.py", line 891, in worker_thread_callback() 
[03] File "C:/Python37/lib/queue.py", line 170, in get() 
[04] File "C:/Python37/lib/threading.py", line 296, in wait() 

name=worker 0, pid=4688, tid=8672
[01] File "C:/Python37/lib/threading.py", line 865, in run() 
[02] File "C:/Python37/lib/site-packages/paste/httpserver.py", line 891, in worker_thread_callback() 
[03] File "C:/Python37/lib/queue.py", line 170, in get() 
[04] File "C:/Python37/lib/threading.py", line 296, in wait() 

name=timer_thread, pid=4688, tid=3584
[01] File "C:/Python37/lib/threading.py", line 865, in run() 
[02] File "../common/mytimer.py", line 117, in _loop() 

name=agvThread2.AGV30, pid=4688, tid=15712
[01] File "C:/Python37/lib/threading.py", line 865, in run() 
[02] File "C:/Users/Administrator/Desktop/SVN/美维/MeiWei_back_0421/agvCtrl/agvList.py", line 601, in run2() 

name=agvThread.AGV30, pid=4688, tid=15100
[01] File "C:/Python37/lib/threading.py", line 865, in run() 
[02] File "C:/Users/Administrator/Desktop/SVN/美维/MeiWei_back_0421/agvCtrl/agvList.py", line 589, in run() 

name=timer_thread, pid=4688, tid=16392
[01] File "C:/Python37/lib/threading.py", line 865, in run() 
[02] File "C:/Users/Administrator/Desktop/SVN/美维/MeiWei_back_0421/common/mytimer.py", line 117, in _loop() 

name=tcplisten.port_10001, pid=4688, tid=10628
[01] File "C:/Python37/lib/threading.py", line 865, in run() 
[02] File "C:/Users/Administrator/Desktop/SVN/美维/MeiWei_back_0421/common/tcpSocket.py", line 74, in _acceptThread() 
[03] File "C:/Users/Administrator/Desktop/SVN/美维/MeiWei_back_0421/common/log.py", line 210, in info() 
[04] File "C:/Python37/lib/logging/__init__.py", line 1383, in info() 
[05] File "C:/Python37/lib/logging/__init__.py", line 1519, in _log() 
[06] File "C:/Python37/lib/logging/__init__.py", line 1529, in handle() 
[07] File "C:/Python37/lib/logging/__init__.py", line 1591, in callHandlers() 
[08] File "C:/Python37/lib/logging/__init__.py", line 903, in handle() 
[09] File "C:/Python37/lib/logging/__init__.py", line 854, in acquire() 

name=Thread-1, pid=4688, tid=13948
[01] File "C:/Python37/lib/threading.py", line 865, in run() 
[02] File "C:/Users/Administrator/Desktop/SVN/美维/MeiWei_back_0421/agvCtrl/main_agv.py", line 332, in showThread() 
[03] File "C:/Users/Administrator/Desktop/SVN/美维/MeiWei_back_0421/agvCtrl/agvControl.py", line 1369, in show() 
[04] File "C:/Users/Administrator/Desktop/SVN/美维/MeiWei_back_0421/agvCtrl/mainFrame.py", line 236, in show() 

name=door.meiwei428.ping, pid=4688, tid=3920
[01] File "C:/Python37/lib/threading.py", line 865, in run() 
[02] File "C:/Users/Administrator/Desktop/SVN/美维/MeiWei_back_0421/agvCtrl/doorMgr.py", line 194, in check() 

name=door.meiwei428, pid=4688, tid=17304
[01] File "C:/Python37/lib/threading.py", line 865, in run() 
[02] File "C:/Users/Administrator/Desktop/SVN/美维/MeiWei_back_0421/agvCtrl/doorMgr.py", line 185, in run() 

name=door.meiwei423.ping, pid=4688, tid=15888
[01] File "C:/Python37/lib/threading.py", line 865, in run() 
[02] File "C:/Users/Administrator/Desktop/SVN/美维/MeiWei_back_0421/agvCtrl/doorMgr.py", line 194, in check() 

name=door.meiwei423, pid=4688, tid=15988
[01] File "C:/Python37/lib/threading.py", line 865, in run() 
[02] File "C:/Users/Administrator/Desktop/SVN/美维/MeiWei_back_0421/agvCtrl/doorMgr.py", line 185, in run() 

name=door.desai-all-20191223.ping, pid=4688, tid=7336
[01] File "C:/Python37/lib/threading.py", line 865, in run() 
[02] File "C:/Users/Administrator/Desktop/SVN/美维/MeiWei_back_0421/agvCtrl/doorMgr.py", line 194, in check() 

name=door.desai-all-20191223, pid=4688, tid=2372
[01] File "C:/Python37/lib/threading.py", line 865, in run() 
[02] File "C:/Users/Administrator/Desktop/SVN/美维/MeiWei_back_0421/agvCtrl/doorMgr.py", line 185, in run() 

name=door.akmsmtMap.ping, pid=4688, tid=8652
[01] File "C:/Python37/lib/threading.py", line 865, in run() 
[02] File "C:/Users/Administrator/Desktop/SVN/美维/MeiWei_back_0421/agvCtrl/doorMgr.py", line 194, in check() 

name=door.akmsmtMap, pid=4688, tid=17168
[01] File "C:/Python37/lib/threading.py", line 865, in run() 
[02] File "C:/Users/Administrator/Desktop/SVN/美维/MeiWei_back_0421/agvCtrl/doorMgr.py", line 185, in run() 

name=door.akmsmt.ping, pid=4688, tid=7412
[01] File "C:/Python37/lib/threading.py", line 865, in run() 
[02] File "C:/Users/Administrator/Desktop/SVN/美维/MeiWei_back_0421/agvCtrl/doorMgr.py", line 194, in check() 

name=door.akmsmt, pid=4688, tid=17072
[01] File "C:/Python37/lib/threading.py", line 865, in run() 
[02] File "C:/Users/Administrator/Desktop/SVN/美维/MeiWei_back_0421/agvCtrl/doorMgr.py", line 185, in run() 

name=elevator.keep, pid=4688, tid=4000
[01] File "C:/Python37/lib/threading.py", line 865, in run() 
[02] File "C:/Users/Administrator/Desktop/SVN/美维/MeiWei_back_0421/agvCtrl/elevatorMgr.py", line 497, in keepOpenThread() 

name=door.AKM2F.ping, pid=4688, tid=16304
[01] File "C:/Python37/lib/threading.py", line 865, in run() 
[02] File "C:/Users/Administrator/Desktop/SVN/美维/MeiWei_back_0421/agvCtrl/doorMgr.py", line 194, in check() 

name=door.AKM2F, pid=4688, tid=12344
[01] File "C:/Python37/lib/threading.py", line 865, in run() 
[02] File "C:/Users/Administrator/Desktop/SVN/美维/MeiWei_back_0421/agvCtrl/doorMgr.py", line 185, in run() 

name=pymongo_kill_cursors_thread, pid=4688, tid=2896
[01] File "C:/Python37/lib/threading.py", line 865, in run() 
[02] File "C:/Python37/lib/site-packages/pymongo/periodic_executor.py", line 140, in _run() 

name=pymongo_server_monitor_thread, pid=4688, tid=400
[01] File "C:/Python37/lib/threading.py", line 865, in run() 
[02] File "C:/Python37/lib/site-packages/pymongo/periodic_executor.py", line 140, in _run() 
[03] File "C:/Python37/lib/site-packages/pymongo/monitor.py", line 47, in target() 
[04] File "C:/Python37/lib/site-packages/pymongo/monitor.py", line 196, in _run() 
[05] File "C:/Python37/lib/site-packages/pymongo/monitor.py", line 206, in _check_server() 
[06] File "C:/Python37/lib/site-packages/pymongo/monitor.py", line 251, in _check_once() 
[07] File "C:/Python37/lib/site-packages/pymongo/monitor.py", line 274, in _check_with_socket() 
[08] File "C:/Python37/lib/site-packages/pymongo/pool.py", line 602, in _ismaster() 
[09] File "C:/Python37/lib/site-packages/pymongo/pool.py", line 694, in command() 
[10] File "C:/Python37/lib/site-packages/pymongo/network.py", line 183, in command() 

name=tcplisten.port_6789, pid=4688, tid=16920
[01] File "C:/Python37/lib/threading.py", line 865, in run() 
[02] File "C:/Users/Administrator/Desktop/SVN/美维/MeiWei_back_0421/common/tcpSocket.py", line 66, in _acceptThread() 
[03] File "C:/Python37/lib/socket.py", line 212, in accept() 

name=MainThread, pid=4688, tid=1120
[01] File "run_all.py", line 60, in <module>() 
[02] File "C:/Users/Administrator/Desktop/SVN/美维/MeiWei_back_0421/common/webutility.py", line 319, in run() 
[03] File "C:/Python37/lib/site-packages/bottle.py", line 3133, in run() 
[04] File "C:/Python37/lib/site-packages/bottle.py", line 2830, in run() 
[05] File "C:/Python37/lib/site-packages/paste/httpserver.py", line 1361, in serve() 
[06] File "C:/Python37/lib/site-packages/paste/httpserver.py", line 1107, in serve_forever() 
[07] File "C:/Python37/lib/socketserver.py", line 294, in handle_request() 
[08] File "C:/Python37/lib/selectors.py", line 323, in select() 
[09] File "C:/Python37/lib/selectors.py", line 314, in _select() 
[10] File "../common/utility.py", line 598, in exit() 
[11] File "C:/Users/Administrator/Desktop/SVN/美维/MeiWei_back_0421/common/enhance.py", line 256, in getTrace() 
[12] File "C:/Users/Administrator/Desktop/SVN/美维/MeiWei_back_0421/common/enhance.py", line 240, in getThreadStack()
