[CRITICAL]2021-05-11 15:45:24,199: invoke <function scadaTask._taskFunc at 0x000002A8A733B840> cause a error: 'NoneType' object is not subscriptable
pid=5712, ppid=144, tid=13328
Traceback (most recent call last):
  File "C:\Users\Administrator\Desktop\SVN\branches\pharmapackCtrl\runTasks.py", line 740, in _taskFunc
    log.debug(str(self),old,"->",self.taskStep)
  File "C:\Users\Administrator\Desktop\SVN\branches\pharmapackCtrl\runTasks.py", line 300, in __str__
    s = "task[%s][%s] %s(%s) -> %s(%s) [%s]"%(self.taskId,a,self.s_info["location"],self.s_info["prepoint"],self.t_info["location"],self.t_info["prepoint"],self.taskStep)
TypeError: 'NoneType' object is not subscriptable

During handling of the above exception, another exception occurred:

Traceback (most recent call last):
  File "C:\Users\Administrator\Desktop\SVN\branches\common\utility.py", line 167, in __call
    return func(*p,**pp)
  File "C:\Users\Administrator\Desktop\SVN\branches\pharmapackCtrl\runTasks.py", line 746, in _taskFunc
    log.exception("taskFunc2:"+str(self),e)
  File "C:\Users\Administrator\Desktop\SVN\branches\pharmapackCtrl\runTasks.py", line 300, in __str__
    s = "task[%s][%s] %s(%s) -> %s(%s) [%s]"%(self.taskId,a,self.s_info["location"],self.s_info["prepoint"],self.t_info["location"],self.t_info["prepoint"],self.taskStep)
TypeError: 'NoneType' object is not subscriptable

