[CRITICAL]2021-03-17 09:47:27,007: invoke <function urlcheckInitStatus at 0x0000026290286620> cause a error: module 'driver.seerAgv.mockAgvCtrl' has no attribute 'checkInitSuccess'
pid=13500, ppid=12948, tid=2672
Traceback (most recent call last):
  File "C:\Users\Administrator\Desktop\SVN\branches\common\scadaUtility.py", line 45, in __call
    ret = func(*p,**pp)
  File "C:\Users\Administrator\Desktop\SVN\branches\agvDevice\main_agvDevice.py", line 49, in urlcheckInitStatus
    return jackMgr.checkInitStatus(agvId=agvId, timeout=timeout)
  File "C:\Users\Administrator\Desktop\SVN\branches\agvDevice\jackMgr.py", line 53, in checkInitStatus
    ret=agvCtrl.checkInitSuccess(agvId)
AttributeError: module 'driver.seerAgv.mockAgvCtrl' has no attribute 'checkInitSuccess'

[CRITICAL]2021-03-17 09:47:37,345: invoke <function urlcheckInitStatus at 0x0000026290286620> cause a error: module 'driver.seerAgv.mockAgvCtrl' has no attribute 'checkInitSuccess'
pid=13500, ppid=12948, tid=5880
Traceback (most recent call last):
  File "C:\Users\Administrator\Desktop\SVN\branches\common\scadaUtility.py", line 45, in __call
    ret = func(*p,**pp)
  File "C:\Users\Administrator\Desktop\SVN\branches\agvDevice\main_agvDevice.py", line 49, in urlcheckInitStatus
    return jackMgr.checkInitStatus(agvId=agvId, timeout=timeout)
  File "C:\Users\Administrator\Desktop\SVN\branches\agvDevice\jackMgr.py", line 53, in checkInitStatus
    ret=agvCtrl.checkInitSuccess(agvId)
AttributeError: module 'driver.seerAgv.mockAgvCtrl' has no attribute 'checkInitSuccess'

[CRITICAL]2021-03-17 09:47:46,906: invoke <function urlcheckInitStatus at 0x0000026290286620> cause a error: module 'driver.seerAgv.mockAgvCtrl' has no attribute 'checkInitSuccess'
pid=13500, ppid=12948, tid=4368
Traceback (most recent call last):
  File "C:\Users\Administrator\Desktop\SVN\branches\common\scadaUtility.py", line 45, in __call
    ret = func(*p,**pp)
  File "C:\Users\Administrator\Desktop\SVN\branches\agvDevice\main_agvDevice.py", line 49, in urlcheckInitStatus
    return jackMgr.checkInitStatus(agvId=agvId, timeout=timeout)
  File "C:\Users\Administrator\Desktop\SVN\branches\agvDevice\jackMgr.py", line 53, in checkInitStatus
    ret=agvCtrl.checkInitSuccess(agvId)
AttributeError: module 'driver.seerAgv.mockAgvCtrl' has no attribute 'checkInitSuccess'

[CRITICAL]2021-03-17 09:47:56,890: invoke <function urlcheckInitStatus at 0x0000026290286620> cause a error: module 'driver.seerAgv.mockAgvCtrl' has no attribute 'checkInitSuccess'
pid=13500, ppid=12948, tid=4776
Traceback (most recent call last):
  File "C:\Users\Administrator\Desktop\SVN\branches\common\scadaUtility.py", line 45, in __call
    ret = func(*p,**pp)
  File "C:\Users\Administrator\Desktop\SVN\branches\agvDevice\main_agvDevice.py", line 49, in urlcheckInitStatus
    return jackMgr.checkInitStatus(agvId=agvId, timeout=timeout)
  File "C:\Users\Administrator\Desktop\SVN\branches\agvDevice\jackMgr.py", line 53, in checkInitStatus
    ret=agvCtrl.checkInitSuccess(agvId)
AttributeError: module 'driver.seerAgv.mockAgvCtrl' has no attribute 'checkInitSuccess'

[CRITICAL]2021-03-17 09:48:07,061: invoke <function urlcheckInitStatus at 0x0000026290286620> cause a error: module 'driver.seerAgv.mockAgvCtrl' has no attribute 'checkInitSuccess'
pid=13500, ppid=12948, tid=13408
Traceback (most recent call last):
  File "C:\Users\Administrator\Desktop\SVN\branches\common\scadaUtility.py", line 45, in __call
    ret = func(*p,**pp)
  File "C:\Users\Administrator\Desktop\SVN\branches\agvDevice\main_agvDevice.py", line 49, in urlcheckInitStatus
    return jackMgr.checkInitStatus(agvId=agvId, timeout=timeout)
  File "C:\Users\Administrator\Desktop\SVN\branches\agvDevice\jackMgr.py", line 53, in checkInitStatus
    ret=agvCtrl.checkInitSuccess(agvId)
AttributeError: module 'driver.seerAgv.mockAgvCtrl' has no attribute 'checkInitSuccess'

[CRITICAL]2021-03-17 09:48:17,048: invoke <function urlcheckInitStatus at 0x0000026290286620> cause a error: module 'driver.seerAgv.mockAgvCtrl' has no attribute 'checkInitSuccess'
pid=13500, ppid=12948, tid=12636
Traceback (most recent call last):
  File "C:\Users\Administrator\Desktop\SVN\branches\common\scadaUtility.py", line 45, in __call
    ret = func(*p,**pp)
  File "C:\Users\Administrator\Desktop\SVN\branches\agvDevice\main_agvDevice.py", line 49, in urlcheckInitStatus
    return jackMgr.checkInitStatus(agvId=agvId, timeout=timeout)
  File "C:\Users\Administrator\Desktop\SVN\branches\agvDevice\jackMgr.py", line 53, in checkInitStatus
    ret=agvCtrl.checkInitSuccess(agvId)
AttributeError: module 'driver.seerAgv.mockAgvCtrl' has no attribute 'checkInitSuccess'

[CRITICAL]2021-03-17 09:48:26,822: invoke <function urlcheckInitStatus at 0x0000026290286620> cause a error: module 'driver.seerAgv.mockAgvCtrl' has no attribute 'checkInitSuccess'
pid=13500, ppid=12948, tid=5908
Traceback (most recent call last):
  File "C:\Users\Administrator\Desktop\SVN\branches\common\scadaUtility.py", line 45, in __call
    ret = func(*p,**pp)
  File "C:\Users\Administrator\Desktop\SVN\branches\agvDevice\main_agvDevice.py", line 49, in urlcheckInitStatus
    return jackMgr.checkInitStatus(agvId=agvId, timeout=timeout)
  File "C:\Users\Administrator\Desktop\SVN\branches\agvDevice\jackMgr.py", line 53, in checkInitStatus
    ret=agvCtrl.checkInitSuccess(agvId)
AttributeError: module 'driver.seerAgv.mockAgvCtrl' has no attribute 'checkInitSuccess'

[CRITICAL]2021-03-17 09:48:36,575: invoke <function urlcheckInitStatus at 0x0000026290286620> cause a error: module 'driver.seerAgv.mockAgvCtrl' has no attribute 'checkInitSuccess'
pid=13500, ppid=12948, tid=14000
Traceback (most recent call last):
  File "C:\Users\Administrator\Desktop\SVN\branches\common\scadaUtility.py", line 45, in __call
    ret = func(*p,**pp)
  File "C:\Users\Administrator\Desktop\SVN\branches\agvDevice\main_agvDevice.py", line 49, in urlcheckInitStatus
    return jackMgr.checkInitStatus(agvId=agvId, timeout=timeout)
  File "C:\Users\Administrator\Desktop\SVN\branches\agvDevice\jackMgr.py", line 53, in checkInitStatus
    ret=agvCtrl.checkInitSuccess(agvId)
AttributeError: module 'driver.seerAgv.mockAgvCtrl' has no attribute 'checkInitSuccess'

[CRITICAL]2021-03-17 09:48:46,622: invoke <function urlcheckInitStatus at 0x0000026290286620> cause a error: module 'driver.seerAgv.mockAgvCtrl' has no attribute 'checkInitSuccess'
pid=13500, ppid=12948, tid=12792
Traceback (most recent call last):
  File "C:\Users\Administrator\Desktop\SVN\branches\common\scadaUtility.py", line 45, in __call
    ret = func(*p,**pp)
  File "C:\Users\Administrator\Desktop\SVN\branches\agvDevice\main_agvDevice.py", line 49, in urlcheckInitStatus
    return jackMgr.checkInitStatus(agvId=agvId, timeout=timeout)
  File "C:\Users\Administrator\Desktop\SVN\branches\agvDevice\jackMgr.py", line 53, in checkInitStatus
    ret=agvCtrl.checkInitSuccess(agvId)
AttributeError: module 'driver.seerAgv.mockAgvCtrl' has no attribute 'checkInitSuccess'

[CRITICAL]2021-03-17 09:48:56,346: invoke <function urlcheckInitStatus at 0x0000026290286620> cause a error: module 'driver.seerAgv.mockAgvCtrl' has no attribute 'checkInitSuccess'
pid=13500, ppid=12948, tid=2672
Traceback (most recent call last):
  File "C:\Users\Administrator\Desktop\SVN\branches\common\scadaUtility.py", line 45, in __call
    ret = func(*p,**pp)
  File "C:\Users\Administrator\Desktop\SVN\branches\agvDevice\main_agvDevice.py", line 49, in urlcheckInitStatus
    return jackMgr.checkInitStatus(agvId=agvId, timeout=timeout)
  File "C:\Users\Administrator\Desktop\SVN\branches\agvDevice\jackMgr.py", line 53, in checkInitStatus
    ret=agvCtrl.checkInitSuccess(agvId)
AttributeError: module 'driver.seerAgv.mockAgvCtrl' has no attribute 'checkInitSuccess'

[CRITICAL]2021-03-17 09:49:06,501: invoke <function urlcheckInitStatus at 0x0000026290286620> cause a error: module 'driver.seerAgv.mockAgvCtrl' has no attribute 'checkInitSuccess'
pid=13500, ppid=12948, tid=5880
Traceback (most recent call last):
  File "C:\Users\Administrator\Desktop\SVN\branches\common\scadaUtility.py", line 45, in __call
    ret = func(*p,**pp)
  File "C:\Users\Administrator\Desktop\SVN\branches\agvDevice\main_agvDevice.py", line 49, in urlcheckInitStatus
    return jackMgr.checkInitStatus(agvId=agvId, timeout=timeout)
  File "C:\Users\Administrator\Desktop\SVN\branches\agvDevice\jackMgr.py", line 53, in checkInitStatus
    ret=agvCtrl.checkInitSuccess(agvId)
AttributeError: module 'driver.seerAgv.mockAgvCtrl' has no attribute 'checkInitSuccess'

[CRITICAL]2021-03-17 09:49:16,627: invoke <function urlcheckInitStatus at 0x0000026290286620> cause a error: module 'driver.seerAgv.mockAgvCtrl' has no attribute 'checkInitSuccess'
pid=13500, ppid=12948, tid=4368
Traceback (most recent call last):
  File "C:\Users\Administrator\Desktop\SVN\branches\common\scadaUtility.py", line 45, in __call
    ret = func(*p,**pp)
  File "C:\Users\Administrator\Desktop\SVN\branches\agvDevice\main_agvDevice.py", line 49, in urlcheckInitStatus
    return jackMgr.checkInitStatus(agvId=agvId, timeout=timeout)
  File "C:\Users\Administrator\Desktop\SVN\branches\agvDevice\jackMgr.py", line 53, in checkInitStatus
    ret=agvCtrl.checkInitSuccess(agvId)
AttributeError: module 'driver.seerAgv.mockAgvCtrl' has no attribute 'checkInitSuccess'

[CRITICAL]2021-03-17 09:49:27,135: invoke <function urlcheckInitStatus at 0x0000026290286620> cause a error: module 'driver.seerAgv.mockAgvCtrl' has no attribute 'checkInitSuccess'
pid=13500, ppid=12948, tid=4776
Traceback (most recent call last):
  File "C:\Users\Administrator\Desktop\SVN\branches\common\scadaUtility.py", line 45, in __call
    ret = func(*p,**pp)
  File "C:\Users\Administrator\Desktop\SVN\branches\agvDevice\main_agvDevice.py", line 49, in urlcheckInitStatus
    return jackMgr.checkInitStatus(agvId=agvId, timeout=timeout)
  File "C:\Users\Administrator\Desktop\SVN\branches\agvDevice\jackMgr.py", line 53, in checkInitStatus
    ret=agvCtrl.checkInitSuccess(agvId)
AttributeError: module 'driver.seerAgv.mockAgvCtrl' has no attribute 'checkInitSuccess'

[CRITICAL]2021-03-17 09:49:37,631: invoke <function urlcheckInitStatus at 0x0000026290286620> cause a error: module 'driver.seerAgv.mockAgvCtrl' has no attribute 'checkInitSuccess'
pid=13500, ppid=12948, tid=13408
Traceback (most recent call last):
  File "C:\Users\Administrator\Desktop\SVN\branches\common\scadaUtility.py", line 45, in __call
    ret = func(*p,**pp)
  File "C:\Users\Administrator\Desktop\SVN\branches\agvDevice\main_agvDevice.py", line 49, in urlcheckInitStatus
    return jackMgr.checkInitStatus(agvId=agvId, timeout=timeout)
  File "C:\Users\Administrator\Desktop\SVN\branches\agvDevice\jackMgr.py", line 53, in checkInitStatus
    ret=agvCtrl.checkInitSuccess(agvId)
AttributeError: module 'driver.seerAgv.mockAgvCtrl' has no attribute 'checkInitSuccess'

[CRITICAL]2021-03-17 09:49:47,300: invoke <function urlcheckInitStatus at 0x0000026290286620> cause a error: module 'driver.seerAgv.mockAgvCtrl' has no attribute 'checkInitSuccess'
pid=13500, ppid=12948, tid=12636
Traceback (most recent call last):
  File "C:\Users\Administrator\Desktop\SVN\branches\common\scadaUtility.py", line 45, in __call
    ret = func(*p,**pp)
  File "C:\Users\Administrator\Desktop\SVN\branches\agvDevice\main_agvDevice.py", line 49, in urlcheckInitStatus
    return jackMgr.checkInitStatus(agvId=agvId, timeout=timeout)
  File "C:\Users\Administrator\Desktop\SVN\branches\agvDevice\jackMgr.py", line 53, in checkInitStatus
    ret=agvCtrl.checkInitSuccess(agvId)
AttributeError: module 'driver.seerAgv.mockAgvCtrl' has no attribute 'checkInitSuccess'

[CRITICAL]2021-03-17 09:49:57,726: invoke <function urlcheckInitStatus at 0x0000026290286620> cause a error: module 'driver.seerAgv.mockAgvCtrl' has no attribute 'checkInitSuccess'
pid=13500, ppid=12948, tid=5908
Traceback (most recent call last):
  File "C:\Users\Administrator\Desktop\SVN\branches\common\scadaUtility.py", line 45, in __call
    ret = func(*p,**pp)
  File "C:\Users\Administrator\Desktop\SVN\branches\agvDevice\main_agvDevice.py", line 49, in urlcheckInitStatus
    return jackMgr.checkInitStatus(agvId=agvId, timeout=timeout)
  File "C:\Users\Administrator\Desktop\SVN\branches\agvDevice\jackMgr.py", line 53, in checkInitStatus
    ret=agvCtrl.checkInitSuccess(agvId)
AttributeError: module 'driver.seerAgv.mockAgvCtrl' has no attribute 'checkInitSuccess'

[CRITICAL]2021-03-17 09:50:07,898: invoke <function urlcheckInitStatus at 0x0000026290286620> cause a error: module 'driver.seerAgv.mockAgvCtrl' has no attribute 'checkInitSuccess'
pid=13500, ppid=12948, tid=14000
Traceback (most recent call last):
  File "C:\Users\Administrator\Desktop\SVN\branches\common\scadaUtility.py", line 45, in __call
    ret = func(*p,**pp)
  File "C:\Users\Administrator\Desktop\SVN\branches\agvDevice\main_agvDevice.py", line 49, in urlcheckInitStatus
    return jackMgr.checkInitStatus(agvId=agvId, timeout=timeout)
  File "C:\Users\Administrator\Desktop\SVN\branches\agvDevice\jackMgr.py", line 53, in checkInitStatus
    ret=agvCtrl.checkInitSuccess(agvId)
AttributeError: module 'driver.seerAgv.mockAgvCtrl' has no attribute 'checkInitSuccess'

[CRITICAL]2021-03-17 09:50:17,808: invoke <function urlcheckInitStatus at 0x0000026290286620> cause a error: module 'driver.seerAgv.mockAgvCtrl' has no attribute 'checkInitSuccess'
pid=13500, ppid=12948, tid=12792
Traceback (most recent call last):
  File "C:\Users\Administrator\Desktop\SVN\branches\common\scadaUtility.py", line 45, in __call
    ret = func(*p,**pp)
  File "C:\Users\Administrator\Desktop\SVN\branches\agvDevice\main_agvDevice.py", line 49, in urlcheckInitStatus
    return jackMgr.checkInitStatus(agvId=agvId, timeout=timeout)
  File "C:\Users\Administrator\Desktop\SVN\branches\agvDevice\jackMgr.py", line 53, in checkInitStatus
    ret=agvCtrl.checkInitSuccess(agvId)
AttributeError: module 'driver.seerAgv.mockAgvCtrl' has no attribute 'checkInitSuccess'

[CRITICAL]2021-03-17 09:50:28,589: invoke <function urlcheckInitStatus at 0x0000026290286620> cause a error: module 'driver.seerAgv.mockAgvCtrl' has no attribute 'checkInitSuccess'
pid=13500, ppid=12948, tid=2672
Traceback (most recent call last):
  File "C:\Users\Administrator\Desktop\SVN\branches\common\scadaUtility.py", line 45, in __call
    ret = func(*p,**pp)
  File "C:\Users\Administrator\Desktop\SVN\branches\agvDevice\main_agvDevice.py", line 49, in urlcheckInitStatus
    return jackMgr.checkInitStatus(agvId=agvId, timeout=timeout)
  File "C:\Users\Administrator\Desktop\SVN\branches\agvDevice\jackMgr.py", line 53, in checkInitStatus
    ret=agvCtrl.checkInitSuccess(agvId)
AttributeError: module 'driver.seerAgv.mockAgvCtrl' has no attribute 'checkInitSuccess'

[CRITICAL]2021-03-17 09:50:38,998: invoke <function urlcheckInitStatus at 0x0000026290286620> cause a error: module 'driver.seerAgv.mockAgvCtrl' has no attribute 'checkInitSuccess'
pid=13500, ppid=12948, tid=5880
Traceback (most recent call last):
  File "C:\Users\Administrator\Desktop\SVN\branches\common\scadaUtility.py", line 45, in __call
    ret = func(*p,**pp)
  File "C:\Users\Administrator\Desktop\SVN\branches\agvDevice\main_agvDevice.py", line 49, in urlcheckInitStatus
    return jackMgr.checkInitStatus(agvId=agvId, timeout=timeout)
  File "C:\Users\Administrator\Desktop\SVN\branches\agvDevice\jackMgr.py", line 53, in checkInitStatus
    ret=agvCtrl.checkInitSuccess(agvId)
AttributeError: module 'driver.seerAgv.mockAgvCtrl' has no attribute 'checkInitSuccess'

[CRITICAL]2021-03-17 09:50:48,902: invoke <function urlcheckInitStatus at 0x0000026290286620> cause a error: module 'driver.seerAgv.mockAgvCtrl' has no attribute 'checkInitSuccess'
pid=13500, ppid=12948, tid=4368
Traceback (most recent call last):
  File "C:\Users\Administrator\Desktop\SVN\branches\common\scadaUtility.py", line 45, in __call
    ret = func(*p,**pp)
  File "C:\Users\Administrator\Desktop\SVN\branches\agvDevice\main_agvDevice.py", line 49, in urlcheckInitStatus
    return jackMgr.checkInitStatus(agvId=agvId, timeout=timeout)
  File "C:\Users\Administrator\Desktop\SVN\branches\agvDevice\jackMgr.py", line 53, in checkInitStatus
    ret=agvCtrl.checkInitSuccess(agvId)
AttributeError: module 'driver.seerAgv.mockAgvCtrl' has no attribute 'checkInitSuccess'

[CRITICAL]2021-03-17 09:50:58,613: invoke <function urlcheckInitStatus at 0x0000026290286620> cause a error: module 'driver.seerAgv.mockAgvCtrl' has no attribute 'checkInitSuccess'
pid=13500, ppid=12948, tid=4776
Traceback (most recent call last):
  File "C:\Users\Administrator\Desktop\SVN\branches\common\scadaUtility.py", line 45, in __call
    ret = func(*p,**pp)
  File "C:\Users\Administrator\Desktop\SVN\branches\agvDevice\main_agvDevice.py", line 49, in urlcheckInitStatus
    return jackMgr.checkInitStatus(agvId=agvId, timeout=timeout)
  File "C:\Users\Administrator\Desktop\SVN\branches\agvDevice\jackMgr.py", line 53, in checkInitStatus
    ret=agvCtrl.checkInitSuccess(agvId)
AttributeError: module 'driver.seerAgv.mockAgvCtrl' has no attribute 'checkInitSuccess'

[CRITICAL]2021-03-17 09:51:09,127: invoke <function urlcheckInitStatus at 0x0000026290286620> cause a error: module 'driver.seerAgv.mockAgvCtrl' has no attribute 'checkInitSuccess'
pid=13500, ppid=12948, tid=13408
Traceback (most recent call last):
  File "C:\Users\Administrator\Desktop\SVN\branches\common\scadaUtility.py", line 45, in __call
    ret = func(*p,**pp)
  File "C:\Users\Administrator\Desktop\SVN\branches\agvDevice\main_agvDevice.py", line 49, in urlcheckInitStatus
    return jackMgr.checkInitStatus(agvId=agvId, timeout=timeout)
  File "C:\Users\Administrator\Desktop\SVN\branches\agvDevice\jackMgr.py", line 53, in checkInitStatus
    ret=agvCtrl.checkInitSuccess(agvId)
AttributeError: module 'driver.seerAgv.mockAgvCtrl' has no attribute 'checkInitSuccess'

[CRITICAL]2021-03-17 09:51:19,408: invoke <function urlcheckInitStatus at 0x0000026290286620> cause a error: module 'driver.seerAgv.mockAgvCtrl' has no attribute 'checkInitSuccess'
pid=13500, ppid=12948, tid=2672
Traceback (most recent call last):
  File "C:\Users\Administrator\Desktop\SVN\branches\common\scadaUtility.py", line 45, in __call
    ret = func(*p,**pp)
  File "C:\Users\Administrator\Desktop\SVN\branches\agvDevice\main_agvDevice.py", line 49, in urlcheckInitStatus
    return jackMgr.checkInitStatus(agvId=agvId, timeout=timeout)
  File "C:\Users\Administrator\Desktop\SVN\branches\agvDevice\jackMgr.py", line 53, in checkInitStatus
    ret=agvCtrl.checkInitSuccess(agvId)
AttributeError: module 'driver.seerAgv.mockAgvCtrl' has no attribute 'checkInitSuccess'

[CRITICAL]2021-03-17 09:51:29,739: invoke <function urlcheckInitStatus at 0x0000026290286620> cause a error: module 'driver.seerAgv.mockAgvCtrl' has no attribute 'checkInitSuccess'
pid=13500, ppid=12948, tid=5880
Traceback (most recent call last):
  File "C:\Users\Administrator\Desktop\SVN\branches\common\scadaUtility.py", line 45, in __call
    ret = func(*p,**pp)
  File "C:\Users\Administrator\Desktop\SVN\branches\agvDevice\main_agvDevice.py", line 49, in urlcheckInitStatus
    return jackMgr.checkInitStatus(agvId=agvId, timeout=timeout)
  File "C:\Users\Administrator\Desktop\SVN\branches\agvDevice\jackMgr.py", line 53, in checkInitStatus
    ret=agvCtrl.checkInitSuccess(agvId)
AttributeError: module 'driver.seerAgv.mockAgvCtrl' has no attribute 'checkInitSuccess'

[CRITICAL]2021-03-17 09:51:39,917: invoke <function urlcheckInitStatus at 0x0000026290286620> cause a error: module 'driver.seerAgv.mockAgvCtrl' has no attribute 'checkInitSuccess'
pid=13500, ppid=12948, tid=4368
Traceback (most recent call last):
  File "C:\Users\Administrator\Desktop\SVN\branches\common\scadaUtility.py", line 45, in __call
    ret = func(*p,**pp)
  File "C:\Users\Administrator\Desktop\SVN\branches\agvDevice\main_agvDevice.py", line 49, in urlcheckInitStatus
    return jackMgr.checkInitStatus(agvId=agvId, timeout=timeout)
  File "C:\Users\Administrator\Desktop\SVN\branches\agvDevice\jackMgr.py", line 53, in checkInitStatus
    ret=agvCtrl.checkInitSuccess(agvId)
AttributeError: module 'driver.seerAgv.mockAgvCtrl' has no attribute 'checkInitSuccess'

[CRITICAL]2021-03-17 09:51:49,854: invoke <function urlcheckInitStatus at 0x0000026290286620> cause a error: module 'driver.seerAgv.mockAgvCtrl' has no attribute 'checkInitSuccess'
pid=13500, ppid=12948, tid=4776
Traceback (most recent call last):
  File "C:\Users\Administrator\Desktop\SVN\branches\common\scadaUtility.py", line 45, in __call
    ret = func(*p,**pp)
  File "C:\Users\Administrator\Desktop\SVN\branches\agvDevice\main_agvDevice.py", line 49, in urlcheckInitStatus
    return jackMgr.checkInitStatus(agvId=agvId, timeout=timeout)
  File "C:\Users\Administrator\Desktop\SVN\branches\agvDevice\jackMgr.py", line 53, in checkInitStatus
    ret=agvCtrl.checkInitSuccess(agvId)
AttributeError: module 'driver.seerAgv.mockAgvCtrl' has no attribute 'checkInitSuccess'

[CRITICAL]2021-03-17 09:52:00,349: invoke <function urlcheckInitStatus at 0x0000026290286620> cause a error: module 'driver.seerAgv.mockAgvCtrl' has no attribute 'checkInitSuccess'
pid=13500, ppid=12948, tid=13408
Traceback (most recent call last):
  File "C:\Users\Administrator\Desktop\SVN\branches\common\scadaUtility.py", line 45, in __call
    ret = func(*p,**pp)
  File "C:\Users\Administrator\Desktop\SVN\branches\agvDevice\main_agvDevice.py", line 49, in urlcheckInitStatus
    return jackMgr.checkInitStatus(agvId=agvId, timeout=timeout)
  File "C:\Users\Administrator\Desktop\SVN\branches\agvDevice\jackMgr.py", line 53, in checkInitStatus
    ret=agvCtrl.checkInitSuccess(agvId)
AttributeError: module 'driver.seerAgv.mockAgvCtrl' has no attribute 'checkInitSuccess'

[CRITICAL]2021-03-17 09:52:10,649: invoke <function urlcheckInitStatus at 0x0000026290286620> cause a error: module 'driver.seerAgv.mockAgvCtrl' has no attribute 'checkInitSuccess'
pid=13500, ppid=12948, tid=2672
Traceback (most recent call last):
  File "C:\Users\Administrator\Desktop\SVN\branches\common\scadaUtility.py", line 45, in __call
    ret = func(*p,**pp)
  File "C:\Users\Administrator\Desktop\SVN\branches\agvDevice\main_agvDevice.py", line 49, in urlcheckInitStatus
    return jackMgr.checkInitStatus(agvId=agvId, timeout=timeout)
  File "C:\Users\Administrator\Desktop\SVN\branches\agvDevice\jackMgr.py", line 53, in checkInitStatus
    ret=agvCtrl.checkInitSuccess(agvId)
AttributeError: module 'driver.seerAgv.mockAgvCtrl' has no attribute 'checkInitSuccess'

[CRITICAL]2021-03-17 09:52:20,849: invoke <function urlcheckInitStatus at 0x0000026290286620> cause a error: module 'driver.seerAgv.mockAgvCtrl' has no attribute 'checkInitSuccess'
pid=13500, ppid=12948, tid=5880
Traceback (most recent call last):
  File "C:\Users\Administrator\Desktop\SVN\branches\common\scadaUtility.py", line 45, in __call
    ret = func(*p,**pp)
  File "C:\Users\Administrator\Desktop\SVN\branches\agvDevice\main_agvDevice.py", line 49, in urlcheckInitStatus
    return jackMgr.checkInitStatus(agvId=agvId, timeout=timeout)
  File "C:\Users\Administrator\Desktop\SVN\branches\agvDevice\jackMgr.py", line 53, in checkInitStatus
    ret=agvCtrl.checkInitSuccess(agvId)
AttributeError: module 'driver.seerAgv.mockAgvCtrl' has no attribute 'checkInitSuccess'

[CRITICAL]2021-03-17 09:52:30,923: invoke <function urlcheckInitStatus at 0x0000026290286620> cause a error: module 'driver.seerAgv.mockAgvCtrl' has no attribute 'checkInitSuccess'
pid=13500, ppid=12948, tid=4368
Traceback (most recent call last):
  File "C:\Users\Administrator\Desktop\SVN\branches\common\scadaUtility.py", line 45, in __call
    ret = func(*p,**pp)
  File "C:\Users\Administrator\Desktop\SVN\branches\agvDevice\main_agvDevice.py", line 49, in urlcheckInitStatus
    return jackMgr.checkInitStatus(agvId=agvId, timeout=timeout)
  File "C:\Users\Administrator\Desktop\SVN\branches\agvDevice\jackMgr.py", line 53, in checkInitStatus
    ret=agvCtrl.checkInitSuccess(agvId)
AttributeError: module 'driver.seerAgv.mockAgvCtrl' has no attribute 'checkInitSuccess'

