[INFO]2021-03-17 09:40:54,259: log files at C:\Users\Administrator\Desktop\SVN\branches\common\log
[INFO]2021-03-17 09:40:54,261: find module account.main_account
[INFO]2021-03-17 09:40:54,264: find module agvCtrl.main_agv
[INFO]2021-03-17 09:40:54,266: find module agvDevice.main_agvDevice
[INFO]2021-03-17 09:40:54,268: find module alarm.main_alarm
[INFO]2021-03-17 09:40:54,270: find module auth.main_auth
[INFO]2021-03-17 09:40:54,272: find module door.main_door
[INFO]2021-03-17 09:40:54,278: find module elevator.main_elevator
[INFO]2021-03-17 09:40:54,280: find module menu.main_menu
[INFO]2021-03-17 09:40:54,282: find module pharmapackCtrl.main_scadaCtrl
[INFO]2021-03-17 09:40:54,284: find module webFront.main_web
[INFO]2021-03-17 09:40:54,286: find module wmqtt.main_wmqtt
[INFO]2021-03-17 09:40:54,287: import account.main_account
[INFO]2021-03-17 09:40:54,608: import agvCtrl.main_agv
[INFO]2021-03-17 09:40:55,452: create lock <lock name:doorMgr.lock,<unlocked _thread.RLock object owner=0 count=0 at 0x000002628F9F18C8>>
[INFO]2021-03-17 09:40:55,456: create lock <lock name:door.lock,<unlocked _thread.RLock object owner=0 count=0 at 0x000002628F9F1A80>>
[INFO]2021-03-17 09:40:55,618: create lock <lock name:timer.lock_2622343424656,<unlocked _thread.RLock object owner=0 count=0 at 0x000002628FD4C508>>
[ERROR]2021-03-17 09:40:55,661: mqtt is disabled
[INFO]2021-03-17 09:40:55,663: mqtt: subscribe [alarm/raise/+]
[INFO]2021-03-17 09:40:55,665: mqtt: subscribe [alarm/clear/+]
[INFO]2021-03-17 09:40:58,792: Mongodb connect to 127.0.0.1 port 27017
[INFO]2021-03-17 09:40:58,849: create lock <lock name:elevatorMgr.lock,<unlocked _thread.RLock object owner=0 count=0 at 0x000002628E0318A0>>
[WARNING]2021-03-17 09:40:58,890: use mockAgvCtrl
[INFO]2021-03-17 09:40:58,900: create lock <lock name:mapMgr.lock,<unlocked _thread.RLock object owner=0 count=0 at 0x000002628E3C37B0>>
[INFO]2021-03-17 09:40:59,247: create lock <lock name:agvList.g_agvLock,<unlocked _thread.RLock object owner=0 count=0 at 0x00000262901F4850>>
[INFO]2021-03-17 09:40:59,253: create lock <lock name:taskList.lock,<unlocked _thread.RLock object owner=0 count=0 at 0x0000026290211508>>
[INFO]2021-03-17 09:40:59,396: charge policy 1 , fix time
[INFO]2021-03-17 09:40:59,535: create lock <lock name:agvApi.g_lock,<unlocked _thread.RLock object owner=0 count=0 at 0x0000026290211C38>>
[INFO]2021-03-17 09:41:00,174: start load map C:\Users\Administrator\Desktop\SVN\branches\agvCtrl\projects\test\20190911_F1.smap
[DEBUG]2021-03-17 09:41:00,411: create aliveObj DOOR40 门控离线异常 timeout 60
[DEBUG]2021-03-17 09:41:00,414: create aliveObj DOOR41 门控离线异常 timeout 60
[DEBUG]2021-03-17 09:41:00,432: elevator thread start
[INFO]2021-03-17 09:41:00,459: load map C:\Users\Administrator\Desktop\SVN\branches\agvCtrl\projects\test\20190911_F1.smap ,used 294 ms
[INFO]2021-03-17 09:41:00,469: start load map C:\Users\Administrator\Desktop\SVN\branches\agvCtrl\projects\test\fp-neiwei.smap
[INFO]2021-03-17 09:41:00,667: load map C:\Users\Administrator\Desktop\SVN\branches\agvCtrl\projects\test\fp-neiwei.smap ,used 207 ms
[INFO]2021-03-17 09:41:00,681: start load map C:\Users\Administrator\Desktop\SVN\branches\agvCtrl\projects\test\fp20190712-1.smap
[DEBUG]2021-03-17 09:41:01,987: create aliveObj DOOR13 门控离线异常 timeout 60
[DEBUG]2021-03-17 09:41:01,990: create aliveObj DOOR23 门控离线异常 timeout 60
[DEBUG]2021-03-17 09:41:01,995: create aliveObj DOOR08 门控离线异常 timeout 60
[DEBUG]2021-03-17 09:41:01,995: create aliveObj DOOR09 门控离线异常 timeout 60
[DEBUG]2021-03-17 09:41:01,997: create aliveObj DOOR15 门控离线异常 timeout 60
[DEBUG]2021-03-17 09:41:01,997: create aliveObj DOOR07 门控离线异常 timeout 60
[DEBUG]2021-03-17 09:41:01,998: create aliveObj DOOR04 门控离线异常 timeout 60
[DEBUG]2021-03-17 09:41:01,999: create aliveObj DOOR06 门控离线异常 timeout 60
[DEBUG]2021-03-17 09:41:02,001: create aliveObj DOOR17 门控离线异常 timeout 60
[DEBUG]2021-03-17 09:41:02,001: create aliveObj DOOR18 门控离线异常 timeout 60
[DEBUG]2021-03-17 09:41:02,002: create aliveObj DOOR20 门控离线异常 timeout 60
[DEBUG]2021-03-17 09:41:02,004: create aliveObj DOOR25 门控离线异常 timeout 60
[DEBUG]2021-03-17 09:41:02,005: create aliveObj DOOR101 门控离线异常 timeout 60
[DEBUG]2021-03-17 09:41:02,006: create aliveObj DOOR27 门控离线异常 timeout 60
[INFO]2021-03-17 09:41:02,044: load map C:\Users\Administrator\Desktop\SVN\branches\agvCtrl\projects\test\fp20190712-1.smap ,used 1375 ms
[INFO]2021-03-17 09:41:02,049: import agvDevice.main_agvDevice
[INFO]2021-03-17 09:41:02,049: import alarm.main_alarm
[INFO]2021-03-17 09:41:02,053: import auth.main_auth
[INFO]2021-03-17 09:41:02,062: import door.main_door
[INFO]2021-03-17 09:41:02,091: import elevator.main_elevator
[INFO]2021-03-17 09:41:02,112: create lock <lock name:elevatorApi.tcp_lock,<unlocked _thread.RLock object owner=0 count=0 at 0x0000026292A8F3A0>>
[INFO]2021-03-17 09:41:02,116: create lock <lock name:elevatorApi.g_lock,<unlocked _thread.RLock object owner=0 count=0 at 0x0000026292A3ED28>>
[INFO]2021-03-17 09:41:02,120: import menu.main_menu
[INFO]2021-03-17 09:41:02,132: import pharmapackCtrl.main_scadaCtrl
[INFO]2021-03-17 09:41:02,392: create lock <lock name:runTasks.g_lock,<unlocked _thread.RLock object owner=0 count=0 at 0x0000026292B01FA8>>
[INFO]2021-03-17 09:41:02,405: create lock <lock name:runTasks.pre_lock,<unlocked _thread.RLock object owner=0 count=0 at 0x0000026292B01DC8>>
[INFO]2021-03-17 09:41:03,710: import webFront.main_web
[INFO]2021-03-17 09:41:03,725: import wmqtt.main_wmqtt
[SUCC]2021-03-17 09:41:03,761: utility start, pid=13500, ppid=12948
[DEBUG]2021-03-17 09:41:03,775: start timer
[INFO]2021-03-17 09:41:03,820: load agv file: C:\Users\Administrator\Desktop\SVN\branches\agvCtrl/projects/test/agv.cfg
[INFO]2021-03-17 09:41:03,836: create lock <lock name:agvList.AGV01.lock,<unlocked _thread.RLock object owner=0 count=0 at 0x0000026292E44328>>
[DEBUG]2021-03-17 09:41:03,848: create aliveObj AGV01 AGV离线异常 timeout 300
[INFO]2021-03-17 09:41:03,859: AGV01 start agvList run thread
[INFO]2021-03-17 09:41:03,866: AGV01 start agvList run2 thread
[INFO]2021-03-17 09:41:03,897: create lock <lock name:agvList.AGV02.lock,<unlocked _thread.RLock object owner=0 count=0 at 0x0000026292E44468>>
[ERROR]2021-03-17 09:41:03,902: agv check init error False
[DEBUG]2021-03-17 09:41:03,913: create aliveObj AGV02 AGV离线异常 timeout 300
[INFO]2021-03-17 09:41:03,931: AGV02 start agvList run thread
[INFO]2021-03-17 09:41:03,933: AGV02 start agvList run2 thread
[INFO]2021-03-17 09:41:03,934: create lock <lock name:agvList.AGV03.lock,<unlocked _thread.RLock object owner=0 count=0 at 0x0000026292E446E8>>
[INFO]2021-03-17 09:41:03,952: AGV02 current map fp20190712-1
[INFO]2021-03-17 09:41:03,958: AGV02 is online
[DEBUG]2021-03-17 09:41:03,969: create aliveObj AGV03 AGV离线异常 timeout 300
[INFO]2021-03-17 09:41:03,975: AGV03 start agvList run thread
[INFO]2021-03-17 09:41:03,976: AGV03 start agvList run2 thread
[INFO]2021-03-17 09:41:03,976: create lock <lock name:agvList.AGV04.lock,<unlocked _thread.RLock object owner=0 count=0 at 0x0000026292E44918>>
[INFO]2021-03-17 09:41:03,985: AGV03 current map fp20190712-1
[INFO]2021-03-17 09:41:03,990: AGV03 is online
[DEBUG]2021-03-17 09:41:03,991: create aliveObj AGV04 AGV离线异常 timeout 300
[INFO]2021-03-17 09:41:03,998: AGV04 start agvList run thread
[INFO]2021-03-17 09:41:04,000: AGV04 start agvList run2 thread
[INFO]2021-03-17 09:41:04,001: create lock <lock name:agvList.AGV05.lock,<unlocked _thread.RLock object owner=0 count=0 at 0x0000026292E44B70>>
[INFO]2021-03-17 09:41:04,008: AGV04 current map fp20190712-1
[INFO]2021-03-17 09:41:04,013: AGV04 is online
[DEBUG]2021-03-17 09:41:04,015: create aliveObj AGV05 AGV离线异常 timeout 300
[INFO]2021-03-17 09:41:04,023: AGV05 start agvList run thread
[INFO]2021-03-17 09:41:04,024: AGV05 start agvList run2 thread
[INFO]2021-03-17 09:41:04,025: create lock <lock name:agvList.AGV06.lock,<unlocked _thread.RLock object owner=0 count=0 at 0x0000026292E44DC8>>
[INFO]2021-03-17 09:41:04,032: AGV05 current map fp20190712-1
[DEBUG]2021-03-17 09:41:04,036: create aliveObj AGV06 AGV离线异常 timeout 300
[INFO]2021-03-17 09:41:04,037: AGV05 is online
[INFO]2021-03-17 09:41:04,041: AGV06 start agvList run thread
[INFO]2021-03-17 09:41:04,046: AGV06 start agvList run2 thread
[INFO]2021-03-17 09:41:04,046: create lock <lock name:agvList.AGV07.lock,<unlocked _thread.RLock object owner=0 count=0 at 0x00000262932EA030>>
[INFO]2021-03-17 09:41:04,055: AGV06 current map fp20190712-1
[INFO]2021-03-17 09:41:04,059: AGV06 is online
[DEBUG]2021-03-17 09:41:04,062: create aliveObj AGV07 AGV离线异常 timeout 300
[INFO]2021-03-17 09:41:04,068: AGV07 start agvList run thread
[INFO]2021-03-17 09:41:04,069: AGV07 start agvList run2 thread
[INFO]2021-03-17 09:41:04,070: create lock <lock name:agvList.AGV08.lock,<unlocked _thread.RLock object owner=0 count=0 at 0x00000262932EA2B0>>
[INFO]2021-03-17 09:41:04,078: AGV07 current map fp20190712-1
[INFO]2021-03-17 09:41:04,082: AGV07 is online
[DEBUG]2021-03-17 09:41:04,083: create aliveObj AGV08 AGV离线异常 timeout 300
[INFO]2021-03-17 09:41:04,092: AGV08 start agvList run thread
[INFO]2021-03-17 09:41:04,093: AGV08 start agvList run2 thread
[INFO]2021-03-17 09:41:04,100: AGV08 current map fp20190712-1
[INFO]2021-03-17 09:41:04,107: AGV08 is online
[INFO]2021-03-17 09:41:04,252: add_ignore: taskStatus
[INFO]2021-03-17 09:41:04,256: add_ignore: api/elevator/status
[INFO]2021-03-17 09:41:04,261: add_ignore: scada/getTask
[INFO]2021-03-17 09:41:04,434: AGV01 current map fp20190712-1
[INFO]2021-03-17 09:41:04,439: AGV01 is online
[DEBUG]2021-03-17 09:41:04,827: GET: http://127.0.0.1:5551/api/agv/init?appName=scadaTask addr: 127.0.0.1
[INFO]2021-03-17 09:41:04,836: scadaTask init client agvApi
[DEBUG]2021-03-17 09:41:04,845: used 18ms 200 OK application/json;charset=utf-8, GET: http://127.0.0.1:5551/api/agv/init?appName=scadaTask
[DEBUG]2021-03-17 09:41:08,035: GET: http://127.0.0.1:5551/api/agv/startCharge?appName=scadaTask addr: 127.0.0.1
[DEBUG]2021-03-17 09:41:08,082: used 47ms 200 OK application/json;charset=utf-8, GET: http://127.0.0.1:5551/api/agv/startCharge?appName=scadaTask
[WARNING]2021-03-17 09:41:08,207: timer_thread[tid:15112] <lock name:runTasks.g_lock,<locked _thread.RLock object owner=15112 count=1 at 0x0000026292B01FA8>> ,hold 3397 ms
[INFO]2021-03-17 09:41:08,417: name=timer_thread, pid=13500, tid=15112
[01] File "C:/Python37/lib/threading.py", line 865, in run() 
[02] File "C:/Users/Administrator/Desktop/SVN/branches/common/mytimer.py", line 113, in _loop() 
[03] File "C:/Users/Administrator/Desktop/SVN/branches/common/lock.py", line 122, in _call() 
[04] File "C:/Users/Administrator/Desktop/SVN/branches/common/lock.py", line 100, in release() 
[05] File "C:/Users/Administrator/Desktop/SVN/branches/common/enhance.py", line 258, in getTrace() 
[06] File "C:/Users/Administrator/Desktop/SVN/branches/common/enhance.py", line 240, in getThreadStack()
[WARNING]2021-03-17 09:41:09,719: clear alarm obj=DOOR40, typeId=39998, id=6051593384e1c5c371a691db
[WARNING]2021-03-17 09:41:10,005: clear alarm obj=DOOR41, typeId=39998, id=6051593384e1c5c371a691dd
[WARNING]2021-03-17 09:41:10,292: clear alarm obj=DOOR13, typeId=39998, id=6051593384e1c5c371a691df
[WARNING]2021-03-17 09:41:10,570: clear alarm obj=DOOR23, typeId=39998, id=6051593384e1c5c371a691e1
[WARNING]2021-03-17 09:41:10,822: clear alarm obj=DOOR08, typeId=39998, id=6051593384e1c5c371a691e3
[WARNING]2021-03-17 09:41:11,015: clear alarm obj=DOOR09, typeId=39998, id=6051593484e1c5c371a691e5
[WARNING]2021-03-17 09:41:11,460: clear alarm obj=DOOR15, typeId=39998, id=6051593484e1c5c371a691e7
[WARNING]2021-03-17 09:41:11,772: clear alarm obj=DOOR07, typeId=39998, id=6051593484e1c5c371a691e9
[WARNING]2021-03-17 09:41:12,025: clear alarm obj=DOOR04, typeId=39998, id=6051593484e1c5c371a691eb
[WARNING]2021-03-17 09:41:12,351: clear alarm obj=DOOR06, typeId=39998, id=6051593484e1c5c371a691ed
[WARNING]2021-03-17 09:41:12,603: clear alarm obj=DOOR17, typeId=39998, id=6051593484e1c5c371a691ef
[WARNING]2021-03-17 09:41:12,904: clear alarm obj=DOOR18, typeId=39998, id=6051593484e1c5c371a691f1
[WARNING]2021-03-17 09:41:13,030: clear alarm obj=DOOR20, typeId=39998, id=6051593484e1c5c371a691f3
[WARNING]2021-03-17 09:41:13,267: clear alarm obj=DOOR25, typeId=39998, id=6051593484e1c5c371a691f5
[WARNING]2021-03-17 09:41:13,458: clear alarm obj=DOOR101, typeId=39998, id=6051593484e1c5c371a691f7
[WARNING]2021-03-17 09:41:13,725: clear alarm obj=DOOR27, typeId=39998, id=6051593484e1c5c371a691f9
[ERROR]2021-03-17 09:42:02,023: raise alarm obj=DOOR40, typeId=39998, desc=门控离线异常, id=60515e6984e1c5c371a69863
[ERROR]2021-03-17 09:42:02,133: raise alarm obj=DOOR41, typeId=39998, desc=门控离线异常, id=60515e6a84e1c5c371a69865
[ERROR]2021-03-17 09:42:02,211: raise alarm obj=DOOR13, typeId=39998, desc=门控离线异常, id=60515e6a84e1c5c371a69867
[ERROR]2021-03-17 09:42:02,273: raise alarm obj=DOOR23, typeId=39998, desc=门控离线异常, id=60515e6a84e1c5c371a69869
[ERROR]2021-03-17 09:42:02,383: raise alarm obj=DOOR08, typeId=39998, desc=门控离线异常, id=60515e6a84e1c5c371a6986b
[ERROR]2021-03-17 09:42:02,461: raise alarm obj=DOOR09, typeId=39998, desc=门控离线异常, id=60515e6a84e1c5c371a6986d
[ERROR]2021-03-17 09:42:02,557: raise alarm obj=DOOR15, typeId=39998, desc=门控离线异常, id=60515e6a84e1c5c371a6986f
[ERROR]2021-03-17 09:42:02,636: raise alarm obj=DOOR07, typeId=39998, desc=门控离线异常, id=60515e6a84e1c5c371a69871
[ERROR]2021-03-17 09:42:02,746: raise alarm obj=DOOR04, typeId=39998, desc=门控离线异常, id=60515e6a84e1c5c371a69873
[ERROR]2021-03-17 09:42:02,838: raise alarm obj=DOOR06, typeId=39998, desc=门控离线异常, id=60515e6a84e1c5c371a69875
[ERROR]2021-03-17 09:42:02,900: raise alarm obj=DOOR17, typeId=39998, desc=门控离线异常, id=60515e6a84e1c5c371a69877
[ERROR]2021-03-17 09:42:02,994: raise alarm obj=DOOR18, typeId=39998, desc=门控离线异常, id=60515e6a84e1c5c371a69879
[ERROR]2021-03-17 09:42:03,118: raise alarm obj=DOOR20, typeId=39998, desc=门控离线异常, id=60515e6b84e1c5c371a6987b
[ERROR]2021-03-17 09:42:03,229: raise alarm obj=DOOR25, typeId=39998, desc=门控离线异常, id=60515e6b84e1c5c371a6987d
[ERROR]2021-03-17 09:42:03,325: raise alarm obj=DOOR101, typeId=39998, desc=门控离线异常, id=60515e6b84e1c5c371a6987f
[ERROR]2021-03-17 09:42:03,453: raise alarm obj=DOOR27, typeId=39998, desc=门控离线异常, id=60515e6b84e1c5c371a69881
[DEBUG]2021-03-17 09:45:54,923: GET: http://127.0.0.1:5551/api/agv/init?appName=scadaTask addr: 127.0.0.1
[INFO]2021-03-17 09:45:54,966: scadaTask init client agvApi
[DEBUG]2021-03-17 09:45:55,012: used 89ms 200 OK application/json;charset=utf-8, GET: http://127.0.0.1:5551/api/agv/init?appName=scadaTask
[DEBUG]2021-03-17 09:45:58,227: GET: http://127.0.0.1:5551/api/agv/startCharge?appName=scadaTask addr: 127.0.0.1
[DEBUG]2021-03-17 09:45:58,322: used 95ms 200 OK application/json;charset=utf-8, GET: http://127.0.0.1:5551/api/agv/startCharge?appName=scadaTask
[DEBUG]2021-03-17 09:47:24,050: GET: http://127.0.0.1:5551/api/agv/apply?appName=scadaTask&autoLock=False&exclude&loc=LM242&mapId=fp20190712-1&taskId=60515fa963fdc12e93ab111b&timeout=10 addr: 127.0.0.1
[INFO]2021-03-17 09:47:26,444: apply AGV04 ,taskId: 60515fa963fdc12e93ab111b ,loc fp20190712-1.LM242 ,autoLock False , used 2288 ms
[DEBUG]2021-03-17 09:47:26,492: used 2442ms 200 OK application/json;charset=utf-8, GET: http://127.0.0.1:5551/api/agv/apply?appName=scadaTask&autoLock=False&exclude&loc=LM242&mapId=fp20190712-1&taskId=60515fa963fdc12e93ab111b&timeout=10
[DEBUG]2021-03-17 09:47:26,833: GET: http://127.0.0.1:5551/api/agv/checkInitStatus?agv=AGV04&loc=None&timeoutSec=90 addr: 127.0.0.1
[CRITICAL]2021-03-17 09:47:27,007: invoke <function urlcheckInitStatus at 0x0000026290286620> cause a error: module 'driver.seerAgv.mockAgvCtrl' has no attribute 'checkInitSuccess'
pid=13500, ppid=12948, tid=2672
Traceback (most recent call last):
  File "C:\Users\Administrator\Desktop\SVN\branches\common\scadaUtility.py", line 45, in __call
    ret = func(*p,**pp)
  File "C:\Users\Administrator\Desktop\SVN\branches\agvDevice\main_agvDevice.py", line 49, in urlcheckInitStatus
    return jackMgr.checkInitStatus(agvId=agvId, timeout=timeout)
  File "C:\Users\Administrator\Desktop\SVN\branches\agvDevice\jackMgr.py", line 53, in checkInitStatus
    ret=agvCtrl.checkInitSuccess(agvId)
AttributeError: module 'driver.seerAgv.mockAgvCtrl' has no attribute 'checkInitSuccess'

[DEBUG]2021-03-17 09:47:27,133: used 300ms 200 OK application/json;charset=utf-8, GET: http://127.0.0.1:5551/api/agv/checkInitStatus?agv=AGV04&loc=None&timeoutSec=90
[DEBUG]2021-03-17 09:47:34,920: GET: http://127.0.0.1:5551/api/agv/apply?appName=scadaTask&autoLock=False&exclude&loc=LM242&mapId=fp20190712-1&taskId=60515fa963fdc12e93ab111b&timeout=10 addr: 127.0.0.1
[INFO]2021-03-17 09:47:36,803: apply AGV04 ,taskId: 60515fa963fdc12e93ab111b ,loc fp20190712-1.LM242 ,autoLock False , used 1823 ms
[DEBUG]2021-03-17 09:47:36,894: used 1974ms 200 OK application/json;charset=utf-8, GET: http://127.0.0.1:5551/api/agv/apply?appName=scadaTask&autoLock=False&exclude&loc=LM242&mapId=fp20190712-1&taskId=60515fa963fdc12e93ab111b&timeout=10
[DEBUG]2021-03-17 09:47:37,221: GET: http://127.0.0.1:5551/api/agv/checkInitStatus?agv=AGV04&loc=None&timeoutSec=90 addr: 127.0.0.1
[CRITICAL]2021-03-17 09:47:37,345: invoke <function urlcheckInitStatus at 0x0000026290286620> cause a error: module 'driver.seerAgv.mockAgvCtrl' has no attribute 'checkInitSuccess'
pid=13500, ppid=12948, tid=5880
Traceback (most recent call last):
  File "C:\Users\Administrator\Desktop\SVN\branches\common\scadaUtility.py", line 45, in __call
    ret = func(*p,**pp)
  File "C:\Users\Administrator\Desktop\SVN\branches\agvDevice\main_agvDevice.py", line 49, in urlcheckInitStatus
    return jackMgr.checkInitStatus(agvId=agvId, timeout=timeout)
  File "C:\Users\Administrator\Desktop\SVN\branches\agvDevice\jackMgr.py", line 53, in checkInitStatus
    ret=agvCtrl.checkInitSuccess(agvId)
AttributeError: module 'driver.seerAgv.mockAgvCtrl' has no attribute 'checkInitSuccess'

[DEBUG]2021-03-17 09:47:37,391: used 170ms 200 OK application/json;charset=utf-8, GET: http://127.0.0.1:5551/api/agv/checkInitStatus?agv=AGV04&loc=None&timeoutSec=90
[DEBUG]2021-03-17 09:47:45,146: GET: http://127.0.0.1:5551/api/agv/apply?appName=scadaTask&autoLock=False&exclude&loc=LM242&mapId=fp20190712-1&taskId=60515fa963fdc12e93ab111b&timeout=10 addr: 127.0.0.1
[INFO]2021-03-17 09:47:46,460: apply AGV04 ,taskId: 60515fa963fdc12e93ab111b ,loc fp20190712-1.LM242 ,autoLock False , used 1253 ms
[DEBUG]2021-03-17 09:47:46,538: used 1392ms 200 OK application/json;charset=utf-8, GET: http://127.0.0.1:5551/api/agv/apply?appName=scadaTask&autoLock=False&exclude&loc=LM242&mapId=fp20190712-1&taskId=60515fa963fdc12e93ab111b&timeout=10
[DEBUG]2021-03-17 09:47:46,813: GET: http://127.0.0.1:5551/api/agv/checkInitStatus?agv=AGV04&loc=None&timeoutSec=90 addr: 127.0.0.1
[CRITICAL]2021-03-17 09:47:46,906: invoke <function urlcheckInitStatus at 0x0000026290286620> cause a error: module 'driver.seerAgv.mockAgvCtrl' has no attribute 'checkInitSuccess'
pid=13500, ppid=12948, tid=4368
Traceback (most recent call last):
  File "C:\Users\Administrator\Desktop\SVN\branches\common\scadaUtility.py", line 45, in __call
    ret = func(*p,**pp)
  File "C:\Users\Administrator\Desktop\SVN\branches\agvDevice\main_agvDevice.py", line 49, in urlcheckInitStatus
    return jackMgr.checkInitStatus(agvId=agvId, timeout=timeout)
  File "C:\Users\Administrator\Desktop\SVN\branches\agvDevice\jackMgr.py", line 53, in checkInitStatus
    ret=agvCtrl.checkInitSuccess(agvId)
AttributeError: module 'driver.seerAgv.mockAgvCtrl' has no attribute 'checkInitSuccess'

[DEBUG]2021-03-17 09:47:47,046: used 233ms 200 OK application/json;charset=utf-8, GET: http://127.0.0.1:5551/api/agv/checkInitStatus?agv=AGV04&loc=None&timeoutSec=90
[DEBUG]2021-03-17 09:47:54,703: GET: http://127.0.0.1:5551/api/agv/apply?appName=scadaTask&autoLock=False&exclude&loc=LM242&mapId=fp20190712-1&taskId=60515fa963fdc12e93ab111b&timeout=10 addr: 127.0.0.1
[INFO]2021-03-17 09:47:56,290: apply AGV04 ,taskId: 60515fa963fdc12e93ab111b ,loc fp20190712-1.LM242 ,autoLock False , used 1509 ms
[DEBUG]2021-03-17 09:47:56,396: used 1693ms 200 OK application/json;charset=utf-8, GET: http://127.0.0.1:5551/api/agv/apply?appName=scadaTask&autoLock=False&exclude&loc=LM242&mapId=fp20190712-1&taskId=60515fa963fdc12e93ab111b&timeout=10
[DEBUG]2021-03-17 09:47:56,783: GET: http://127.0.0.1:5551/api/agv/checkInitStatus?agv=AGV04&loc=None&timeoutSec=90 addr: 127.0.0.1
[CRITICAL]2021-03-17 09:47:56,890: invoke <function urlcheckInitStatus at 0x0000026290286620> cause a error: module 'driver.seerAgv.mockAgvCtrl' has no attribute 'checkInitSuccess'
pid=13500, ppid=12948, tid=4776
Traceback (most recent call last):
  File "C:\Users\Administrator\Desktop\SVN\branches\common\scadaUtility.py", line 45, in __call
    ret = func(*p,**pp)
  File "C:\Users\Administrator\Desktop\SVN\branches\agvDevice\main_agvDevice.py", line 49, in urlcheckInitStatus
    return jackMgr.checkInitStatus(agvId=agvId, timeout=timeout)
  File "C:\Users\Administrator\Desktop\SVN\branches\agvDevice\jackMgr.py", line 53, in checkInitStatus
    ret=agvCtrl.checkInitSuccess(agvId)
AttributeError: module 'driver.seerAgv.mockAgvCtrl' has no attribute 'checkInitSuccess'

[DEBUG]2021-03-17 09:47:56,984: used 201ms 200 OK application/json;charset=utf-8, GET: http://127.0.0.1:5551/api/agv/checkInitStatus?agv=AGV04&loc=None&timeoutSec=90
[DEBUG]2021-03-17 09:48:04,805: GET: http://127.0.0.1:5551/api/agv/apply?appName=scadaTask&autoLock=False&exclude&loc=LM242&mapId=fp20190712-1&taskId=60515fa963fdc12e93ab111b&timeout=10 addr: 127.0.0.1
[INFO]2021-03-17 09:48:06,480: apply AGV04 ,taskId: 60515fa963fdc12e93ab111b ,loc fp20190712-1.LM242 ,autoLock False , used 1598 ms
[DEBUG]2021-03-17 09:48:06,529: used 1724ms 200 OK application/json;charset=utf-8, GET: http://127.0.0.1:5551/api/agv/apply?appName=scadaTask&autoLock=False&exclude&loc=LM242&mapId=fp20190712-1&taskId=60515fa963fdc12e93ab111b&timeout=10
[DEBUG]2021-03-17 09:48:06,851: GET: http://127.0.0.1:5551/api/agv/checkInitStatus?agv=AGV04&loc=None&timeoutSec=90 addr: 127.0.0.1
[CRITICAL]2021-03-17 09:48:07,061: invoke <function urlcheckInitStatus at 0x0000026290286620> cause a error: module 'driver.seerAgv.mockAgvCtrl' has no attribute 'checkInitSuccess'
pid=13500, ppid=12948, tid=13408
Traceback (most recent call last):
  File "C:\Users\Administrator\Desktop\SVN\branches\common\scadaUtility.py", line 45, in __call
    ret = func(*p,**pp)
  File "C:\Users\Administrator\Desktop\SVN\branches\agvDevice\main_agvDevice.py", line 49, in urlcheckInitStatus
    return jackMgr.checkInitStatus(agvId=agvId, timeout=timeout)
  File "C:\Users\Administrator\Desktop\SVN\branches\agvDevice\jackMgr.py", line 53, in checkInitStatus
    ret=agvCtrl.checkInitSuccess(agvId)
AttributeError: module 'driver.seerAgv.mockAgvCtrl' has no attribute 'checkInitSuccess'

[DEBUG]2021-03-17 09:48:07,214: used 363ms 200 OK application/json;charset=utf-8, GET: http://127.0.0.1:5551/api/agv/checkInitStatus?agv=AGV04&loc=None&timeoutSec=90
[DEBUG]2021-03-17 09:48:14,882: GET: http://127.0.0.1:5551/api/agv/apply?appName=scadaTask&autoLock=False&exclude&loc=LM242&mapId=fp20190712-1&taskId=60515fa963fdc12e93ab111b&timeout=10 addr: 127.0.0.1
[INFO]2021-03-17 09:48:16,444: apply AGV04 ,taskId: 60515fa963fdc12e93ab111b ,loc fp20190712-1.LM242 ,autoLock False , used 1455 ms
[DEBUG]2021-03-17 09:48:16,523: used 1641ms 200 OK application/json;charset=utf-8, GET: http://127.0.0.1:5551/api/agv/apply?appName=scadaTask&autoLock=False&exclude&loc=LM242&mapId=fp20190712-1&taskId=60515fa963fdc12e93ab111b&timeout=10
[DEBUG]2021-03-17 09:48:16,846: GET: http://127.0.0.1:5551/api/agv/checkInitStatus?agv=AGV04&loc=None&timeoutSec=90 addr: 127.0.0.1
[CRITICAL]2021-03-17 09:48:17,048: invoke <function urlcheckInitStatus at 0x0000026290286620> cause a error: module 'driver.seerAgv.mockAgvCtrl' has no attribute 'checkInitSuccess'
pid=13500, ppid=12948, tid=12636
Traceback (most recent call last):
  File "C:\Users\Administrator\Desktop\SVN\branches\common\scadaUtility.py", line 45, in __call
    ret = func(*p,**pp)
  File "C:\Users\Administrator\Desktop\SVN\branches\agvDevice\main_agvDevice.py", line 49, in urlcheckInitStatus
    return jackMgr.checkInitStatus(agvId=agvId, timeout=timeout)
  File "C:\Users\Administrator\Desktop\SVN\branches\agvDevice\jackMgr.py", line 53, in checkInitStatus
    ret=agvCtrl.checkInitSuccess(agvId)
AttributeError: module 'driver.seerAgv.mockAgvCtrl' has no attribute 'checkInitSuccess'

[DEBUG]2021-03-17 09:48:17,201: used 355ms 200 OK application/json;charset=utf-8, GET: http://127.0.0.1:5551/api/agv/checkInitStatus?agv=AGV04&loc=None&timeoutSec=90
[DEBUG]2021-03-17 09:48:24,874: GET: http://127.0.0.1:5551/api/agv/apply?appName=scadaTask&autoLock=False&exclude&loc=LM242&mapId=fp20190712-1&taskId=60515fa963fdc12e93ab111b&timeout=10 addr: 127.0.0.1
[INFO]2021-03-17 09:48:26,387: apply AGV04 ,taskId: 60515fa963fdc12e93ab111b ,loc fp20190712-1.LM242 ,autoLock False , used 1388 ms
[DEBUG]2021-03-17 09:48:26,464: used 1590ms 200 OK application/json;charset=utf-8, GET: http://127.0.0.1:5551/api/agv/apply?appName=scadaTask&autoLock=False&exclude&loc=LM242&mapId=fp20190712-1&taskId=60515fa963fdc12e93ab111b&timeout=10
[DEBUG]2021-03-17 09:48:26,732: GET: http://127.0.0.1:5551/api/agv/checkInitStatus?agv=AGV04&loc=None&timeoutSec=90 addr: 127.0.0.1
[CRITICAL]2021-03-17 09:48:26,822: invoke <function urlcheckInitStatus at 0x0000026290286620> cause a error: module 'driver.seerAgv.mockAgvCtrl' has no attribute 'checkInitSuccess'
pid=13500, ppid=12948, tid=5908
Traceback (most recent call last):
  File "C:\Users\Administrator\Desktop\SVN\branches\common\scadaUtility.py", line 45, in __call
    ret = func(*p,**pp)
  File "C:\Users\Administrator\Desktop\SVN\branches\agvDevice\main_agvDevice.py", line 49, in urlcheckInitStatus
    return jackMgr.checkInitStatus(agvId=agvId, timeout=timeout)
  File "C:\Users\Administrator\Desktop\SVN\branches\agvDevice\jackMgr.py", line 53, in checkInitStatus
    ret=agvCtrl.checkInitSuccess(agvId)
AttributeError: module 'driver.seerAgv.mockAgvCtrl' has no attribute 'checkInitSuccess'

[DEBUG]2021-03-17 09:48:26,944: used 212ms 200 OK application/json;charset=utf-8, GET: http://127.0.0.1:5551/api/agv/checkInitStatus?agv=AGV04&loc=None&timeoutSec=90
[DEBUG]2021-03-17 09:48:34,647: GET: http://127.0.0.1:5551/api/agv/apply?appName=scadaTask&autoLock=False&exclude&loc=LM242&mapId=fp20190712-1&taskId=60515fa963fdc12e93ab111b&timeout=10 addr: 127.0.0.1
[INFO]2021-03-17 09:48:36,094: apply AGV04 ,taskId: 60515fa963fdc12e93ab111b ,loc fp20190712-1.LM242 ,autoLock False , used 1370 ms
[DEBUG]2021-03-17 09:48:36,142: used 1496ms 200 OK application/json;charset=utf-8, GET: http://127.0.0.1:5551/api/agv/apply?appName=scadaTask&autoLock=False&exclude&loc=LM242&mapId=fp20190712-1&taskId=60515fa963fdc12e93ab111b&timeout=10
[DEBUG]2021-03-17 09:48:36,497: GET: http://127.0.0.1:5551/api/agv/checkInitStatus?agv=AGV04&loc=None&timeoutSec=90 addr: 127.0.0.1
[CRITICAL]2021-03-17 09:48:36,575: invoke <function urlcheckInitStatus at 0x0000026290286620> cause a error: module 'driver.seerAgv.mockAgvCtrl' has no attribute 'checkInitSuccess'
pid=13500, ppid=12948, tid=14000
Traceback (most recent call last):
  File "C:\Users\Administrator\Desktop\SVN\branches\common\scadaUtility.py", line 45, in __call
    ret = func(*p,**pp)
  File "C:\Users\Administrator\Desktop\SVN\branches\agvDevice\main_agvDevice.py", line 49, in urlcheckInitStatus
    return jackMgr.checkInitStatus(agvId=agvId, timeout=timeout)
  File "C:\Users\Administrator\Desktop\SVN\branches\agvDevice\jackMgr.py", line 53, in checkInitStatus
    ret=agvCtrl.checkInitSuccess(agvId)
AttributeError: module 'driver.seerAgv.mockAgvCtrl' has no attribute 'checkInitSuccess'

[DEBUG]2021-03-17 09:48:36,701: used 204ms 200 OK application/json;charset=utf-8, GET: http://127.0.0.1:5551/api/agv/checkInitStatus?agv=AGV04&loc=None&timeoutSec=90
[DEBUG]2021-03-17 09:48:44,520: GET: http://127.0.0.1:5551/api/agv/apply?appName=scadaTask&autoLock=False&exclude&loc=LM242&mapId=fp20190712-1&taskId=60515fa963fdc12e93ab111b&timeout=10 addr: 127.0.0.1
[INFO]2021-03-17 09:48:46,155: apply AGV04 ,taskId: 60515fa963fdc12e93ab111b ,loc fp20190712-1.LM242 ,autoLock False , used 1511 ms
[DEBUG]2021-03-17 09:48:46,204: used 1684ms 200 OK application/json;charset=utf-8, GET: http://127.0.0.1:5551/api/agv/apply?appName=scadaTask&autoLock=False&exclude&loc=LM242&mapId=fp20190712-1&taskId=60515fa963fdc12e93ab111b&timeout=10
[DEBUG]2021-03-17 09:48:46,530: GET: http://127.0.0.1:5551/api/agv/checkInitStatus?agv=AGV04&loc=None&timeoutSec=90 addr: 127.0.0.1
[CRITICAL]2021-03-17 09:48:46,622: invoke <function urlcheckInitStatus at 0x0000026290286620> cause a error: module 'driver.seerAgv.mockAgvCtrl' has no attribute 'checkInitSuccess'
pid=13500, ppid=12948, tid=12792
Traceback (most recent call last):
  File "C:\Users\Administrator\Desktop\SVN\branches\common\scadaUtility.py", line 45, in __call
    ret = func(*p,**pp)
  File "C:\Users\Administrator\Desktop\SVN\branches\agvDevice\main_agvDevice.py", line 49, in urlcheckInitStatus
    return jackMgr.checkInitStatus(agvId=agvId, timeout=timeout)
  File "C:\Users\Administrator\Desktop\SVN\branches\agvDevice\jackMgr.py", line 53, in checkInitStatus
    ret=agvCtrl.checkInitSuccess(agvId)
AttributeError: module 'driver.seerAgv.mockAgvCtrl' has no attribute 'checkInitSuccess'

[DEBUG]2021-03-17 09:48:46,698: used 168ms 200 OK application/json;charset=utf-8, GET: http://127.0.0.1:5551/api/agv/checkInitStatus?agv=AGV04&loc=None&timeoutSec=90
[DEBUG]2021-03-17 09:48:54,370: GET: http://127.0.0.1:5551/api/agv/apply?appName=scadaTask&autoLock=False&exclude&loc=LM242&mapId=fp20190712-1&taskId=60515fa963fdc12e93ab111b&timeout=10 addr: 127.0.0.1
[INFO]2021-03-17 09:48:55,794: apply AGV04 ,taskId: 60515fa963fdc12e93ab111b ,loc fp20190712-1.LM242 ,autoLock False , used 1344 ms
[DEBUG]2021-03-17 09:48:55,871: used 1501ms 200 OK application/json;charset=utf-8, GET: http://127.0.0.1:5551/api/agv/apply?appName=scadaTask&autoLock=False&exclude&loc=LM242&mapId=fp20190712-1&taskId=60515fa963fdc12e93ab111b&timeout=10
[DEBUG]2021-03-17 09:48:56,224: GET: http://127.0.0.1:5551/api/agv/checkInitStatus?agv=AGV04&loc=None&timeoutSec=90 addr: 127.0.0.1
[CRITICAL]2021-03-17 09:48:56,346: invoke <function urlcheckInitStatus at 0x0000026290286620> cause a error: module 'driver.seerAgv.mockAgvCtrl' has no attribute 'checkInitSuccess'
pid=13500, ppid=12948, tid=2672
Traceback (most recent call last):
  File "C:\Users\Administrator\Desktop\SVN\branches\common\scadaUtility.py", line 45, in __call
    ret = func(*p,**pp)
  File "C:\Users\Administrator\Desktop\SVN\branches\agvDevice\main_agvDevice.py", line 49, in urlcheckInitStatus
    return jackMgr.checkInitStatus(agvId=agvId, timeout=timeout)
  File "C:\Users\Administrator\Desktop\SVN\branches\agvDevice\jackMgr.py", line 53, in checkInitStatus
    ret=agvCtrl.checkInitSuccess(agvId)
AttributeError: module 'driver.seerAgv.mockAgvCtrl' has no attribute 'checkInitSuccess'

[DEBUG]2021-03-17 09:48:56,440: used 216ms 200 OK application/json;charset=utf-8, GET: http://127.0.0.1:5551/api/agv/checkInitStatus?agv=AGV04&loc=None&timeoutSec=90
[DEBUG]2021-03-17 09:49:04,243: GET: http://127.0.0.1:5551/api/agv/apply?appName=scadaTask&autoLock=False&exclude&loc=LM242&mapId=fp20190712-1&taskId=60515fa963fdc12e93ab111b&timeout=10 addr: 127.0.0.1
[INFO]2021-03-17 09:49:05,913: apply AGV04 ,taskId: 60515fa963fdc12e93ab111b ,loc fp20190712-1.LM242 ,autoLock False , used 1530 ms
[DEBUG]2021-03-17 09:49:05,943: used 1700ms 200 OK application/json;charset=utf-8, GET: http://127.0.0.1:5551/api/agv/apply?appName=scadaTask&autoLock=False&exclude&loc=LM242&mapId=fp20190712-1&taskId=60515fa963fdc12e93ab111b&timeout=10
[DEBUG]2021-03-17 09:49:06,361: GET: http://127.0.0.1:5551/api/agv/checkInitStatus?agv=AGV04&loc=None&timeoutSec=90 addr: 127.0.0.1
[CRITICAL]2021-03-17 09:49:06,501: invoke <function urlcheckInitStatus at 0x0000026290286620> cause a error: module 'driver.seerAgv.mockAgvCtrl' has no attribute 'checkInitSuccess'
pid=13500, ppid=12948, tid=5880
Traceback (most recent call last):
  File "C:\Users\Administrator\Desktop\SVN\branches\common\scadaUtility.py", line 45, in __call
    ret = func(*p,**pp)
  File "C:\Users\Administrator\Desktop\SVN\branches\agvDevice\main_agvDevice.py", line 49, in urlcheckInitStatus
    return jackMgr.checkInitStatus(agvId=agvId, timeout=timeout)
  File "C:\Users\Administrator\Desktop\SVN\branches\agvDevice\jackMgr.py", line 53, in checkInitStatus
    ret=agvCtrl.checkInitSuccess(agvId)
AttributeError: module 'driver.seerAgv.mockAgvCtrl' has no attribute 'checkInitSuccess'

[DEBUG]2021-03-17 09:49:06,624: used 263ms 200 OK application/json;charset=utf-8, GET: http://127.0.0.1:5551/api/agv/checkInitStatus?agv=AGV04&loc=None&timeoutSec=90
[DEBUG]2021-03-17 09:49:14,475: GET: http://127.0.0.1:5551/api/agv/apply?appName=scadaTask&autoLock=False&exclude&loc=LM242&mapId=fp20190712-1&taskId=60515fa963fdc12e93ab111b&timeout=10 addr: 127.0.0.1
[INFO]2021-03-17 09:49:16,101: apply AGV04 ,taskId: 60515fa963fdc12e93ab111b ,loc fp20190712-1.LM242 ,autoLock False , used 1550 ms
[DEBUG]2021-03-17 09:49:16,207: used 1732ms 200 OK application/json;charset=utf-8, GET: http://127.0.0.1:5551/api/agv/apply?appName=scadaTask&autoLock=False&exclude&loc=LM242&mapId=fp20190712-1&taskId=60515fa963fdc12e93ab111b&timeout=10
[DEBUG]2021-03-17 09:49:16,535: GET: http://127.0.0.1:5551/api/agv/checkInitStatus?agv=AGV04&loc=None&timeoutSec=90 addr: 127.0.0.1
[CRITICAL]2021-03-17 09:49:16,627: invoke <function urlcheckInitStatus at 0x0000026290286620> cause a error: module 'driver.seerAgv.mockAgvCtrl' has no attribute 'checkInitSuccess'
pid=13500, ppid=12948, tid=4368
Traceback (most recent call last):
  File "C:\Users\Administrator\Desktop\SVN\branches\common\scadaUtility.py", line 45, in __call
    ret = func(*p,**pp)
  File "C:\Users\Administrator\Desktop\SVN\branches\agvDevice\main_agvDevice.py", line 49, in urlcheckInitStatus
    return jackMgr.checkInitStatus(agvId=agvId, timeout=timeout)
  File "C:\Users\Administrator\Desktop\SVN\branches\agvDevice\jackMgr.py", line 53, in checkInitStatus
    ret=agvCtrl.checkInitSuccess(agvId)
AttributeError: module 'driver.seerAgv.mockAgvCtrl' has no attribute 'checkInitSuccess'

[DEBUG]2021-03-17 09:49:16,706: used 171ms 200 OK application/json;charset=utf-8, GET: http://127.0.0.1:5551/api/agv/checkInitStatus?agv=AGV04&loc=None&timeoutSec=90
[DEBUG]2021-03-17 09:49:24,459: GET: http://127.0.0.1:5551/api/agv/apply?appName=scadaTask&autoLock=False&exclude&loc=LM242&mapId=fp20190712-1&taskId=60515fa963fdc12e93ab111b&timeout=10 addr: 127.0.0.1
[INFO]2021-03-17 09:49:26,496: apply AGV04 ,taskId: 60515fa963fdc12e93ab111b ,loc fp20190712-1.LM242 ,autoLock False , used 1993 ms
[DEBUG]2021-03-17 09:49:26,569: used 2110ms 200 OK application/json;charset=utf-8, GET: http://127.0.0.1:5551/api/agv/apply?appName=scadaTask&autoLock=False&exclude&loc=LM242&mapId=fp20190712-1&taskId=60515fa963fdc12e93ab111b&timeout=10
[DEBUG]2021-03-17 09:49:26,998: GET: http://127.0.0.1:5551/api/agv/checkInitStatus?agv=AGV04&loc=None&timeoutSec=90 addr: 127.0.0.1
[CRITICAL]2021-03-17 09:49:27,135: invoke <function urlcheckInitStatus at 0x0000026290286620> cause a error: module 'driver.seerAgv.mockAgvCtrl' has no attribute 'checkInitSuccess'
pid=13500, ppid=12948, tid=4776
Traceback (most recent call last):
  File "C:\Users\Administrator\Desktop\SVN\branches\common\scadaUtility.py", line 45, in __call
    ret = func(*p,**pp)
  File "C:\Users\Administrator\Desktop\SVN\branches\agvDevice\main_agvDevice.py", line 49, in urlcheckInitStatus
    return jackMgr.checkInitStatus(agvId=agvId, timeout=timeout)
  File "C:\Users\Administrator\Desktop\SVN\branches\agvDevice\jackMgr.py", line 53, in checkInitStatus
    ret=agvCtrl.checkInitSuccess(agvId)
AttributeError: module 'driver.seerAgv.mockAgvCtrl' has no attribute 'checkInitSuccess'

[DEBUG]2021-03-17 09:49:27,228: used 230ms 200 OK application/json;charset=utf-8, GET: http://127.0.0.1:5551/api/agv/checkInitStatus?agv=AGV04&loc=None&timeoutSec=90
[DEBUG]2021-03-17 09:49:35,049: GET: http://127.0.0.1:5551/api/agv/apply?appName=scadaTask&autoLock=False&exclude&loc=LM242&mapId=fp20190712-1&taskId=60515fa963fdc12e93ab111b&timeout=10 addr: 127.0.0.1
[INFO]2021-03-17 09:49:37,094: apply AGV04 ,taskId: 60515fa963fdc12e93ab111b ,loc fp20190712-1.LM242 ,autoLock False , used 1921 ms
[DEBUG]2021-03-17 09:49:37,201: used 2152ms 200 OK application/json;charset=utf-8, GET: http://127.0.0.1:5551/api/agv/apply?appName=scadaTask&autoLock=False&exclude&loc=LM242&mapId=fp20190712-1&taskId=60515fa963fdc12e93ab111b&timeout=10
[DEBUG]2021-03-17 09:49:37,496: GET: http://127.0.0.1:5551/api/agv/checkInitStatus?agv=AGV04&loc=None&timeoutSec=90 addr: 127.0.0.1
[CRITICAL]2021-03-17 09:49:37,631: invoke <function urlcheckInitStatus at 0x0000026290286620> cause a error: module 'driver.seerAgv.mockAgvCtrl' has no attribute 'checkInitSuccess'
pid=13500, ppid=12948, tid=13408
Traceback (most recent call last):
  File "C:\Users\Administrator\Desktop\SVN\branches\common\scadaUtility.py", line 45, in __call
    ret = func(*p,**pp)
  File "C:\Users\Administrator\Desktop\SVN\branches\agvDevice\main_agvDevice.py", line 49, in urlcheckInitStatus
    return jackMgr.checkInitStatus(agvId=agvId, timeout=timeout)
  File "C:\Users\Administrator\Desktop\SVN\branches\agvDevice\jackMgr.py", line 53, in checkInitStatus
    ret=agvCtrl.checkInitSuccess(agvId)
AttributeError: module 'driver.seerAgv.mockAgvCtrl' has no attribute 'checkInitSuccess'

[DEBUG]2021-03-17 09:49:37,706: used 210ms 200 OK application/json;charset=utf-8, GET: http://127.0.0.1:5551/api/agv/checkInitStatus?agv=AGV04&loc=None&timeoutSec=90
[DEBUG]2021-03-17 09:49:45,430: GET: http://127.0.0.1:5551/api/agv/apply?appName=scadaTask&autoLock=False&exclude&loc=LM242&mapId=fp20190712-1&taskId=60515fa963fdc12e93ab111b&timeout=10 addr: 127.0.0.1
[INFO]2021-03-17 09:49:46,790: apply AGV04 ,taskId: 60515fa963fdc12e93ab111b ,loc fp20190712-1.LM242 ,autoLock False , used 1301 ms
[DEBUG]2021-03-17 09:49:46,867: used 1437ms 200 OK application/json;charset=utf-8, GET: http://127.0.0.1:5551/api/agv/apply?appName=scadaTask&autoLock=False&exclude&loc=LM242&mapId=fp20190712-1&taskId=60515fa963fdc12e93ab111b&timeout=10
[DEBUG]2021-03-17 09:49:47,145: GET: http://127.0.0.1:5551/api/agv/checkInitStatus?agv=AGV04&loc=None&timeoutSec=90 addr: 127.0.0.1
[CRITICAL]2021-03-17 09:49:47,300: invoke <function urlcheckInitStatus at 0x0000026290286620> cause a error: module 'driver.seerAgv.mockAgvCtrl' has no attribute 'checkInitSuccess'
pid=13500, ppid=12948, tid=12636
Traceback (most recent call last):
  File "C:\Users\Administrator\Desktop\SVN\branches\common\scadaUtility.py", line 45, in __call
    ret = func(*p,**pp)
  File "C:\Users\Administrator\Desktop\SVN\branches\agvDevice\main_agvDevice.py", line 49, in urlcheckInitStatus
    return jackMgr.checkInitStatus(agvId=agvId, timeout=timeout)
  File "C:\Users\Administrator\Desktop\SVN\branches\agvDevice\jackMgr.py", line 53, in checkInitStatus
    ret=agvCtrl.checkInitSuccess(agvId)
AttributeError: module 'driver.seerAgv.mockAgvCtrl' has no attribute 'checkInitSuccess'

[DEBUG]2021-03-17 09:49:47,390: used 245ms 200 OK application/json;charset=utf-8, GET: http://127.0.0.1:5551/api/agv/checkInitStatus?agv=AGV04&loc=None&timeoutSec=90
[DEBUG]2021-03-17 09:49:55,211: GET: http://127.0.0.1:5551/api/agv/apply?appName=scadaTask&autoLock=False&exclude&loc=LM242&mapId=fp20190712-1&taskId=60515fa963fdc12e93ab111b&timeout=10 addr: 127.0.0.1
[INFO]2021-03-17 09:49:57,178: apply AGV04 ,taskId: 60515fa963fdc12e93ab111b ,loc fp20190712-1.LM242 ,autoLock False , used 1798 ms
[DEBUG]2021-03-17 09:49:57,283: used 2072ms 200 OK application/json;charset=utf-8, GET: http://127.0.0.1:5551/api/agv/apply?appName=scadaTask&autoLock=False&exclude&loc=LM242&mapId=fp20190712-1&taskId=60515fa963fdc12e93ab111b&timeout=10
[DEBUG]2021-03-17 09:49:57,573: GET: http://127.0.0.1:5551/api/agv/checkInitStatus?agv=AGV04&loc=None&timeoutSec=90 addr: 127.0.0.1
[CRITICAL]2021-03-17 09:49:57,726: invoke <function urlcheckInitStatus at 0x0000026290286620> cause a error: module 'driver.seerAgv.mockAgvCtrl' has no attribute 'checkInitSuccess'
pid=13500, ppid=12948, tid=5908
Traceback (most recent call last):
  File "C:\Users\Administrator\Desktop\SVN\branches\common\scadaUtility.py", line 45, in __call
    ret = func(*p,**pp)
  File "C:\Users\Administrator\Desktop\SVN\branches\agvDevice\main_agvDevice.py", line 49, in urlcheckInitStatus
    return jackMgr.checkInitStatus(agvId=agvId, timeout=timeout)
  File "C:\Users\Administrator\Desktop\SVN\branches\agvDevice\jackMgr.py", line 53, in checkInitStatus
    ret=agvCtrl.checkInitSuccess(agvId)
AttributeError: module 'driver.seerAgv.mockAgvCtrl' has no attribute 'checkInitSuccess'

[DEBUG]2021-03-17 09:49:57,788: used 215ms 200 OK application/json;charset=utf-8, GET: http://127.0.0.1:5551/api/agv/checkInitStatus?agv=AGV04&loc=None&timeoutSec=90
[DEBUG]2021-03-17 09:50:05,508: GET: http://127.0.0.1:5551/api/agv/apply?appName=scadaTask&autoLock=False&exclude&loc=LM242&mapId=fp20190712-1&taskId=60515fa963fdc12e93ab111b&timeout=10 addr: 127.0.0.1
[INFO]2021-03-17 09:50:07,291: apply AGV04 ,taskId: 60515fa963fdc12e93ab111b ,loc fp20190712-1.LM242 ,autoLock False , used 1692 ms
[DEBUG]2021-03-17 09:50:07,459: used 1951ms 200 OK application/json;charset=utf-8, GET: http://127.0.0.1:5551/api/agv/apply?appName=scadaTask&autoLock=False&exclude&loc=LM242&mapId=fp20190712-1&taskId=60515fa963fdc12e93ab111b&timeout=10
[DEBUG]2021-03-17 09:50:07,794: GET: http://127.0.0.1:5551/api/agv/checkInitStatus?agv=AGV04&loc=None&timeoutSec=90 addr: 127.0.0.1
[CRITICAL]2021-03-17 09:50:07,898: invoke <function urlcheckInitStatus at 0x0000026290286620> cause a error: module 'driver.seerAgv.mockAgvCtrl' has no attribute 'checkInitSuccess'
pid=13500, ppid=12948, tid=14000
Traceback (most recent call last):
  File "C:\Users\Administrator\Desktop\SVN\branches\common\scadaUtility.py", line 45, in __call
    ret = func(*p,**pp)
  File "C:\Users\Administrator\Desktop\SVN\branches\agvDevice\main_agvDevice.py", line 49, in urlcheckInitStatus
    return jackMgr.checkInitStatus(agvId=agvId, timeout=timeout)
  File "C:\Users\Administrator\Desktop\SVN\branches\agvDevice\jackMgr.py", line 53, in checkInitStatus
    ret=agvCtrl.checkInitSuccess(agvId)
AttributeError: module 'driver.seerAgv.mockAgvCtrl' has no attribute 'checkInitSuccess'

[DEBUG]2021-03-17 09:50:08,024: used 230ms 200 OK application/json;charset=utf-8, GET: http://127.0.0.1:5551/api/agv/checkInitStatus?agv=AGV04&loc=None&timeoutSec=90
[DEBUG]2021-03-17 09:50:15,697: GET: http://127.0.0.1:5551/api/agv/apply?appName=scadaTask&autoLock=False&exclude&loc=LM242&mapId=fp20190712-1&taskId=60515fa963fdc12e93ab111b&timeout=10 addr: 127.0.0.1
[INFO]2021-03-17 09:50:17,225: apply AGV04 ,taskId: 60515fa963fdc12e93ab111b ,loc fp20190712-1.LM242 ,autoLock False , used 1467 ms
[DEBUG]2021-03-17 09:50:17,272: used 1575ms 200 OK application/json;charset=utf-8, GET: http://127.0.0.1:5551/api/agv/apply?appName=scadaTask&autoLock=False&exclude&loc=LM242&mapId=fp20190712-1&taskId=60515fa963fdc12e93ab111b&timeout=10
[DEBUG]2021-03-17 09:50:17,643: GET: http://127.0.0.1:5551/api/agv/checkInitStatus?agv=AGV04&loc=None&timeoutSec=90 addr: 127.0.0.1
[CRITICAL]2021-03-17 09:50:17,808: invoke <function urlcheckInitStatus at 0x0000026290286620> cause a error: module 'driver.seerAgv.mockAgvCtrl' has no attribute 'checkInitSuccess'
pid=13500, ppid=12948, tid=12792
Traceback (most recent call last):
  File "C:\Users\Administrator\Desktop\SVN\branches\common\scadaUtility.py", line 45, in __call
    ret = func(*p,**pp)
  File "C:\Users\Administrator\Desktop\SVN\branches\agvDevice\main_agvDevice.py", line 49, in urlcheckInitStatus
    return jackMgr.checkInitStatus(agvId=agvId, timeout=timeout)
  File "C:\Users\Administrator\Desktop\SVN\branches\agvDevice\jackMgr.py", line 53, in checkInitStatus
    ret=agvCtrl.checkInitSuccess(agvId)
AttributeError: module 'driver.seerAgv.mockAgvCtrl' has no attribute 'checkInitSuccess'

[DEBUG]2021-03-17 09:50:17,920: used 277ms 200 OK application/json;charset=utf-8, GET: http://127.0.0.1:5551/api/agv/checkInitStatus?agv=AGV04&loc=None&timeoutSec=90
[DEBUG]2021-03-17 09:50:25,734: GET: http://127.0.0.1:5551/api/agv/apply?appName=scadaTask&autoLock=False&exclude&loc=LM242&mapId=fp20190712-1&taskId=60515fa963fdc12e93ab111b&timeout=10 addr: 127.0.0.1
[INFO]2021-03-17 09:50:27,945: apply AGV04 ,taskId: 60515fa963fdc12e93ab111b ,loc fp20190712-1.LM242 ,autoLock False , used 2148 ms
[DEBUG]2021-03-17 09:50:28,082: used 2348ms 200 OK application/json;charset=utf-8, GET: http://127.0.0.1:5551/api/agv/apply?appName=scadaTask&autoLock=False&exclude&loc=LM242&mapId=fp20190712-1&taskId=60515fa963fdc12e93ab111b&timeout=10
[DEBUG]2021-03-17 09:50:28,466: GET: http://127.0.0.1:5551/api/agv/checkInitStatus?agv=AGV04&loc=None&timeoutSec=90 addr: 127.0.0.1
[CRITICAL]2021-03-17 09:50:28,589: invoke <function urlcheckInitStatus at 0x0000026290286620> cause a error: module 'driver.seerAgv.mockAgvCtrl' has no attribute 'checkInitSuccess'
pid=13500, ppid=12948, tid=2672
Traceback (most recent call last):
  File "C:\Users\Administrator\Desktop\SVN\branches\common\scadaUtility.py", line 45, in __call
    ret = func(*p,**pp)
  File "C:\Users\Administrator\Desktop\SVN\branches\agvDevice\main_agvDevice.py", line 49, in urlcheckInitStatus
    return jackMgr.checkInitStatus(agvId=agvId, timeout=timeout)
  File "C:\Users\Administrator\Desktop\SVN\branches\agvDevice\jackMgr.py", line 53, in checkInitStatus
    ret=agvCtrl.checkInitSuccess(agvId)
AttributeError: module 'driver.seerAgv.mockAgvCtrl' has no attribute 'checkInitSuccess'

[DEBUG]2021-03-17 09:50:28,711: used 245ms 200 OK application/json;charset=utf-8, GET: http://127.0.0.1:5551/api/agv/checkInitStatus?agv=AGV04&loc=None&timeoutSec=90
[DEBUG]2021-03-17 09:50:36,407: GET: http://127.0.0.1:5551/api/agv/apply?appName=scadaTask&autoLock=False&exclude&loc=LM242&mapId=fp20190712-1&taskId=60515fa963fdc12e93ab111b&timeout=10 addr: 127.0.0.1
[INFO]2021-03-17 09:50:38,426: apply AGV04 ,taskId: 60515fa963fdc12e93ab111b ,loc fp20190712-1.LM242 ,autoLock False , used 1944 ms
[DEBUG]2021-03-17 09:50:38,504: used 2098ms 200 OK application/json;charset=utf-8, GET: http://127.0.0.1:5551/api/agv/apply?appName=scadaTask&autoLock=False&exclude&loc=LM242&mapId=fp20190712-1&taskId=60515fa963fdc12e93ab111b&timeout=10
[DEBUG]2021-03-17 09:50:38,888: GET: http://127.0.0.1:5551/api/agv/checkInitStatus?agv=AGV04&loc=None&timeoutSec=90 addr: 127.0.0.1
[CRITICAL]2021-03-17 09:50:38,998: invoke <function urlcheckInitStatus at 0x0000026290286620> cause a error: module 'driver.seerAgv.mockAgvCtrl' has no attribute 'checkInitSuccess'
pid=13500, ppid=12948, tid=5880
Traceback (most recent call last):
  File "C:\Users\Administrator\Desktop\SVN\branches\common\scadaUtility.py", line 45, in __call
    ret = func(*p,**pp)
  File "C:\Users\Administrator\Desktop\SVN\branches\agvDevice\main_agvDevice.py", line 49, in urlcheckInitStatus
    return jackMgr.checkInitStatus(agvId=agvId, timeout=timeout)
  File "C:\Users\Administrator\Desktop\SVN\branches\agvDevice\jackMgr.py", line 53, in checkInitStatus
    ret=agvCtrl.checkInitSuccess(agvId)
AttributeError: module 'driver.seerAgv.mockAgvCtrl' has no attribute 'checkInitSuccess'

[DEBUG]2021-03-17 09:50:39,091: used 203ms 200 OK application/json;charset=utf-8, GET: http://127.0.0.1:5551/api/agv/checkInitStatus?agv=AGV04&loc=None&timeoutSec=90
[DEBUG]2021-03-17 09:50:46,792: GET: http://127.0.0.1:5551/api/agv/apply?appName=scadaTask&autoLock=False&exclude&loc=LM242&mapId=fp20190712-1&taskId=60515fa963fdc12e93ab111b&timeout=10 addr: 127.0.0.1
[INFO]2021-03-17 09:50:48,410: apply AGV04 ,taskId: 60515fa963fdc12e93ab111b ,loc fp20190712-1.LM242 ,autoLock False , used 1544 ms
[DEBUG]2021-03-17 09:50:48,457: used 1665ms 200 OK application/json;charset=utf-8, GET: http://127.0.0.1:5551/api/agv/apply?appName=scadaTask&autoLock=False&exclude&loc=LM242&mapId=fp20190712-1&taskId=60515fa963fdc12e93ab111b&timeout=10
[DEBUG]2021-03-17 09:50:48,781: GET: http://127.0.0.1:5551/api/agv/checkInitStatus?agv=AGV04&loc=None&timeoutSec=90 addr: 127.0.0.1
[CRITICAL]2021-03-17 09:50:48,902: invoke <function urlcheckInitStatus at 0x0000026290286620> cause a error: module 'driver.seerAgv.mockAgvCtrl' has no attribute 'checkInitSuccess'
pid=13500, ppid=12948, tid=4368
Traceback (most recent call last):
  File "C:\Users\Administrator\Desktop\SVN\branches\common\scadaUtility.py", line 45, in __call
    ret = func(*p,**pp)
  File "C:\Users\Administrator\Desktop\SVN\branches\agvDevice\main_agvDevice.py", line 49, in urlcheckInitStatus
    return jackMgr.checkInitStatus(agvId=agvId, timeout=timeout)
  File "C:\Users\Administrator\Desktop\SVN\branches\agvDevice\jackMgr.py", line 53, in checkInitStatus
    ret=agvCtrl.checkInitSuccess(agvId)
AttributeError: module 'driver.seerAgv.mockAgvCtrl' has no attribute 'checkInitSuccess'

[DEBUG]2021-03-17 09:50:48,993: used 212ms 200 OK application/json;charset=utf-8, GET: http://127.0.0.1:5551/api/agv/checkInitStatus?agv=AGV04&loc=None&timeoutSec=90
[DEBUG]2021-03-17 09:50:56,679: GET: http://127.0.0.1:5551/api/agv/apply?appName=scadaTask&autoLock=False&exclude&loc=LM242&mapId=fp20190712-1&taskId=60515fa963fdc12e93ab111b&timeout=10 addr: 127.0.0.1
[INFO]2021-03-17 09:50:58,045: apply AGV04 ,taskId: 60515fa963fdc12e93ab111b ,loc fp20190712-1.LM242 ,autoLock False , used 1334 ms
[DEBUG]2021-03-17 09:50:58,107: used 1428ms 200 OK application/json;charset=utf-8, GET: http://127.0.0.1:5551/api/agv/apply?appName=scadaTask&autoLock=False&exclude&loc=LM242&mapId=fp20190712-1&taskId=60515fa963fdc12e93ab111b&timeout=10
[DEBUG]2021-03-17 09:50:58,444: GET: http://127.0.0.1:5551/api/agv/checkInitStatus?agv=AGV04&loc=None&timeoutSec=90 addr: 127.0.0.1
[CRITICAL]2021-03-17 09:50:58,613: invoke <function urlcheckInitStatus at 0x0000026290286620> cause a error: module 'driver.seerAgv.mockAgvCtrl' has no attribute 'checkInitSuccess'
pid=13500, ppid=12948, tid=4776
Traceback (most recent call last):
  File "C:\Users\Administrator\Desktop\SVN\branches\common\scadaUtility.py", line 45, in __call
    ret = func(*p,**pp)
  File "C:\Users\Administrator\Desktop\SVN\branches\agvDevice\main_agvDevice.py", line 49, in urlcheckInitStatus
    return jackMgr.checkInitStatus(agvId=agvId, timeout=timeout)
  File "C:\Users\Administrator\Desktop\SVN\branches\agvDevice\jackMgr.py", line 53, in checkInitStatus
    ret=agvCtrl.checkInitSuccess(agvId)
AttributeError: module 'driver.seerAgv.mockAgvCtrl' has no attribute 'checkInitSuccess'

[DEBUG]2021-03-17 09:50:58,674: used 230ms 200 OK application/json;charset=utf-8, GET: http://127.0.0.1:5551/api/agv/checkInitStatus?agv=AGV04&loc=None&timeoutSec=90
[DEBUG]2021-03-17 09:51:06,443: GET: http://127.0.0.1:5551/api/agv/apply?appName=scadaTask&autoLock=False&exclude&loc=LM242&mapId=fp20190712-1&taskId=60515fa963fdc12e93ab111b&timeout=10 addr: 127.0.0.1
[INFO]2021-03-17 09:51:08,407: apply AGV04 ,taskId: 60515fa963fdc12e93ab111b ,loc fp20190712-1.LM242 ,autoLock False , used 1888 ms
[DEBUG]2021-03-17 09:51:08,560: used 2117ms 200 OK application/json;charset=utf-8, GET: http://127.0.0.1:5551/api/agv/apply?appName=scadaTask&autoLock=False&exclude&loc=LM242&mapId=fp20190712-1&taskId=60515fa963fdc12e93ab111b&timeout=10
[DEBUG]2021-03-17 09:51:09,006: GET: http://127.0.0.1:5551/api/agv/checkInitStatus?agv=AGV04&loc=None&timeoutSec=90 addr: 127.0.0.1
[CRITICAL]2021-03-17 09:51:09,127: invoke <function urlcheckInitStatus at 0x0000026290286620> cause a error: module 'driver.seerAgv.mockAgvCtrl' has no attribute 'checkInitSuccess'
pid=13500, ppid=12948, tid=13408
Traceback (most recent call last):
  File "C:\Users\Administrator\Desktop\SVN\branches\common\scadaUtility.py", line 45, in __call
    ret = func(*p,**pp)
  File "C:\Users\Administrator\Desktop\SVN\branches\agvDevice\main_agvDevice.py", line 49, in urlcheckInitStatus
    return jackMgr.checkInitStatus(agvId=agvId, timeout=timeout)
  File "C:\Users\Administrator\Desktop\SVN\branches\agvDevice\jackMgr.py", line 53, in checkInitStatus
    ret=agvCtrl.checkInitSuccess(agvId)
AttributeError: module 'driver.seerAgv.mockAgvCtrl' has no attribute 'checkInitSuccess'

[DEBUG]2021-03-17 09:51:09,279: used 273ms 200 OK application/json;charset=utf-8, GET: http://127.0.0.1:5551/api/agv/checkInitStatus?agv=AGV04&loc=None&timeoutSec=90
[DEBUG]2021-03-17 09:51:17,096: GET: http://127.0.0.1:5551/api/agv/apply?appName=scadaTask&autoLock=False&exclude&loc=LM242&mapId=fp20190712-1&taskId=60515fa963fdc12e93ab111b&timeout=10 addr: 127.0.0.1
[INFO]2021-03-17 09:51:18,819: apply AGV04 ,taskId: 60515fa963fdc12e93ab111b ,loc fp20190712-1.LM242 ,autoLock False , used 1648 ms
[DEBUG]2021-03-17 09:51:18,881: used 1785ms 200 OK application/json;charset=utf-8, GET: http://127.0.0.1:5551/api/agv/apply?appName=scadaTask&autoLock=False&exclude&loc=LM242&mapId=fp20190712-1&taskId=60515fa963fdc12e93ab111b&timeout=10
[DEBUG]2021-03-17 09:51:19,286: GET: http://127.0.0.1:5551/api/agv/checkInitStatus?agv=AGV04&loc=None&timeoutSec=90 addr: 127.0.0.1
[CRITICAL]2021-03-17 09:51:19,408: invoke <function urlcheckInitStatus at 0x0000026290286620> cause a error: module 'driver.seerAgv.mockAgvCtrl' has no attribute 'checkInitSuccess'
pid=13500, ppid=12948, tid=2672
Traceback (most recent call last):
  File "C:\Users\Administrator\Desktop\SVN\branches\common\scadaUtility.py", line 45, in __call
    ret = func(*p,**pp)
  File "C:\Users\Administrator\Desktop\SVN\branches\agvDevice\main_agvDevice.py", line 49, in urlcheckInitStatus
    return jackMgr.checkInitStatus(agvId=agvId, timeout=timeout)
  File "C:\Users\Administrator\Desktop\SVN\branches\agvDevice\jackMgr.py", line 53, in checkInitStatus
    ret=agvCtrl.checkInitSuccess(agvId)
AttributeError: module 'driver.seerAgv.mockAgvCtrl' has no attribute 'checkInitSuccess'

[DEBUG]2021-03-17 09:51:19,563: used 277ms 200 OK application/json;charset=utf-8, GET: http://127.0.0.1:5551/api/agv/checkInitStatus?agv=AGV04&loc=None&timeoutSec=90
[DEBUG]2021-03-17 09:51:27,271: GET: http://127.0.0.1:5551/api/agv/apply?appName=scadaTask&autoLock=False&exclude&loc=LM242&mapId=fp20190712-1&taskId=60515fa963fdc12e93ab111b&timeout=10 addr: 127.0.0.1
[INFO]2021-03-17 09:51:29,166: apply AGV04 ,taskId: 60515fa963fdc12e93ab111b ,loc fp20190712-1.LM242 ,autoLock False , used 1754 ms
[DEBUG]2021-03-17 09:51:29,270: used 1999ms 200 OK application/json;charset=utf-8, GET: http://127.0.0.1:5551/api/agv/apply?appName=scadaTask&autoLock=False&exclude&loc=LM242&mapId=fp20190712-1&taskId=60515fa963fdc12e93ab111b&timeout=10
[DEBUG]2021-03-17 09:51:29,582: GET: http://127.0.0.1:5551/api/agv/checkInitStatus?agv=AGV04&loc=None&timeoutSec=90 addr: 127.0.0.1
[CRITICAL]2021-03-17 09:51:29,739: invoke <function urlcheckInitStatus at 0x0000026290286620> cause a error: module 'driver.seerAgv.mockAgvCtrl' has no attribute 'checkInitSuccess'
pid=13500, ppid=12948, tid=5880
Traceback (most recent call last):
  File "C:\Users\Administrator\Desktop\SVN\branches\common\scadaUtility.py", line 45, in __call
    ret = func(*p,**pp)
  File "C:\Users\Administrator\Desktop\SVN\branches\agvDevice\main_agvDevice.py", line 49, in urlcheckInitStatus
    return jackMgr.checkInitStatus(agvId=agvId, timeout=timeout)
  File "C:\Users\Administrator\Desktop\SVN\branches\agvDevice\jackMgr.py", line 53, in checkInitStatus
    ret=agvCtrl.checkInitSuccess(agvId)
AttributeError: module 'driver.seerAgv.mockAgvCtrl' has no attribute 'checkInitSuccess'

[DEBUG]2021-03-17 09:51:29,788: used 206ms 200 OK application/json;charset=utf-8, GET: http://127.0.0.1:5551/api/agv/checkInitStatus?agv=AGV04&loc=None&timeoutSec=90
[DEBUG]2021-03-17 09:51:37,548: GET: http://127.0.0.1:5551/api/agv/apply?appName=scadaTask&autoLock=False&exclude&loc=LM242&mapId=fp20190712-1&taskId=60515fa963fdc12e93ab111b&timeout=10 addr: 127.0.0.1
[INFO]2021-03-17 09:51:39,392: apply AGV04 ,taskId: 60515fa963fdc12e93ab111b ,loc fp20190712-1.LM242 ,autoLock False , used 1766 ms
[DEBUG]2021-03-17 09:51:39,453: used 1905ms 200 OK application/json;charset=utf-8, GET: http://127.0.0.1:5551/api/agv/apply?appName=scadaTask&autoLock=False&exclude&loc=LM242&mapId=fp20190712-1&taskId=60515fa963fdc12e93ab111b&timeout=10
[DEBUG]2021-03-17 09:51:39,778: GET: http://127.0.0.1:5551/api/agv/checkInitStatus?agv=AGV04&loc=None&timeoutSec=90 addr: 127.0.0.1
[CRITICAL]2021-03-17 09:51:39,917: invoke <function urlcheckInitStatus at 0x0000026290286620> cause a error: module 'driver.seerAgv.mockAgvCtrl' has no attribute 'checkInitSuccess'
pid=13500, ppid=12948, tid=4368
Traceback (most recent call last):
  File "C:\Users\Administrator\Desktop\SVN\branches\common\scadaUtility.py", line 45, in __call
    ret = func(*p,**pp)
  File "C:\Users\Administrator\Desktop\SVN\branches\agvDevice\main_agvDevice.py", line 49, in urlcheckInitStatus
    return jackMgr.checkInitStatus(agvId=agvId, timeout=timeout)
  File "C:\Users\Administrator\Desktop\SVN\branches\agvDevice\jackMgr.py", line 53, in checkInitStatus
    ret=agvCtrl.checkInitSuccess(agvId)
AttributeError: module 'driver.seerAgv.mockAgvCtrl' has no attribute 'checkInitSuccess'

[DEBUG]2021-03-17 09:51:40,023: used 245ms 200 OK application/json;charset=utf-8, GET: http://127.0.0.1:5551/api/agv/checkInitStatus?agv=AGV04&loc=None&timeoutSec=90
[DEBUG]2021-03-17 09:51:47,851: GET: http://127.0.0.1:5551/api/agv/apply?appName=scadaTask&autoLock=False&exclude&loc=LM242&mapId=fp20190712-1&taskId=60515fa963fdc12e93ab111b&timeout=10 addr: 127.0.0.1
[INFO]2021-03-17 09:51:49,238: apply AGV04 ,taskId: 60515fa963fdc12e93ab111b ,loc fp20190712-1.LM242 ,autoLock False , used 1339 ms
[DEBUG]2021-03-17 09:51:49,305: used 1454ms 200 OK application/json;charset=utf-8, GET: http://127.0.0.1:5551/api/agv/apply?appName=scadaTask&autoLock=False&exclude&loc=LM242&mapId=fp20190712-1&taskId=60515fa963fdc12e93ab111b&timeout=10
[DEBUG]2021-03-17 09:51:49,683: GET: http://127.0.0.1:5551/api/agv/checkInitStatus?agv=AGV04&loc=None&timeoutSec=90 addr: 127.0.0.1
[CRITICAL]2021-03-17 09:51:49,854: invoke <function urlcheckInitStatus at 0x0000026290286620> cause a error: module 'driver.seerAgv.mockAgvCtrl' has no attribute 'checkInitSuccess'
pid=13500, ppid=12948, tid=4776
Traceback (most recent call last):
  File "C:\Users\Administrator\Desktop\SVN\branches\common\scadaUtility.py", line 45, in __call
    ret = func(*p,**pp)
  File "C:\Users\Administrator\Desktop\SVN\branches\agvDevice\main_agvDevice.py", line 49, in urlcheckInitStatus
    return jackMgr.checkInitStatus(agvId=agvId, timeout=timeout)
  File "C:\Users\Administrator\Desktop\SVN\branches\agvDevice\jackMgr.py", line 53, in checkInitStatus
    ret=agvCtrl.checkInitSuccess(agvId)
AttributeError: module 'driver.seerAgv.mockAgvCtrl' has no attribute 'checkInitSuccess'

[DEBUG]2021-03-17 09:51:49,962: used 279ms 200 OK application/json;charset=utf-8, GET: http://127.0.0.1:5551/api/agv/checkInitStatus?agv=AGV04&loc=None&timeoutSec=90
[DEBUG]2021-03-17 09:51:57,714: GET: http://127.0.0.1:5551/api/agv/apply?appName=scadaTask&autoLock=False&exclude&loc=LM242&mapId=fp20190712-1&taskId=60515fa963fdc12e93ab111b&timeout=10 addr: 127.0.0.1
[INFO]2021-03-17 09:51:59,670: apply AGV04 ,taskId: 60515fa963fdc12e93ab111b ,loc fp20190712-1.LM242 ,autoLock False , used 1894 ms
[DEBUG]2021-03-17 09:51:59,731: used 2017ms 200 OK application/json;charset=utf-8, GET: http://127.0.0.1:5551/api/agv/apply?appName=scadaTask&autoLock=False&exclude&loc=LM242&mapId=fp20190712-1&taskId=60515fa963fdc12e93ab111b&timeout=10
[DEBUG]2021-03-17 09:52:00,212: GET: http://127.0.0.1:5551/api/agv/checkInitStatus?agv=AGV04&loc=None&timeoutSec=90 addr: 127.0.0.1
[CRITICAL]2021-03-17 09:52:00,349: invoke <function urlcheckInitStatus at 0x0000026290286620> cause a error: module 'driver.seerAgv.mockAgvCtrl' has no attribute 'checkInitSuccess'
pid=13500, ppid=12948, tid=13408
Traceback (most recent call last):
  File "C:\Users\Administrator\Desktop\SVN\branches\common\scadaUtility.py", line 45, in __call
    ret = func(*p,**pp)
  File "C:\Users\Administrator\Desktop\SVN\branches\agvDevice\main_agvDevice.py", line 49, in urlcheckInitStatus
    return jackMgr.checkInitStatus(agvId=agvId, timeout=timeout)
  File "C:\Users\Administrator\Desktop\SVN\branches\agvDevice\jackMgr.py", line 53, in checkInitStatus
    ret=agvCtrl.checkInitSuccess(agvId)
AttributeError: module 'driver.seerAgv.mockAgvCtrl' has no attribute 'checkInitSuccess'

[DEBUG]2021-03-17 09:52:00,427: used 216ms 200 OK application/json;charset=utf-8, GET: http://127.0.0.1:5551/api/agv/checkInitStatus?agv=AGV04&loc=None&timeoutSec=90
[DEBUG]2021-03-17 09:52:08,159: GET: http://127.0.0.1:5551/api/agv/apply?appName=scadaTask&autoLock=False&exclude&loc=LM242&mapId=fp20190712-1&taskId=60515fa963fdc12e93ab111b&timeout=10 addr: 127.0.0.1
[INFO]2021-03-17 09:52:10,171: apply AGV04 ,taskId: 60515fa963fdc12e93ab111b ,loc fp20190712-1.LM242 ,autoLock False , used 1967 ms
[DEBUG]2021-03-17 09:52:10,249: used 2090ms 200 OK application/json;charset=utf-8, GET: http://127.0.0.1:5551/api/agv/apply?appName=scadaTask&autoLock=False&exclude&loc=LM242&mapId=fp20190712-1&taskId=60515fa963fdc12e93ab111b&timeout=10
[DEBUG]2021-03-17 09:52:10,526: GET: http://127.0.0.1:5551/api/agv/checkInitStatus?agv=AGV04&loc=None&timeoutSec=90 addr: 127.0.0.1
[CRITICAL]2021-03-17 09:52:10,649: invoke <function urlcheckInitStatus at 0x0000026290286620> cause a error: module 'driver.seerAgv.mockAgvCtrl' has no attribute 'checkInitSuccess'
pid=13500, ppid=12948, tid=2672
Traceback (most recent call last):
  File "C:\Users\Administrator\Desktop\SVN\branches\common\scadaUtility.py", line 45, in __call
    ret = func(*p,**pp)
  File "C:\Users\Administrator\Desktop\SVN\branches\agvDevice\main_agvDevice.py", line 49, in urlcheckInitStatus
    return jackMgr.checkInitStatus(agvId=agvId, timeout=timeout)
  File "C:\Users\Administrator\Desktop\SVN\branches\agvDevice\jackMgr.py", line 53, in checkInitStatus
    ret=agvCtrl.checkInitSuccess(agvId)
AttributeError: module 'driver.seerAgv.mockAgvCtrl' has no attribute 'checkInitSuccess'

[DEBUG]2021-03-17 09:52:10,832: used 306ms 200 OK application/json;charset=utf-8, GET: http://127.0.0.1:5551/api/agv/checkInitStatus?agv=AGV04&loc=None&timeoutSec=90
[DEBUG]2021-03-17 09:52:18,622: GET: http://127.0.0.1:5551/api/agv/apply?appName=scadaTask&autoLock=False&exclude&loc=LM242&mapId=fp20190712-1&taskId=60515fa963fdc12e93ab111b&timeout=10 addr: 127.0.0.1
[INFO]2021-03-17 09:52:20,326: apply AGV04 ,taskId: 60515fa963fdc12e93ab111b ,loc fp20190712-1.LM242 ,autoLock False , used 1639 ms
[DEBUG]2021-03-17 09:52:20,401: used 1779ms 200 OK application/json;charset=utf-8, GET: http://127.0.0.1:5551/api/agv/apply?appName=scadaTask&autoLock=False&exclude&loc=LM242&mapId=fp20190712-1&taskId=60515fa963fdc12e93ab111b&timeout=10
[DEBUG]2021-03-17 09:52:20,755: GET: http://127.0.0.1:5551/api/agv/checkInitStatus?agv=AGV04&loc=None&timeoutSec=90 addr: 127.0.0.1
[CRITICAL]2021-03-17 09:52:20,849: invoke <function urlcheckInitStatus at 0x0000026290286620> cause a error: module 'driver.seerAgv.mockAgvCtrl' has no attribute 'checkInitSuccess'
pid=13500, ppid=12948, tid=5880
Traceback (most recent call last):
  File "C:\Users\Administrator\Desktop\SVN\branches\common\scadaUtility.py", line 45, in __call
    ret = func(*p,**pp)
  File "C:\Users\Administrator\Desktop\SVN\branches\agvDevice\main_agvDevice.py", line 49, in urlcheckInitStatus
    return jackMgr.checkInitStatus(agvId=agvId, timeout=timeout)
  File "C:\Users\Administrator\Desktop\SVN\branches\agvDevice\jackMgr.py", line 53, in checkInitStatus
    ret=agvCtrl.checkInitSuccess(agvId)
AttributeError: module 'driver.seerAgv.mockAgvCtrl' has no attribute 'checkInitSuccess'

[DEBUG]2021-03-17 09:52:20,911: used 156ms 200 OK application/json;charset=utf-8, GET: http://127.0.0.1:5551/api/agv/checkInitStatus?agv=AGV04&loc=None&timeoutSec=90
[DEBUG]2021-03-17 09:52:28,632: GET: http://127.0.0.1:5551/api/agv/apply?appName=scadaTask&autoLock=False&exclude&loc=LM242&mapId=fp20190712-1&taskId=60515fa963fdc12e93ab111b&timeout=10 addr: 127.0.0.1
[INFO]2021-03-17 09:52:30,334: apply AGV04 ,taskId: 60515fa963fdc12e93ab111b ,loc fp20190712-1.LM242 ,autoLock False , used 1626 ms
[DEBUG]2021-03-17 09:52:30,427: used 1795ms 200 OK application/json;charset=utf-8, GET: http://127.0.0.1:5551/api/agv/apply?appName=scadaTask&autoLock=False&exclude&loc=LM242&mapId=fp20190712-1&taskId=60515fa963fdc12e93ab111b&timeout=10
[DEBUG]2021-03-17 09:52:30,829: GET: http://127.0.0.1:5551/api/agv/checkInitStatus?agv=AGV04&loc=None&timeoutSec=90 addr: 127.0.0.1
[CRITICAL]2021-03-17 09:52:30,923: invoke <function urlcheckInitStatus at 0x0000026290286620> cause a error: module 'driver.seerAgv.mockAgvCtrl' has no attribute 'checkInitSuccess'
pid=13500, ppid=12948, tid=4368
Traceback (most recent call last):
  File "C:\Users\Administrator\Desktop\SVN\branches\common\scadaUtility.py", line 45, in __call
    ret = func(*p,**pp)
  File "C:\Users\Administrator\Desktop\SVN\branches\agvDevice\main_agvDevice.py", line 49, in urlcheckInitStatus
    return jackMgr.checkInitStatus(agvId=agvId, timeout=timeout)
  File "C:\Users\Administrator\Desktop\SVN\branches\agvDevice\jackMgr.py", line 53, in checkInitStatus
    ret=agvCtrl.checkInitSuccess(agvId)
AttributeError: module 'driver.seerAgv.mockAgvCtrl' has no attribute 'checkInitSuccess'

[DEBUG]2021-03-17 09:52:30,984: used 155ms 200 OK application/json;charset=utf-8, GET: http://127.0.0.1:5551/api/agv/checkInitStatus?agv=AGV04&loc=None&timeoutSec=90
