[INFO]2021-03-02 15:39:47,583: log files at D:\python_lx\akm\common\log
[INFO]2021-03-02 15:39:47,583: find module agvCtrl.main_agv
[INFO]2021-03-02 15:39:47,583: find module agvDevice.main_agvDevice
[INFO]2021-03-02 15:39:47,583: find module alarm.main_alarm
[INFO]2021-03-02 15:39:47,584: find module auth.main_auth
[INFO]2021-03-02 15:39:47,584: find module button.main_button
[INFO]2021-03-02 15:39:47,584: find module door.main_door
[INFO]2021-03-02 15:39:47,584: find module elevator.main_elevator
[INFO]2021-03-02 15:39:47,585: find module virtualDoor.main_doorCtrl
[INFO]2021-03-02 15:39:47,585: import agvCtrl.main_agv
[INFO]2021-03-02 15:39:47,969: create lock <lock name:doorMgr.lock,<unlocked _thread.RLock object owner=0 count=0 at 0x0000021C4F0DC690>>
[INFO]2021-03-02 15:39:47,980: create lock <lock name:door.lock,<unlocked _thread.RLock object owner=0 count=0 at 0x0000021C4F0DCED0>>
[INFO]2021-03-02 15:39:48,121: create lock <lock name:timer.lock_2320611895424,<unlocked _thread.RLock object owner=0 count=0 at 0x0000021C4F3F69C0>>
[ERROR]2021-03-02 15:39:48,131: mqtt is disabled
[INFO]2021-03-02 15:39:48,131: mqtt: subscribe [alarm/raise/+]
[INFO]2021-03-02 15:39:48,131: mqtt: subscribe [alarm/clear/+]
[INFO]2021-03-02 15:39:51,158: Mongodb connect to 127.0.0.1 port 27017
[INFO]2021-03-02 15:39:51,217: create lock <lock name:elevatorApi.tcp_lock,<unlocked _thread.RLock object owner=0 count=0 at 0x0000021C4F67FDB0>>
[INFO]2021-03-02 15:39:51,218: create lock <lock name:elevatorApi.g_lock,<unlocked _thread.RLock object owner=0 count=0 at 0x0000021C4F67F6F0>>
[INFO]2021-03-02 15:39:51,220: create lock <lock name:elevatorMgr.lock,<unlocked _thread.RLock object owner=0 count=0 at 0x0000021C4F672B10>>
[INFO]2021-03-02 15:39:51,239: create lock <lock name:agvserver,<unlocked _thread.RLock object owner=0 count=0 at 0x0000021C4F6D0ED0>>
[INFO]2021-03-02 15:39:51,511: create lock <lock name:mapMgr.lock,<unlocked _thread.RLock object owner=0 count=0 at 0x0000021C4F685BD0>>
[INFO]2021-03-02 15:39:51,769: create lock <lock name:agvList.g_agvLock,<unlocked _thread.RLock object owner=0 count=0 at 0x0000021C4F77C8D0>>
[INFO]2021-03-02 15:39:51,770: create lock <lock name:taskList.lock,<unlocked _thread.RLock object owner=0 count=0 at 0x0000021C4F8312A0>>
[INFO]2021-03-02 15:39:51,830: charge policy 0 , fix time
[INFO]2021-03-02 15:39:51,859: create lock <lock name:agvApi.g_lock,<unlocked _thread.RLock object owner=0 count=0 at 0x0000021C4F831E70>>
[INFO]2021-03-02 15:39:52,273: start load map D:\python_lx\akm\agvCtrl\projects\akm\AKM-AOI.smap
[DEBUG]2021-03-02 15:39:52,436: elevator thread start
[INFO]2021-03-02 15:39:52,458: load map D:\python_lx\akm\agvCtrl\projects\akm\AKM-AOI.smap ,used 193 ms
[INFO]2021-03-02 15:39:52,466: start load map D:\python_lx\akm\agvCtrl\projects\akm\AKM-DC.smap
[INFO]2021-03-02 15:39:52,532: load map D:\python_lx\akm\agvCtrl\projects\akm\AKM-DC.smap ,used 74 ms
[INFO]2021-03-02 15:39:52,542: start load map D:\python_lx\akm\agvCtrl\projects\akm\AKM-DDT.smap
[INFO]2021-03-02 15:39:52,622: load map D:\python_lx\akm\agvCtrl\projects\akm\AKM-DDT.smap ,used 90 ms
[INFO]2021-03-02 15:39:52,631: start load map D:\python_lx\akm\agvCtrl\projects\akm\AKM-FQC.smap
[DEBUG]2021-03-02 15:39:52,775: create aliveObj SK_DOOR 门控离线异常 timeout 60
[DEBUG]2021-03-02 15:39:52,776: create aliveObj DDT_DOOR03 门控离线异常 timeout 60
[INFO]2021-03-02 15:39:52,800: load map D:\python_lx\akm\agvCtrl\projects\akm\AKM-FQC.smap ,used 178 ms
[INFO]2021-03-02 15:39:52,811: start load map D:\python_lx\akm\agvCtrl\projects\akm\AKM-LYH.smap
[INFO]2021-03-02 15:39:52,901: load map D:\python_lx\akm\agvCtrl\projects\akm\AKM-LYH.smap ,used 101 ms
[INFO]2021-03-02 15:39:52,909: start load map D:\python_lx\akm\agvCtrl\projects\akm\AKM-ZP.smap
[INFO]2021-03-02 15:39:52,980: load map D:\python_lx\akm\agvCtrl\projects\akm\AKM-ZP.smap ,used 79 ms
[INFO]2021-03-02 15:39:52,992: start load map D:\python_lx\akm\agvCtrl\projects\akm\office.smap
[INFO]2021-03-02 15:39:53,040: load map D:\python_lx\akm\agvCtrl\projects\akm\office.smap ,used 59 ms
[INFO]2021-03-02 15:39:53,042: import agvDevice.main_agvDevice
[INFO]2021-03-02 15:39:53,042: import alarm.main_alarm
[INFO]2021-03-02 15:39:53,044: import auth.main_auth
[INFO]2021-03-02 15:39:53,052: import button.main_button
[INFO]2021-03-02 15:39:53,055: create lock <lock name:agvApi.g_lock,<unlocked _thread.RLock object owner=0 count=0 at 0x0000021C4FD4E3F0>>
[INFO]2021-03-02 15:39:53,093: import door.main_door
[INFO]2021-03-02 15:39:53,095: import elevator.main_elevator
[INFO]2021-03-02 15:39:53,095: import virtualDoor.main_doorCtrl
[INFO]2021-03-02 15:39:55,292: create lock <lock name:IOAlarm.s_lock,<unlocked _thread.RLock object owner=0 count=0 at 0x0000021C4FEC4120>>
[DEBUG]2021-03-02 15:39:55,293: create aliveObj magneticAGV01 二维码掉线异常 timeout 120
[SUCC]2021-03-02 15:39:55,303: utility start, pid=16996, ppid=16300
[DEBUG]2021-03-02 15:39:55,304: start timer
[INFO]2021-03-02 15:39:55,313: load agv file: D:\python_lx\akm\agvCtrl/projects/akm/agv.cfg
[INFO]2021-03-02 15:39:55,313: create lock <lock name:agvList.AGV23.lock,<unlocked _thread.RLock object owner=0 count=0 at 0x0000021C5039E900>>
[DEBUG]2021-03-02 15:39:55,314: create aliveObj AGV23 AGV离线异常 timeout 300
[INFO]2021-03-02 15:39:55,315: AGV23 start agvList run thread
[INFO]2021-03-02 15:39:55,315: create lock <lock name:agv.AGV23.lock_status,<unlocked _thread.RLock object owner=0 count=0 at 0x0000021C503B8510>>
[DEBUG]2021-03-02 15:39:55,315: try connect AGV23 192.168.20.198:19204
[INFO]2021-03-02 15:39:55,315: AGV23 start agvList run2 thread
[WARN]2021-03-02 15:39:55,318: Local server start! version 3.8.0, path D:\python_lx\akm\common, pid 16996
[INFO]2021-03-02 15:39:55,318: add_ignore: taskStatus
[INFO]2021-03-02 15:39:55,321: AGV23 connected 192.168.20.198 19204
[INFO]2021-03-02 15:39:55,321: create lock <lock name:agv.AGV23.lock_ctrl,<unlocked _thread.RLock object owner=0 count=0 at 0x0000021C5039E960>>
[DEBUG]2021-03-02 15:39:55,321: try connect AGV23 192.168.20.198:19205
[INFO]2021-03-02 15:39:55,326: AGV23 connected 192.168.20.198 19205
[INFO]2021-03-02 15:39:55,327: create lock <lock name:agv.AGV23.lock_task,<unlocked _thread.RLock object owner=0 count=0 at 0x0000021C5039EED0>>
[DEBUG]2021-03-02 15:39:55,327: try connect AGV23 192.168.20.198:19206
[INFO]2021-03-02 15:39:55,334: AGV23 connected 192.168.20.198 19206
[INFO]2021-03-02 15:39:55,334: create lock <lock name:agv.AGV23.lock_conf,<unlocked _thread.RLock object owner=0 count=0 at 0x0000021C5039EDB0>>
[DEBUG]2021-03-02 15:39:55,335: try connect AGV23 192.168.20.198:19207
[INFO]2021-03-02 15:39:55,441: AGV23 connected 192.168.20.198 19207
[INFO]2021-03-02 15:39:55,441: create lock <lock name:agv.AGV23.lock_core,<unlocked _thread.RLock object owner=0 count=0 at 0x0000021C5039EF60>>
[DEBUG]2021-03-02 15:39:55,441: try connect AGV23 192.168.20.198:19208
[INFO]2021-03-02 15:39:55,446: AGV23 connected 192.168.20.198 19208
[INFO]2021-03-02 15:39:55,447: create lock <lock name:agv.AGV23.lock_other,<unlocked _thread.RLock object owner=0 count=0 at 0x0000021C503D3420>>
[DEBUG]2021-03-02 15:39:55,447: try connect AGV23 192.168.20.198:19210
[INFO]2021-03-02 15:39:55,456: AGV23 connected 192.168.20.198 19210
[INFO]2021-03-02 15:39:55,478: AGV23 current map AKM-FQC
[INFO]2021-03-02 15:39:55,550: AGV23 is online
[INFO]2021-03-02 15:39:59,391: magneticAGV01 (0, 0, 0, 0)
[INFO]2021-03-02 15:40:02,410: magneticAGV01 (0, 0, 0, 0)
[INFO]2021-03-02 15:40:05,431: magneticAGV01 (0, 0, 0, 0)
[INFO]2021-03-02 15:40:08,463: magneticAGV01 (0, 0, 0, 0)
[INFO]2021-03-02 15:40:11,560: magneticAGV01 (0, 0, 0, 0)
[INFO]2021-03-02 15:40:14,581: magneticAGV01 (0, 0, 0, 0)
[INFO]2021-03-02 15:40:17,590: magneticAGV01 (0, 0, 0, 0)
[INFO]2021-03-02 15:40:20,616: magneticAGV01 (0, 0, 0, 0)
[INFO]2021-03-02 15:40:23,626: magneticAGV01 (0, 0, 0, 0)
[INFO]2021-03-02 15:40:26,654: magneticAGV01 (0, 0, 0, 0)
[INFO]2021-03-02 15:40:29,664: magneticAGV01 (0, 0, 0, 0)
[INFO]2021-03-02 15:40:32,695: magneticAGV01 (0, 0, 0, 0)
[INFO]2021-03-02 15:40:35,707: magneticAGV01 (0, 0, 0, 0)
[INFO]2021-03-02 15:40:38,725: magneticAGV01 (0, 0, 0, 0)
[INFO]2021-03-02 15:40:41,757: magneticAGV01 (0, 0, 0, 0)
[INFO]2021-03-02 15:40:44,784: magneticAGV01 (0, 0, 0, 0)
[INFO]2021-03-02 15:40:47,807: magneticAGV01 (0, 0, 0, 0)
[INFO]2021-03-02 15:40:50,830: magneticAGV01 (0, 0, 0, 0)
[INFO]2021-03-02 15:40:53,849: magneticAGV01 (0, 0, 0, 0)
[INFO]2021-03-02 15:40:56,876: magneticAGV01 (0, 0, 0, 0)
[INFO]2021-03-02 15:40:59,887: magneticAGV01 (0, 0, 0, 0)
[INFO]2021-03-02 15:41:02,903: magneticAGV01 (0, 0, 0, 0)
[INFO]2021-03-02 15:41:05,913: magneticAGV01 (0, 0, 0, 0)
[INFO]2021-03-02 15:41:08,940: magneticAGV01 (0, 0, 0, 0)
[INFO]2021-03-02 15:41:11,951: magneticAGV01 (0, 0, 0, 0)
[INFO]2021-03-02 15:41:14,969: magneticAGV01 (0, 0, 0, 0)
[INFO]2021-03-02 15:41:17,986: magneticAGV01 (0, 0, 0, 0)
[INFO]2021-03-02 15:41:21,010: magneticAGV01 (0, 0, 0, 0)
[INFO]2021-03-02 15:41:24,027: magneticAGV01 (0, 0, 0, 0)
[INFO]2021-03-02 15:41:27,061: magneticAGV01 (0, 0, 0, 0)
[INFO]2021-03-02 15:41:30,071: magneticAGV01 (0, 0, 0, 0)
[INFO]2021-03-02 15:41:33,181: magneticAGV01 (0, 0, 0, 0)
[INFO]2021-03-02 15:41:36,193: magneticAGV01 (0, 0, 0, 0)
[INFO]2021-03-02 15:41:39,236: magneticAGV01 (0, 0, 0, 0)
[INFO]2021-03-02 15:41:42,248: magneticAGV01 (0, 0, 0, 0)
[INFO]2021-03-02 15:41:45,278: magneticAGV01 (0, 0, 0, 0)
[INFO]2021-03-02 15:41:48,306: magneticAGV01 (0, 0, 0, 0)
[INFO]2021-03-02 15:41:51,322: magneticAGV01 (0, 0, 0, 0)
[WARN]2021-03-02 15:41:55,863: agvThread.AGV23[tid:15116] <lock name:agv.AGV23.lock_status,<locked _thread.RLock object owner=15116 count=1 at 0x0000021C503B8510>> ,hold 3042 ms
[INFO]2021-03-02 15:41:55,865: name=agvThread.AGV23, pid=16996, tid=15116
[01] File "C:/Python38/lib/threading.py", line 870, in run() 
[02] File "D:/python_lx/akm/agvCtrl/agvList.py", line 573, in run() 
[03] File "D:/python_lx/akm/agvCtrl/agvList.py", line 855, in readStatus1() 
[04] File "D:/python_lx/akm/agvCtrl/agvList.py", line 835, in _readStatus1() 
[05] File "D:/python_lx/akm/driver/seerAgv/agvCtrl.py", line 777, in readStatus1() 
[06] File "D:/python_lx/akm/driver/seerAgv/agvApi.py", line 195, in status() 
[07] File "D:/python_lx/akm/driver/seerAgv/agvApi.py", line 254, in _handle() 
[08] File "D:/python_lx/akm/common/lock.py", line 102, in release() 
[09] File "D:/python_lx/akm/common/enhance.py", line 268, in getTrace() 
[10] File "D:/python_lx/akm/common/enhance.py", line 248, in getThreadStack()
[INFO]2021-03-02 15:41:55,868: magneticAGV01 (0, 0, 0, 0)
[INFO]2021-03-02 15:41:58,893: magneticAGV01 (0, 0, 0, 0)
[WARN]2021-03-02 15:41:59,763: agvThread.AGV23[tid:15116] <lock name:agv.AGV23.lock_status,<locked _thread.RLock object owner=15116 count=1 at 0x0000021C503B8510>> ,hold 3394 ms
[INFO]2021-03-02 15:41:59,766: name=agvThread.AGV23, pid=16996, tid=15116
[01] File "C:/Python38/lib/threading.py", line 870, in run() 
[02] File "D:/python_lx/akm/agvCtrl/agvList.py", line 573, in run() 
[03] File "D:/python_lx/akm/agvCtrl/agvList.py", line 855, in readStatus1() 
[04] File "D:/python_lx/akm/agvCtrl/agvList.py", line 835, in _readStatus1() 
[05] File "D:/python_lx/akm/driver/seerAgv/agvCtrl.py", line 777, in readStatus1() 
[06] File "D:/python_lx/akm/driver/seerAgv/agvApi.py", line 195, in status() 
[07] File "D:/python_lx/akm/driver/seerAgv/agvApi.py", line 254, in _handle() 
[08] File "D:/python_lx/akm/common/lock.py", line 102, in release() 
[09] File "D:/python_lx/akm/common/enhance.py", line 268, in getTrace() 
[10] File "D:/python_lx/akm/common/enhance.py", line 248, in getThreadStack()
[INFO]2021-03-02 15:42:01,907: magneticAGV01 (0, 1, 0, 0)
[INFO]2021-03-02 15:42:02,909: magneticAGV01 try to open door 0 ['SK_DOOR', 'DDT_DOOR03'] ['SK_DOOR', 'DDT_DOOR03']
[INFO]2021-03-02 15:42:02,920: task [magneticAGV01] readIo get status  (0, 1, 0, 0, 0, 0, 0, 0)
[DEBUG]2021-03-02 15:42:02,921: magneticAGV01 经过门 ['SK_DOOR', 'DDT_DOOR03'] checkBeginSignal -> opendoor
[INFO]2021-03-02 15:42:03,423: try to open door SK_DOOR
[DEBUG]2021-03-02 15:42:03,423: send http_get: http://127.0.0.1:8999/api/switch/on?id=SK_DOOR
[DEBUG]2021-03-02 15:42:03,429: GET: http://127.0.0.1:8999/api/switch/on?id=SK_DOOR addr: 127.0.0.1
[INFO]2021-03-02 15:42:03,430: The signal to open the door has been sent,  doorIP:192.168.20.163
[DEBUG]2021-03-02 15:42:03,472: send to door module:192.168.20.163, values:outbuf[16] 55 00 00 00 00 AA 03 06 80 00 00 00 00 00 88 16
[DEBUG]2021-03-02 15:42:03,757: read from door module:192.168.20.163, values:inbuf[13] 55 00 00 00 00 AA 83 03 80 01 00 06 16
[DEBUG]2021-03-02 15:42:03,758: used 329ms 200 OK application/json;charset=utf-8, GET: http://127.0.0.1:8999/api/switch/on?id=SK_DOOR
[DEBUG]2021-03-02 15:42:03,761: [return] use 338 ms,http_get: http://127.0.0.1:8999/api/switch/on?id=SK_DOOR
[WARN]2021-03-02 15:42:03,762: magneticAGV01 经过门 ['SK_DOOR', 'DDT_DOOR03'] opendoor error
[INFO]2021-03-02 15:42:04,934: magneticAGV01 (0, 1, 0, 0)
[INFO]2021-03-02 15:42:05,764: try to open door DDT_DOOR03
[DEBUG]2021-03-02 15:42:05,765: send http_get: http://127.0.0.1:8999/api/switch/on?id=DDT_DOOR03
[DEBUG]2021-03-02 15:42:05,779: GET: http://127.0.0.1:8999/api/switch/on?id=DDT_DOOR03 addr: 127.0.0.1
[INFO]2021-03-02 15:42:05,780: The signal to open the door has been sent,  doorIP:192.168.20.160
[DEBUG]2021-03-02 15:42:05,798: send to door module:192.168.20.160, values:outbuf[16] 55 00 00 00 00 AA 03 06 80 00 00 00 00 00 88 16
[DEBUG]2021-03-02 15:42:06,086: read from door module:192.168.20.160, values:inbuf[13] 55 00 00 00 00 AA 83 03 80 01 00 06 16
[DEBUG]2021-03-02 15:42:06,087: used 309ms 200 OK application/json;charset=utf-8, GET: http://127.0.0.1:8999/api/switch/on?id=DDT_DOOR03
[DEBUG]2021-03-02 15:42:06,091: [return] use 326 ms,http_get: http://127.0.0.1:8999/api/switch/on?id=DDT_DOOR03
[WARN]2021-03-02 15:42:06,091: magneticAGV01 经过门 ['SK_DOOR', 'DDT_DOOR03'] opendoor error
[INFO]2021-03-02 15:42:07,946: magneticAGV01 (0, 1, 0, 0)
[DEBUG]2021-03-02 15:42:08,093: magneticAGV01 经过门 ['SK_DOOR', 'DDT_DOOR03'] opendoor -> leavefirst
[INFO]2021-03-02 15:42:09,751: task: [magneticAGV01] readDo status  (1, 0, 0, 0, 0, 0, 0, 0)
[DEBUG]2021-03-02 15:42:09,753: magneticAGV01 经过门 ['SK_DOOR', 'DDT_DOOR03'] leavefirst -> waitAlway
[WARN]2021-03-02 15:42:10,254: magneticAGV01 经过门 ['SK_DOOR', 'DDT_DOOR03'] waitAlway error
[INFO]2021-03-02 15:42:10,960: magneticAGV01 (0, 1, 0, 0)
[WARN]2021-03-02 15:42:12,255: magneticAGV01 经过门 ['SK_DOOR', 'DDT_DOOR03'] waitAlway error
[INFO]2021-03-02 15:42:13,970: magneticAGV01 (0, 1, 0, 0)
[WARN]2021-03-02 15:42:14,257: magneticAGV01 经过门 ['SK_DOOR', 'DDT_DOOR03'] waitAlway error
[WARN]2021-03-02 15:42:16,258: magneticAGV01 经过门 ['SK_DOOR', 'DDT_DOOR03'] waitAlway error
[INFO]2021-03-02 15:42:16,990: magneticAGV01 (0, 1, 0, 0)
[WARN]2021-03-02 15:42:18,261: magneticAGV01 经过门 ['SK_DOOR', 'DDT_DOOR03'] waitAlway error
[INFO]2021-03-02 15:42:20,000: magneticAGV01 (0, 1, 0, 0)
[WARN]2021-03-02 15:42:20,262: magneticAGV01 经过门 ['SK_DOOR', 'DDT_DOOR03'] waitAlway error
[WARN]2021-03-02 15:42:22,263: magneticAGV01 经过门 ['SK_DOOR', 'DDT_DOOR03'] clearfirst error
[INFO]2021-03-02 15:42:23,029: magneticAGV01 (0, 1, 0, 0)
[INFO]2021-03-02 15:42:25,416: task: [magneticAGV01] readDo status  (0, 0, 0, 0, 0, 0, 0, 0)
[WARN]2021-03-02 15:42:25,418: magneticAGV01 经过门 ['SK_DOOR', 'DDT_DOOR03'] checkfinishSignal error
[INFO]2021-03-02 15:42:26,042: magneticAGV01 (0, 1, 0, 0)
[INFO]2021-03-02 15:42:27,431: task [magneticAGV01] readIo get status  (0, 0, 0, 0, 0, 0, 0, 1)
[WARN]2021-03-02 15:42:27,432: magneticAGV01 经过门 ['SK_DOOR', 'DDT_DOOR03'] checkfinishSignal error
[INFO]2021-03-02 15:42:29,062: magneticAGV01 (0, 0, 0, 0)
[INFO]2021-03-02 15:42:29,466: task [magneticAGV01] readIo get status  (0, 0, 0, 0, 0, 0, 0, 1)
[WARN]2021-03-02 15:42:29,520: magneticAGV01 经过门 ['SK_DOOR', 'DDT_DOOR03'] checkfinishSignal error
[INFO]2021-03-02 15:42:31,530: task [magneticAGV01] readIo get status  (0, 0, 0, 0, 0, 0, 0, 1)
[WARN]2021-03-02 15:42:31,531: magneticAGV01 经过门 ['SK_DOOR', 'DDT_DOOR03'] checkfinishSignal error
[INFO]2021-03-02 15:42:32,073: magneticAGV01 (0, 0, 0, 0)
[INFO]2021-03-02 15:42:33,540: task [magneticAGV01] readIo get status  (0, 0, 0, 0, 0, 0, 0, 1)
[WARN]2021-03-02 15:42:33,541: magneticAGV01 经过门 ['SK_DOOR', 'DDT_DOOR03'] checkfinishSignal error
[INFO]2021-03-02 15:42:35,101: magneticAGV01 (0, 0, 0, 0)
[INFO]2021-03-02 15:42:35,549: task [magneticAGV01] readIo get status  (0, 0, 0, 0, 0, 0, 0, 1)
[WARN]2021-03-02 15:42:35,550: magneticAGV01 经过门 ['SK_DOOR', 'DDT_DOOR03'] checkfinishSignal error
[INFO]2021-03-02 15:42:37,558: task [magneticAGV01] readIo get status  (0, 0, 0, 0, 0, 0, 0, 1)
[WARN]2021-03-02 15:42:37,559: magneticAGV01 经过门 ['SK_DOOR', 'DDT_DOOR03'] checkfinishSignal error
[INFO]2021-03-02 15:42:38,112: magneticAGV01 (0, 0, 0, 0)
[INFO]2021-03-02 15:42:39,567: task [magneticAGV01] readIo get status  (0, 0, 0, 0, 0, 0, 0, 1)
[WARN]2021-03-02 15:42:39,567: magneticAGV01 经过门 ['SK_DOOR', 'DDT_DOOR03'] checkfinishSignal error
[INFO]2021-03-02 15:42:41,187: magneticAGV01 (0, 0, 0, 0)
[INFO]2021-03-02 15:42:41,577: task [magneticAGV01] readIo get status  (0, 0, 0, 0, 0, 0, 0, 1)
[WARN]2021-03-02 15:42:41,577: magneticAGV01 经过门 ['SK_DOOR', 'DDT_DOOR03'] checkfinishSignal error
[INFO]2021-03-02 15:42:43,586: task [magneticAGV01] readIo get status  (0, 0, 0, 0, 0, 0, 0, 1)
[WARN]2021-03-02 15:42:43,586: magneticAGV01 经过门 ['SK_DOOR', 'DDT_DOOR03'] checkfinishSignal error
[INFO]2021-03-02 15:42:44,200: magneticAGV01 (0, 0, 0, 0)
[INFO]2021-03-02 15:42:45,593: task [magneticAGV01] readIo get status  (0, 0, 0, 0, 0, 0, 0, 1)
[WARN]2021-03-02 15:42:45,594: magneticAGV01 经过门 ['SK_DOOR', 'DDT_DOOR03'] checkfinishSignal error
[INFO]2021-03-02 15:42:47,234: magneticAGV01 (0, 0, 0, 0)
[INFO]2021-03-02 15:42:47,611: task [magneticAGV01] readIo get status  (0, 0, 0, 0, 0, 0, 0, 1)
[WARN]2021-03-02 15:42:47,612: magneticAGV01 经过门 ['SK_DOOR', 'DDT_DOOR03'] checkfinishSignal error
[INFO]2021-03-02 15:42:49,623: task [magneticAGV01] readIo get status  (0, 0, 0, 0, 0, 0, 0, 1)
[WARN]2021-03-02 15:42:49,624: magneticAGV01 经过门 ['SK_DOOR', 'DDT_DOOR03'] checkfinishSignal error
[INFO]2021-03-02 15:42:50,247: magneticAGV01 (0, 0, 0, 0)
[INFO]2021-03-02 15:42:51,634: task [magneticAGV01] readIo get status  (0, 0, 0, 0, 0, 0, 0, 1)
[WARN]2021-03-02 15:42:51,634: magneticAGV01 经过门 ['SK_DOOR', 'DDT_DOOR03'] checkfinishSignal error
[INFO]2021-03-02 15:42:53,264: magneticAGV01 (0, 0, 0, 0)
[INFO]2021-03-02 15:42:53,645: task [magneticAGV01] readIo get status  (0, 0, 0, 0, 0, 0, 0, 1)
[WARN]2021-03-02 15:42:53,646: magneticAGV01 经过门 ['SK_DOOR', 'DDT_DOOR03'] checkfinishSignal error
[INFO]2021-03-02 15:42:57,897: task [magneticAGV01] readIo get status  (0, 0, 0, 0, 0, 0, 0, 1)
[WARN]2021-03-02 15:42:57,899: magneticAGV01 经过门 ['SK_DOOR', 'DDT_DOOR03'] checkfinishSignal error
[INFO]2021-03-02 15:42:57,911: magneticAGV01 (0, 0, 0, 0)
[WARN]2021-03-02 15:42:57,920: agvThread.AGV23[tid:15116] <lock name:agv.AGV23.lock_status,<locked _thread.RLock object owner=15116 count=1 at 0x0000021C503B8510>> ,hold 3100 ms
[INFO]2021-03-02 15:42:57,923: name=agvThread.AGV23, pid=16996, tid=15116
[01] File "C:/Python38/lib/threading.py", line 870, in run() 
[02] File "D:/python_lx/akm/agvCtrl/agvList.py", line 573, in run() 
[03] File "D:/python_lx/akm/agvCtrl/agvList.py", line 855, in readStatus1() 
[04] File "D:/python_lx/akm/agvCtrl/agvList.py", line 835, in _readStatus1() 
[05] File "D:/python_lx/akm/driver/seerAgv/agvCtrl.py", line 777, in readStatus1() 
[06] File "D:/python_lx/akm/driver/seerAgv/agvApi.py", line 195, in status() 
[07] File "D:/python_lx/akm/driver/seerAgv/agvApi.py", line 254, in _handle() 
[08] File "D:/python_lx/akm/common/lock.py", line 102, in release() 
[09] File "D:/python_lx/akm/common/enhance.py", line 268, in getTrace() 
[10] File "D:/python_lx/akm/common/enhance.py", line 248, in getThreadStack()
[INFO]2021-03-02 15:42:59,908: task [magneticAGV01] readIo get status  (0, 0, 0, 0, 0, 0, 0, 1)
[WARN]2021-03-02 15:42:59,909: magneticAGV01 经过门 ['SK_DOOR', 'DDT_DOOR03'] checkfinishSignal error
[INFO]2021-03-02 15:43:00,940: magneticAGV01 (0, 0, 0, 0)
[INFO]2021-03-02 15:43:01,919: task [magneticAGV01] readIo get status  (0, 0, 0, 0, 0, 0, 0, 1)
[WARN]2021-03-02 15:43:01,920: magneticAGV01 经过门 ['SK_DOOR', 'DDT_DOOR03'] checkfinishSignal error
[INFO]2021-03-02 15:43:03,930: task [magneticAGV01] readIo get status  (0, 0, 0, 0, 0, 0, 0, 1)
[WARN]2021-03-02 15:43:03,931: magneticAGV01 经过门 ['SK_DOOR', 'DDT_DOOR03'] checkfinishSignal error
[INFO]2021-03-02 15:43:03,950: magneticAGV01 (0, 0, 0, 0)
[INFO]2021-03-02 15:43:05,940: task [magneticAGV01] readIo get status  (0, 0, 0, 0, 0, 0, 0, 1)
[WARN]2021-03-02 15:43:05,942: magneticAGV01 经过门 ['SK_DOOR', 'DDT_DOOR03'] checkfinishSignal error
[INFO]2021-03-02 15:43:06,970: magneticAGV01 (0, 0, 0, 0)
[INFO]2021-03-02 15:43:07,949: task [magneticAGV01] readIo get status  (0, 0, 0, 0, 0, 0, 0, 1)
[WARN]2021-03-02 15:43:07,951: magneticAGV01 经过门 ['SK_DOOR', 'DDT_DOOR03'] checkfinishSignal error
[INFO]2021-03-02 15:43:09,963: task [magneticAGV01] readIo get status  (0, 0, 0, 0, 0, 0, 0, 1)
[WARN]2021-03-02 15:43:09,964: magneticAGV01 经过门 ['SK_DOOR', 'DDT_DOOR03'] checkfinishSignal error
[INFO]2021-03-02 15:43:09,983: magneticAGV01 (0, 0, 0, 0)
[INFO]2021-03-02 15:43:11,980: task [magneticAGV01] readIo get status  (0, 0, 0, 0, 0, 0, 0, 1)
[WARN]2021-03-02 15:43:11,981: magneticAGV01 经过门 ['SK_DOOR', 'DDT_DOOR03'] checkfinishSignal error
[INFO]2021-03-02 15:43:13,293: magneticAGV01 (0, 0, 0, 0)
[INFO]2021-03-02 15:43:13,990: task [magneticAGV01] readIo get status  (0, 0, 0, 0, 0, 0, 0, 1)
[WARN]2021-03-02 15:43:13,990: magneticAGV01 经过门 ['SK_DOOR', 'DDT_DOOR03'] checkfinishSignal error
[INFO]2021-03-02 15:43:16,000: task [magneticAGV01] readIo get status  (0, 0, 0, 0, 0, 0, 0, 1)
[WARN]2021-03-02 15:43:16,001: magneticAGV01 经过门 ['SK_DOOR', 'DDT_DOOR03'] checkfinishSignal error
[INFO]2021-03-02 15:43:16,312: magneticAGV01 (0, 0, 0, 0)
[INFO]2021-03-02 15:43:18,011: task [magneticAGV01] readIo get status  (0, 0, 0, 0, 0, 0, 0, 1)
[WARN]2021-03-02 15:43:18,012: magneticAGV01 经过门 ['SK_DOOR', 'DDT_DOOR03'] checkfinishSignal error
[INFO]2021-03-02 15:43:19,338: magneticAGV01 (0, 0, 0, 0)
[INFO]2021-03-02 15:43:20,022: task [magneticAGV01] readIo get status  (0, 0, 0, 0, 0, 0, 0, 1)
[WARN]2021-03-02 15:43:20,023: magneticAGV01 经过门 ['SK_DOOR', 'DDT_DOOR03'] checkfinishSignal error
[INFO]2021-03-02 15:43:22,032: task [magneticAGV01] readIo get status  (0, 0, 0, 0, 0, 0, 0, 1)
[WARN]2021-03-02 15:43:22,032: magneticAGV01 经过门 ['SK_DOOR', 'DDT_DOOR03'] checkfinishSignal error
[INFO]2021-03-02 15:43:22,351: magneticAGV01 (0, 0, 0, 0)
[INFO]2021-03-02 15:43:24,045: task [magneticAGV01] readIo get status  (0, 0, 0, 0, 0, 0, 0, 1)
[WARN]2021-03-02 15:43:24,045: magneticAGV01 经过门 ['SK_DOOR', 'DDT_DOOR03'] checkfinishSignal error
[INFO]2021-03-02 15:43:25,380: magneticAGV01 (0, 0, 0, 0)
[INFO]2021-03-02 15:43:26,068: task [magneticAGV01] readIo get status  (0, 0, 0, 0, 0, 0, 0, 1)
[WARN]2021-03-02 15:43:26,069: magneticAGV01 经过门 ['SK_DOOR', 'DDT_DOOR03'] checkfinishSignal error
[INFO]2021-03-02 15:43:28,079: task [magneticAGV01] readIo get status  (0, 0, 0, 0, 0, 0, 0, 1)
[WARN]2021-03-02 15:43:28,079: magneticAGV01 经过门 ['SK_DOOR', 'DDT_DOOR03'] checkfinishSignal error
[INFO]2021-03-02 15:43:31,297: magneticAGV01 (0, 0, 0, 0)
[WARN]2021-03-02 15:43:31,313: agvThread.AGV23[tid:15116] <lock name:agv.AGV23.lock_status,<locked _thread.RLock object owner=15116 count=1 at 0x0000021C503B8510>> ,hold 3116 ms
[INFO]2021-03-02 15:43:31,315: task [magneticAGV01] readIo get status  (0, 0, 0, 0, 0, 0, 0, 1)
[WARN]2021-03-02 15:43:31,317: magneticAGV01 经过门 ['SK_DOOR', 'DDT_DOOR03'] checkfinishSignal error
[INFO]2021-03-02 15:43:31,318: name=agvThread.AGV23, pid=16996, tid=15116
[01] File "C:/Python38/lib/threading.py", line 870, in run() 
[02] File "D:/python_lx/akm/agvCtrl/agvList.py", line 573, in run() 
[03] File "D:/python_lx/akm/agvCtrl/agvList.py", line 855, in readStatus1() 
[04] File "D:/python_lx/akm/agvCtrl/agvList.py", line 835, in _readStatus1() 
[05] File "D:/python_lx/akm/driver/seerAgv/agvCtrl.py", line 777, in readStatus1() 
[06] File "D:/python_lx/akm/driver/seerAgv/agvApi.py", line 195, in status() 
[07] File "D:/python_lx/akm/driver/seerAgv/agvApi.py", line 254, in _handle() 
[08] File "D:/python_lx/akm/common/lock.py", line 102, in release() 
[09] File "D:/python_lx/akm/common/enhance.py", line 268, in getTrace() 
[10] File "D:/python_lx/akm/common/enhance.py", line 248, in getThreadStack()
[INFO]2021-03-02 15:43:33,327: task [magneticAGV01] readIo get status  (0, 0, 0, 0, 0, 0, 0, 1)
[WARN]2021-03-02 15:43:33,329: magneticAGV01 经过门 ['SK_DOOR', 'DDT_DOOR03'] checkfinishSignal error
[INFO]2021-03-02 15:43:34,330: magneticAGV01 (0, 0, 0, 0)
[INFO]2021-03-02 15:43:35,343: task [magneticAGV01] readIo get status  (0, 0, 0, 0, 0, 0, 0, 1)
[WARN]2021-03-02 15:43:35,344: magneticAGV01 经过门 ['SK_DOOR', 'DDT_DOOR03'] checkfinishSignal error
[INFO]2021-03-02 15:43:37,348: magneticAGV01 (0, 0, 0, 0)
[INFO]2021-03-02 15:43:37,358: task [magneticAGV01] readIo get status  (0, 0, 0, 0, 0, 0, 0, 1)
[WARN]2021-03-02 15:43:37,359: magneticAGV01 经过门 ['SK_DOOR', 'DDT_DOOR03'] checkfinishSignal error
[INFO]2021-03-02 15:43:39,369: task [magneticAGV01] readIo get status  (0, 0, 0, 0, 0, 0, 0, 1)
[WARN]2021-03-02 15:43:39,370: magneticAGV01 经过门 ['SK_DOOR', 'DDT_DOOR03'] checkfinishSignal error
[INFO]2021-03-02 15:43:40,369: magneticAGV01 (0, 0, 0, 0)
[INFO]2021-03-02 15:43:41,380: task [magneticAGV01] readIo get status  (0, 0, 0, 0, 0, 0, 0, 1)
[WARN]2021-03-02 15:43:41,381: magneticAGV01 经过门 ['SK_DOOR', 'DDT_DOOR03'] checkfinishSignal error
[INFO]2021-03-02 15:43:44,100: magneticAGV01 (0, 0, 0, 0)
[INFO]2021-03-02 15:43:44,110: task [magneticAGV01] readIo get status  (0, 0, 0, 0, 0, 0, 0, 1)
[WARN]2021-03-02 15:43:44,110: magneticAGV01 经过门 ['SK_DOOR', 'DDT_DOOR03'] checkfinishSignal error
[INFO]2021-03-02 15:43:46,121: task [magneticAGV01] readIo get status  (0, 0, 0, 0, 0, 0, 0, 1)
[WARN]2021-03-02 15:43:46,122: magneticAGV01 经过门 ['SK_DOOR', 'DDT_DOOR03'] checkfinishSignal error
[INFO]2021-03-02 15:43:47,121: magneticAGV01 (0, 0, 0, 0)
[INFO]2021-03-02 15:43:48,133: task [magneticAGV01] readIo get status  (0, 0, 0, 0, 0, 0, 0, 1)
[WARN]2021-03-02 15:43:48,134: magneticAGV01 经过门 ['SK_DOOR', 'DDT_DOOR03'] checkfinishSignal error
[INFO]2021-03-02 15:43:50,142: magneticAGV01 (0, 0, 0, 0)
[INFO]2021-03-02 15:43:50,151: task [magneticAGV01] readIo get status  (0, 0, 0, 0, 0, 0, 0, 1)
[WARN]2021-03-02 15:43:50,151: magneticAGV01 经过门 ['SK_DOOR', 'DDT_DOOR03'] checkfinishSignal error
[INFO]2021-03-02 15:43:52,167: task [magneticAGV01] readIo get status  (0, 0, 0, 0, 0, 0, 0, 1)
[WARN]2021-03-02 15:43:52,168: magneticAGV01 经过门 ['SK_DOOR', 'DDT_DOOR03'] checkfinishSignal error
[INFO]2021-03-02 15:43:53,165: magneticAGV01 (0, 0, 0, 0)
[INFO]2021-03-02 15:43:54,180: task [magneticAGV01] readIo get status  (0, 0, 0, 0, 0, 0, 0, 1)
[WARN]2021-03-02 15:43:54,182: magneticAGV01 经过门 ['SK_DOOR', 'DDT_DOOR03'] checkfinishSignal error
[INFO]2021-03-02 15:43:56,174: magneticAGV01 (0, 0, 0, 0)
[INFO]2021-03-02 15:43:56,191: task [magneticAGV01] readIo get status  (0, 0, 0, 0, 0, 0, 0, 1)
[WARN]2021-03-02 15:43:56,192: magneticAGV01 经过门 ['SK_DOOR', 'DDT_DOOR03'] checkfinishSignal error
[INFO]2021-03-02 15:43:58,203: task [magneticAGV01] readIo get status  (0, 0, 0, 0, 0, 0, 0, 1)
[WARN]2021-03-02 15:43:58,203: magneticAGV01 经过门 ['SK_DOOR', 'DDT_DOOR03'] checkfinishSignal error
[INFO]2021-03-02 15:43:59,188: magneticAGV01 (0, 0, 0, 0)
[INFO]2021-03-02 15:44:00,213: task [magneticAGV01] readIo get status  (0, 0, 0, 0, 0, 0, 0, 1)
[WARN]2021-03-02 15:44:00,214: magneticAGV01 经过门 ['SK_DOOR', 'DDT_DOOR03'] checkfinishSignal error
[INFO]2021-03-02 15:44:02,299: magneticAGV01 (0, 0, 0, 0)
[INFO]2021-03-02 15:44:02,311: task [magneticAGV01] readIo get status  (0, 0, 0, 0, 0, 0, 0, 1)
[WARN]2021-03-02 15:44:02,311: magneticAGV01 经过门 ['SK_DOOR', 'DDT_DOOR03'] checkfinishSignal error
[INFO]2021-03-02 15:44:04,321: task [magneticAGV01] readIo get status  (0, 0, 0, 0, 0, 0, 0, 1)
[WARN]2021-03-02 15:44:04,322: magneticAGV01 经过门 ['SK_DOOR', 'DDT_DOOR03'] checkfinishSignal error
[INFO]2021-03-02 15:44:05,324: magneticAGV01 (0, 0, 0, 0)
[INFO]2021-03-02 15:44:06,334: task [magneticAGV01] readIo get status  (0, 0, 0, 0, 0, 0, 0, 1)
[WARN]2021-03-02 15:44:06,335: magneticAGV01 经过门 ['SK_DOOR', 'DDT_DOOR03'] checkfinishSignal error
[INFO]2021-03-02 15:44:08,336: magneticAGV01 (0, 0, 0, 0)
[INFO]2021-03-02 15:44:08,347: task [magneticAGV01] readIo get status  (0, 0, 0, 0, 0, 0, 0, 1)
[WARN]2021-03-02 15:44:08,349: magneticAGV01 经过门 ['SK_DOOR', 'DDT_DOOR03'] checkfinishSignal error
[INFO]2021-03-02 15:44:10,361: task [magneticAGV01] readIo get status  (0, 0, 0, 0, 0, 0, 0, 1)
[WARN]2021-03-02 15:44:10,362: magneticAGV01 经过门 ['SK_DOOR', 'DDT_DOOR03'] checkfinishSignal error
[INFO]2021-03-02 15:44:11,353: magneticAGV01 (0, 0, 0, 0)
[INFO]2021-03-02 15:44:12,370: task [magneticAGV01] readIo get status  (0, 0, 0, 0, 0, 0, 0, 1)
[WARN]2021-03-02 15:44:12,371: magneticAGV01 经过门 ['SK_DOOR', 'DDT_DOOR03'] checkfinishSignal error
[INFO]2021-03-02 15:44:14,374: magneticAGV01 (0, 0, 0, 0)
[INFO]2021-03-02 15:44:14,485: task [magneticAGV01] readIo get status  (0, 0, 0, 0, 0, 0, 0, 1)
[WARN]2021-03-02 15:44:14,486: magneticAGV01 经过门 ['SK_DOOR', 'DDT_DOOR03'] checkfinishSignal error
[INFO]2021-03-02 15:44:16,499: task [magneticAGV01] readIo get status  (0, 0, 0, 0, 0, 0, 0, 1)
[WARN]2021-03-02 15:44:16,500: magneticAGV01 经过门 ['SK_DOOR', 'DDT_DOOR03'] checkfinishSignal error
[INFO]2021-03-02 15:44:17,395: magneticAGV01 (1, 0, 0, 0)
[INFO]2021-03-02 15:44:18,512: task [magneticAGV01] readIo get status  (1, 0, 0, 0, 0, 0, 0, 0)
[DEBUG]2021-03-02 15:44:18,513: magneticAGV01 经过门 ['SK_DOOR', 'DDT_DOOR03'] checkfinishSignal -> leavesecond
[INFO]2021-03-02 15:44:20,125: task: [magneticAGV01] readDo status  (1, 0, 0, 0, 0, 0, 0, 0)
[DEBUG]2021-03-02 15:44:20,126: magneticAGV01 经过门 ['SK_DOOR', 'DDT_DOOR03'] leavesecond -> clearIO
[INFO]2021-03-02 15:44:20,405: magneticAGV01 (0, 0, 0, 0)
[INFO]2021-03-02 15:44:21,695: task: [magneticAGV01] readDo status  (0, 0, 0, 0, 0, 0, 0, 0)
[DEBUG]2021-03-02 15:44:21,696: magneticAGV01 经过门 ['SK_DOOR', 'DDT_DOOR03'] clearIO -> closeDoor
[INFO]2021-03-02 15:44:22,197: try to close door SK_DOOR
[DEBUG]2021-03-02 15:44:22,198: send http_get: http://127.0.0.1:8999/api/switch/off?id=SK_DOOR
[DEBUG]2021-03-02 15:44:22,203: GET: http://127.0.0.1:8999/api/switch/off?id=SK_DOOR addr: 127.0.0.1
[INFO]2021-03-02 15:44:22,205: The signal to close the door has been sent,  doorIP:192.168.20.163
[DEBUG]2021-03-02 15:44:22,214: send to door module:192.168.20.163, values:outbuf[16] 55 00 00 00 00 AA 03 06 90 00 00 00 00 00 98 16
[DEBUG]2021-03-02 15:44:22,506: read from door module:192.168.20.163, values:inbuf[13] 55 00 00 00 00 AA 83 03 90 00 00 15 16
[DEBUG]2021-03-02 15:44:22,506: used 303ms 200 OK application/json;charset=utf-8, GET: http://127.0.0.1:8999/api/switch/off?id=SK_DOOR
[DEBUG]2021-03-02 15:44:22,509: [return] use 311 ms,http_get: http://127.0.0.1:8999/api/switch/off?id=SK_DOOR
[WARN]2021-03-02 15:44:22,509: magneticAGV01 经过门 ['SK_DOOR', 'DDT_DOOR03'] closeDoor error
[INFO]2021-03-02 15:44:23,429: magneticAGV01 (0, 0, 0, 0)
[INFO]2021-03-02 15:44:24,510: try to close door DDT_DOOR03
[DEBUG]2021-03-02 15:44:24,510: send http_get: http://127.0.0.1:8999/api/switch/off?id=DDT_DOOR03
[DEBUG]2021-03-02 15:44:24,517: GET: http://127.0.0.1:8999/api/switch/off?id=DDT_DOOR03 addr: 127.0.0.1
[INFO]2021-03-02 15:44:24,519: The signal to close the door has been sent,  doorIP:192.168.20.160
[DEBUG]2021-03-02 15:44:24,538: send to door module:192.168.20.160, values:outbuf[16] 55 00 00 00 00 AA 03 06 90 00 00 00 00 00 98 16
[DEBUG]2021-03-02 15:44:24,837: read from door module:192.168.20.160, values:inbuf[13] 55 00 00 00 00 AA 83 03 90 00 00 15 16
[DEBUG]2021-03-02 15:44:24,838: used 322ms 200 OK application/json;charset=utf-8, GET: http://127.0.0.1:8999/api/switch/off?id=DDT_DOOR03
[DEBUG]2021-03-02 15:44:24,841: [return] use 331 ms,http_get: http://127.0.0.1:8999/api/switch/off?id=DDT_DOOR03
[WARN]2021-03-02 15:44:24,842: magneticAGV01 经过门 ['SK_DOOR', 'DDT_DOOR03'] closeDoor error
[INFO]2021-03-02 15:44:26,451: magneticAGV01 (0, 0, 0, 0)
[DEBUG]2021-03-02 15:44:26,844: magneticAGV01 经过门 ['SK_DOOR', 'DDT_DOOR03'] closeDoor -> finish
[INFO]2021-03-02 15:44:27,346: task: stop
[INFO]2021-03-02 15:44:27,346: task: stop magneticAGV01 经过门 ['SK_DOOR', 'DDT_DOOR03']
[INFO]2021-03-02 15:44:29,557: magneticAGV01 (0, 0, 0, 0)
[ERROR]2021-03-02 15:44:32,249: raise alarm obj=AGV23, typeId=49997, desc=小车置信度小于最低阈值,当前值:0.6916, id=603dece0ba9f4acf5f07a7fa
[INFO]2021-03-02 15:44:32,566: magneticAGV01 (0, 0, 0, 0)
[WARN]2021-03-02 15:44:33,968: clear alarm obj=AGV23, typeId=49997, id=603dece0ba9f4acf5f07a7fa
[INFO]2021-03-02 15:44:38,087: magneticAGV01 (0, 0, 0, 0)
[WARN]2021-03-02 15:44:38,146: agvThread.AGV23[tid:15116] <lock name:agv.AGV23.lock_status,<locked _thread.RLock object owner=15116 count=1 at 0x0000021C503B8510>> ,hold 3096 ms
[INFO]2021-03-02 15:44:38,149: name=agvThread.AGV23, pid=16996, tid=15116
[01] File "C:/Python38/lib/threading.py", line 870, in run() 
[02] File "D:/python_lx/akm/agvCtrl/agvList.py", line 573, in run() 
[03] File "D:/python_lx/akm/agvCtrl/agvList.py", line 855, in readStatus1() 
[04] File "D:/python_lx/akm/agvCtrl/agvList.py", line 835, in _readStatus1() 
[05] File "D:/python_lx/akm/driver/seerAgv/agvCtrl.py", line 777, in readStatus1() 
[06] File "D:/python_lx/akm/driver/seerAgv/agvApi.py", line 195, in status() 
[07] File "D:/python_lx/akm/driver/seerAgv/agvApi.py", line 254, in _handle() 
[08] File "D:/python_lx/akm/common/lock.py", line 102, in release() 
[09] File "D:/python_lx/akm/common/enhance.py", line 268, in getTrace() 
[10] File "D:/python_lx/akm/common/enhance.py", line 248, in getThreadStack()
[DEBUG]2021-03-02 15:44:39,243: AGV23 set loc AKM-FQC.LM25 ,old LM24 (-50.03,-6.77)
[INFO]2021-03-02 15:44:41,111: magneticAGV01 (1, 0, 0, 0)
[ERROR]2021-03-02 15:44:41,539: raise alarm obj=AGV23, typeId=49997, desc=小车置信度小于最低阈值,当前值:0.7057, id=603dece9ba9f4acf5f07a80c
[INFO]2021-03-02 15:44:42,113: magneticAGV01 try to open door 0 ['SK_DOOR', 'DDT_DOOR03'] ['SK_DOOR', 'DDT_DOOR03']
[INFO]2021-03-02 15:44:42,126: task [magneticAGV01] readIo get status  (1, 0, 0, 0, 0, 0, 0, 0)
[WARN]2021-03-02 15:44:42,128: clear alarm obj=AGV23, typeId=49997, id=603dece9ba9f4acf5f07a80c
[DEBUG]2021-03-02 15:44:42,128: magneticAGV01 经过门 ['SK_DOOR', 'DDT_DOOR03'] checkBeginSignal -> opendoor
[INFO]2021-03-02 15:44:42,631: try to open door SK_DOOR
[DEBUG]2021-03-02 15:44:42,633: send http_get: http://127.0.0.1:8999/api/switch/on?id=SK_DOOR
[DEBUG]2021-03-02 15:44:42,638: GET: http://127.0.0.1:8999/api/switch/on?id=SK_DOOR addr: 127.0.0.1
[INFO]2021-03-02 15:44:42,639: The signal to open the door has been sent,  doorIP:192.168.20.163
[DEBUG]2021-03-02 15:44:43,657: send to door module:192.168.20.163, values:outbuf[16] 55 00 00 00 00 AA 03 06 80 00 00 00 00 00 88 16
[DEBUG]2021-03-02 15:44:43,947: read from door module:192.168.20.163, values:inbuf[13] 55 00 00 00 00 AA 83 03 80 01 00 06 16
[DEBUG]2021-03-02 15:44:43,949: used 1311ms 200 OK application/json;charset=utf-8, GET: http://127.0.0.1:8999/api/switch/on?id=SK_DOOR
[DEBUG]2021-03-02 15:44:43,953: [return] use 1320 ms,http_get: http://127.0.0.1:8999/api/switch/on?id=SK_DOOR
[WARN]2021-03-02 15:44:43,955: magneticAGV01 经过门 ['SK_DOOR', 'DDT_DOOR03'] opendoor error
[INFO]2021-03-02 15:44:44,130: magneticAGV01 (0, 0, 0, 0)
[INFO]2021-03-02 15:44:45,956: try to open door DDT_DOOR03
[DEBUG]2021-03-02 15:44:45,956: send http_get: http://127.0.0.1:8999/api/switch/on?id=DDT_DOOR03
[DEBUG]2021-03-02 15:44:45,959: GET: http://127.0.0.1:8999/api/switch/on?id=DDT_DOOR03 addr: 127.0.0.1
[INFO]2021-03-02 15:44:45,960: The signal to open the door has been sent,  doorIP:192.168.20.160
[DEBUG]2021-03-02 15:44:45,978: send to door module:192.168.20.160, values:outbuf[16] 55 00 00 00 00 AA 03 06 80 00 00 00 00 00 88 16
[DEBUG]2021-03-02 15:44:46,279: read from door module:192.168.20.160, values:inbuf[13] 55 00 00 00 00 AA 83 03 80 81 00 86 16
[DEBUG]2021-03-02 15:44:46,280: used 320ms 200 OK application/json;charset=utf-8, GET: http://127.0.0.1:8999/api/switch/on?id=DDT_DOOR03
[DEBUG]2021-03-02 15:44:46,283: [return] use 326 ms,http_get: http://127.0.0.1:8999/api/switch/on?id=DDT_DOOR03
[WARN]2021-03-02 15:44:46,284: magneticAGV01 经过门 ['SK_DOOR', 'DDT_DOOR03'] opendoor error
[INFO]2021-03-02 15:44:47,144: magneticAGV01 (0, 0, 0, 0)
[DEBUG]2021-03-02 15:44:48,285: magneticAGV01 经过门 ['SK_DOOR', 'DDT_DOOR03'] opendoor -> leavefirst
[INFO]2021-03-02 15:44:50,079: task: [magneticAGV01] readDo status  (1, 0, 0, 0, 0, 0, 0, 0)
[DEBUG]2021-03-02 15:44:50,080: magneticAGV01 经过门 ['SK_DOOR', 'DDT_DOOR03'] leavefirst -> waitAlway
[INFO]2021-03-02 15:44:50,156: magneticAGV01 (0, 0, 0, 0)
[WARN]2021-03-02 15:44:50,581: magneticAGV01 经过门 ['SK_DOOR', 'DDT_DOOR03'] waitAlway error
[DEBUG]2021-03-02 15:44:51,327: AGV23 set loc AKM-FQC.LM19 ,old LM25 (-49.95,-3.09)
[WARN]2021-03-02 15:44:52,583: magneticAGV01 经过门 ['SK_DOOR', 'DDT_DOOR03'] waitAlway error
[INFO]2021-03-02 15:44:53,176: magneticAGV01 (0, 0, 0, 0)
[WARN]2021-03-02 15:44:54,586: magneticAGV01 经过门 ['SK_DOOR', 'DDT_DOOR03'] waitAlway error
[INFO]2021-03-02 15:44:56,187: magneticAGV01 (0, 0, 0, 0)
[WARN]2021-03-02 15:44:56,588: magneticAGV01 经过门 ['SK_DOOR', 'DDT_DOOR03'] waitAlway error
[WARN]2021-03-02 15:44:58,589: magneticAGV01 经过门 ['SK_DOOR', 'DDT_DOOR03'] waitAlway error
[INFO]2021-03-02 15:44:59,204: magneticAGV01 (0, 0, 0, 0)
[WARN]2021-03-02 15:45:00,591: magneticAGV01 经过门 ['SK_DOOR', 'DDT_DOOR03'] waitAlway error
[INFO]2021-03-02 15:45:02,218: magneticAGV01 (0, 0, 0, 0)
[WARN]2021-03-02 15:45:02,593: magneticAGV01 经过门 ['SK_DOOR', 'DDT_DOOR03'] clearfirst error
[DEBUG]2021-03-02 15:45:03,312: AGV23 set loc AKM-FQC.LM18 ,old LM19 (-51.20,-3.05)
[INFO]2021-03-02 15:45:05,236: magneticAGV01 (1, 0, 0, 0)
[INFO]2021-03-02 15:45:05,794: task: [magneticAGV01] readDo status  (0, 0, 0, 0, 0, 0, 0, 0)
[WARN]2021-03-02 15:45:05,795: magneticAGV01 经过门 ['SK_DOOR', 'DDT_DOOR03'] checkfinishSignal error
[INFO]2021-03-02 15:45:07,803: task [magneticAGV01] readIo get status  (1, 0, 0, 0, 0, 0, 0, 0)
[DEBUG]2021-03-02 15:45:07,804: magneticAGV01 经过门 ['SK_DOOR', 'DDT_DOOR03'] checkfinishSignal -> leavesecond
[INFO]2021-03-02 15:45:08,248: magneticAGV01 (1, 0, 0, 0)
[INFO]2021-03-02 15:45:09,406: task: [magneticAGV01] readDo status  (1, 0, 0, 0, 0, 0, 0, 0)
[DEBUG]2021-03-02 15:45:09,406: magneticAGV01 经过门 ['SK_DOOR', 'DDT_DOOR03'] leavesecond -> clearIO
[INFO]2021-03-02 15:45:10,961: task: [magneticAGV01] readDo status  (0, 0, 0, 0, 0, 0, 0, 0)
[DEBUG]2021-03-02 15:45:10,965: magneticAGV01 经过门 ['SK_DOOR', 'DDT_DOOR03'] clearIO -> closeDoor
[INFO]2021-03-02 15:45:11,267: magneticAGV01 (1, 0, 0, 0)
[INFO]2021-03-02 15:45:11,467: try to close door SK_DOOR
[DEBUG]2021-03-02 15:45:11,476: send http_get: http://127.0.0.1:8999/api/switch/off?id=SK_DOOR
[DEBUG]2021-03-02 15:45:11,506: GET: http://127.0.0.1:8999/api/switch/off?id=SK_DOOR addr: 127.0.0.1
[INFO]2021-03-02 15:45:11,508: The signal to close the door has been sent,  doorIP:192.168.20.163
[DEBUG]2021-03-02 15:45:11,514: send to door module:192.168.20.163, values:outbuf[16] 55 00 00 00 00 AA 03 06 90 00 00 00 00 00 98 16
[DEBUG]2021-03-02 15:45:11,809: read from door module:192.168.20.163, values:inbuf[13] 55 00 00 00 00 AA 83 03 90 00 00 15 16
[DEBUG]2021-03-02 15:45:11,810: used 304ms 200 OK application/json;charset=utf-8, GET: http://127.0.0.1:8999/api/switch/off?id=SK_DOOR
[DEBUG]2021-03-02 15:45:11,813: [return] use 337 ms,http_get: http://127.0.0.1:8999/api/switch/off?id=SK_DOOR
[WARN]2021-03-02 15:45:11,814: magneticAGV01 经过门 ['SK_DOOR', 'DDT_DOOR03'] closeDoor error
[INFO]2021-03-02 15:45:13,816: try to close door DDT_DOOR03
[DEBUG]2021-03-02 15:45:13,816: send http_get: http://127.0.0.1:8999/api/switch/off?id=DDT_DOOR03
[DEBUG]2021-03-02 15:45:13,819: GET: http://127.0.0.1:8999/api/switch/off?id=DDT_DOOR03 addr: 127.0.0.1
[INFO]2021-03-02 15:45:13,819: The signal to close the door has been sent,  doorIP:192.168.20.160
[DEBUG]2021-03-02 15:45:13,825: send to door module:192.168.20.160, values:outbuf[16] 55 00 00 00 00 AA 03 06 90 00 00 00 00 00 98 16
[DEBUG]2021-03-02 15:45:14,117: read from door module:192.168.20.160, values:inbuf[13] 55 00 00 00 00 AA 83 03 90 00 00 15 16
[DEBUG]2021-03-02 15:45:14,119: used 299ms 200 OK application/json;charset=utf-8, GET: http://127.0.0.1:8999/api/switch/off?id=DDT_DOOR03
[DEBUG]2021-03-02 15:45:14,122: [return] use 305 ms,http_get: http://127.0.0.1:8999/api/switch/off?id=DDT_DOOR03
[WARN]2021-03-02 15:45:14,123: magneticAGV01 经过门 ['SK_DOOR', 'DDT_DOOR03'] closeDoor error
[INFO]2021-03-02 15:45:14,298: magneticAGV01 (1, 0, 0, 0)
[DEBUG]2021-03-02 15:45:16,124: magneticAGV01 经过门 ['SK_DOOR', 'DDT_DOOR03'] closeDoor -> finish
[INFO]2021-03-02 15:45:16,625: task: stop
[INFO]2021-03-02 15:45:16,626: task: stop magneticAGV01 经过门 ['SK_DOOR', 'DDT_DOOR03']
[INFO]2021-03-02 15:45:17,329: magneticAGV01 (1, 0, 0, 0)
[INFO]2021-03-02 15:45:20,344: magneticAGV01 (1, 0, 0, 0)
[INFO]2021-03-02 15:45:21,347: magneticAGV01 try to open door 0 ['SK_DOOR', 'DDT_DOOR03'] ['SK_DOOR', 'DDT_DOOR03']
[INFO]2021-03-02 15:45:21,362: task [magneticAGV01] readIo get status  (1, 0, 0, 0, 0, 0, 0, 0)
[DEBUG]2021-03-02 15:45:21,363: magneticAGV01 经过门 ['SK_DOOR', 'DDT_DOOR03'] checkBeginSignal -> opendoor
[INFO]2021-03-02 15:45:21,865: try to open door SK_DOOR
[DEBUG]2021-03-02 15:45:21,866: send http_get: http://127.0.0.1:8999/api/switch/on?id=SK_DOOR
[DEBUG]2021-03-02 15:45:21,870: GET: http://127.0.0.1:8999/api/switch/on?id=SK_DOOR addr: 127.0.0.1
[INFO]2021-03-02 15:45:21,871: The signal to open the door has been sent,  doorIP:192.168.20.163
[DEBUG]2021-03-02 15:45:21,879: send to door module:192.168.20.163, values:outbuf[16] 55 00 00 00 00 AA 03 06 80 00 00 00 00 00 88 16
[DEBUG]2021-03-02 15:45:22,176: read from door module:192.168.20.163, values:inbuf[13] 55 00 00 00 00 AA 83 03 80 01 00 06 16
[DEBUG]2021-03-02 15:45:22,177: used 307ms 200 OK application/json;charset=utf-8, GET: http://127.0.0.1:8999/api/switch/on?id=SK_DOOR
[DEBUG]2021-03-02 15:45:22,178: [return] use 312 ms,http_get: http://127.0.0.1:8999/api/switch/on?id=SK_DOOR
[WARN]2021-03-02 15:45:22,179: magneticAGV01 经过门 ['SK_DOOR', 'DDT_DOOR03'] opendoor error
[INFO]2021-03-02 15:45:23,367: magneticAGV01 (1, 0, 0, 0)
[INFO]2021-03-02 15:45:24,181: try to open door DDT_DOOR03
[DEBUG]2021-03-02 15:45:24,182: send http_get: http://127.0.0.1:8999/api/switch/on?id=DDT_DOOR03
[DEBUG]2021-03-02 15:45:24,195: GET: http://127.0.0.1:8999/api/switch/on?id=DDT_DOOR03 addr: 127.0.0.1
[INFO]2021-03-02 15:45:24,196: The signal to open the door has been sent,  doorIP:192.168.20.160
[DEBUG]2021-03-02 15:45:24,269: send to door module:192.168.20.160, values:outbuf[16] 55 00 00 00 00 AA 03 06 80 00 00 00 00 00 88 16
[DEBUG]2021-03-02 15:45:24,579: read from door module:192.168.20.160, values:inbuf[13] 55 00 00 00 00 AA 83 03 80 01 00 06 16
[DEBUG]2021-03-02 15:45:24,580: used 385ms 200 OK application/json;charset=utf-8, GET: http://127.0.0.1:8999/api/switch/on?id=DDT_DOOR03
[DEBUG]2021-03-02 15:45:24,583: [return] use 401 ms,http_get: http://127.0.0.1:8999/api/switch/on?id=DDT_DOOR03
[WARN]2021-03-02 15:45:24,584: magneticAGV01 经过门 ['SK_DOOR', 'DDT_DOOR03'] opendoor error
[DEBUG]2021-03-02 15:45:26,586: magneticAGV01 经过门 ['SK_DOOR', 'DDT_DOOR03'] opendoor -> leavefirst
[CRITICAL]2021-03-02 15:45:31,410: [modbusApi: 192.168.20.150] execute fcode=1, addr=0 exception:  cause a error: timed out
pid=16996, ppid=16300, tid=8096
Traceback (most recent call last):
  File "D:\python_lx\akm\common\modbusapi.py", line 35, in __execute
    data = self.master.execute(self.__salveId, fcode, start, quantity_of_x=num, output_value=value)
  File "C:\Python38\lib\site-packages\modbus_tk\utils.py", line 39, in new
    raise excpt
  File "C:\Python38\lib\site-packages\modbus_tk\utils.py", line 37, in new
    ret = fcn(*args, **kwargs)
  File "C:\Python38\lib\site-packages\modbus_tk\modbus.py", line 298, in execute
    response = self._recv(expected_length)
  File "C:\Python38\lib\site-packages\modbus_tk\modbus_tcp.py", line 216, in _recv
    rcv_byte = self._sock.recv(1)
socket.timeout: timed out

[WARN]2021-03-02 15:45:31,412: timer_thread[tid:8096] <locked _thread.RLock object owner=8096 count=1 at 0x0000021C5039E180> ,hold 5042 ms
[INFO]2021-03-02 15:45:31,415: name=timer_thread, pid=16996, tid=8096
[01] File "C:/Python38/lib/threading.py", line 870, in run() 
[02] File "D:/python_lx/akm/common/mytimer.py", line 113, in _loop() 
[03] File "D:/python_lx/akm/virtualDoor/doorCtrlRunTasks.py", line 81, in _monitorDevices() 
[04] File "D:/python_lx/akm/virtualDoor/magneticAGV.py", line 140, in readDIList() 
[05] File "D:/python_lx/akm/virtualDoor/magneticAGV.py", line 192, in readDIList() 
[06] File "D:/python_lx/akm/common/lock.py", line 124, in _call() 
[07] File "D:/python_lx/akm/common/lock.py", line 102, in release() 
[08] File "D:/python_lx/akm/common/enhance.py", line 268, in getTrace() 
[09] File "D:/python_lx/akm/common/enhance.py", line 248, in getThreadStack()
[CRITICAL]2021-03-02 15:45:31,466: magneticAGV01 readDIList fail cause a error: timed out
pid=16996, ppid=16300, tid=8096
Traceback (most recent call last):
  File "D:\python_lx\akm\virtualDoor\magneticAGV.py", line 192, in readDIList
    return self._read(D0, IO_LENTH)
  File "D:\python_lx\akm\common\lock.py", line 122, in _call
    return func(*p,**pp)
  File "D:\python_lx\akm\virtualDoor\magneticAGV.py", line 226, in _read
    s = self.master.read(mdef.READ_COILS, addr, length)
  File "D:\python_lx\akm\common\modbusapi.py", line 45, in read
    return self.__execute(fcode, start, num)
  File "D:\python_lx\akm\common\modbusapi.py", line 35, in __execute
    data = self.master.execute(self.__salveId, fcode, start, quantity_of_x=num, output_value=value)
  File "C:\Python38\lib\site-packages\modbus_tk\utils.py", line 39, in new
    raise excpt
  File "C:\Python38\lib\site-packages\modbus_tk\utils.py", line 37, in new
    ret = fcn(*args, **kwargs)
  File "C:\Python38\lib\site-packages\modbus_tk\modbus.py", line 298, in execute
    response = self._recv(expected_length)
  File "C:\Python38\lib\site-packages\modbus_tk\modbus_tcp.py", line 216, in _recv
    rcv_byte = self._sock.recv(1)
socket.timeout: timed out

[CRITICAL]2021-03-02 15:45:31,558: magneticAGV readDIList error cause a error: timed out
pid=16996, ppid=16300, tid=8096
Traceback (most recent call last):
  File "D:\python_lx\akm\virtualDoor\doorCtrlRunTasks.py", line 81, in _monitorDevices
    s1 = magneticAGV.readDIList(d)["status"]
  File "D:\python_lx\akm\virtualDoor\magneticAGV.py", line 140, in readDIList
    result = remoteioInfo.readDIList()
  File "D:\python_lx\akm\virtualDoor\magneticAGV.py", line 192, in readDIList
    return self._read(D0, IO_LENTH)
  File "D:\python_lx\akm\common\lock.py", line 122, in _call
    return func(*p,**pp)
  File "D:\python_lx\akm\virtualDoor\magneticAGV.py", line 226, in _read
    s = self.master.read(mdef.READ_COILS, addr, length)
  File "D:\python_lx\akm\common\modbusapi.py", line 45, in read
    return self.__execute(fcode, start, num)
  File "D:\python_lx\akm\common\modbusapi.py", line 35, in __execute
    data = self.master.execute(self.__salveId, fcode, start, quantity_of_x=num, output_value=value)
  File "C:\Python38\lib\site-packages\modbus_tk\utils.py", line 39, in new
    raise excpt
  File "C:\Python38\lib\site-packages\modbus_tk\utils.py", line 37, in new
    ret = fcn(*args, **kwargs)
  File "C:\Python38\lib\site-packages\modbus_tk\modbus.py", line 298, in execute
    response = self._recv(expected_length)
  File "C:\Python38\lib\site-packages\modbus_tk\modbus_tcp.py", line 216, in _recv
    rcv_byte = self._sock.recv(1)
socket.timeout: timed out

[WARN]2021-03-02 15:45:35,879: agvThread.AGV23[tid:15116] <lock name:agv.AGV23.lock_status,<locked _thread.RLock object owner=15116 count=1 at 0x0000021C503B8510>> ,hold 3136 ms
[INFO]2021-03-02 15:45:35,881: name=agvThread.AGV23, pid=16996, tid=15116
[01] File "C:/Python38/lib/threading.py", line 870, in run() 
[02] File "D:/python_lx/akm/agvCtrl/agvList.py", line 573, in run() 
[03] File "D:/python_lx/akm/agvCtrl/agvList.py", line 855, in readStatus1() 
[04] File "D:/python_lx/akm/agvCtrl/agvList.py", line 835, in _readStatus1() 
[05] File "D:/python_lx/akm/driver/seerAgv/agvCtrl.py", line 777, in readStatus1() 
[06] File "D:/python_lx/akm/driver/seerAgv/agvApi.py", line 195, in status() 
[07] File "D:/python_lx/akm/driver/seerAgv/agvApi.py", line 254, in _handle() 
[08] File "D:/python_lx/akm/common/lock.py", line 102, in release() 
[09] File "D:/python_lx/akm/common/enhance.py", line 268, in getTrace() 
[10] File "D:/python_lx/akm/common/enhance.py", line 248, in getThreadStack()
[CRITICAL]2021-03-02 15:45:36,450: [modbusApi: 192.168.20.150] execute fcode=5, addr=16 exception:  cause a error: timed out
pid=16996, ppid=16300, tid=17860
Traceback (most recent call last):
  File "C:\Python38\lib\site-packages\modbus_tk\modbus_tcp.py", line 199, in _send
    flush_socket(self._sock, 3)
  File "C:\Python38\lib\site-packages\modbus_tk\utils.py", line 52, in flush_socket
    i_socks = select.select(input_socks, input_socks, input_socks, 0.0)[0]
ValueError: file descriptor cannot be a negative integer (-1)

During handling of the above exception, another exception occurred:

Traceback (most recent call last):
  File "D:\python_lx\akm\common\modbusapi.py", line 35, in __execute
    data = self.master.execute(self.__salveId, fcode, start, quantity_of_x=num, output_value=value)
  File "C:\Python38\lib\site-packages\modbus_tk\utils.py", line 39, in new
    raise excpt
  File "C:\Python38\lib\site-packages\modbus_tk\utils.py", line 37, in new
    ret = fcn(*args, **kwargs)
  File "C:\Python38\lib\site-packages\modbus_tk\modbus.py", line 292, in execute
    self._send(request)
  File "C:\Python38\lib\site-packages\modbus_tk\modbus_tcp.py", line 204, in _send
    self._do_open()
  File "C:\Python38\lib\site-packages\modbus_tk\modbus_tcp.py", line 173, in _do_open
    self._sock.connect((self._host, self._port))
socket.timeout: timed out

[WARN]2021-03-02 15:45:36,451: Thread-5[tid:17860] <locked _thread.RLock object owner=17860 count=1 at 0x0000021C5039E180> ,hold 9363 ms
[INFO]2021-03-02 15:45:36,452: name=Thread-5, pid=16996, tid=17860
[01] File "C:/Python38/lib/threading.py", line 870, in run() 
[02] File "D:/python_lx/akm/virtualDoor/doorCtrlRunTasks.py", line 154, in _taskFunc() 
[03] File "D:/python_lx/akm/virtualDoor/doorCtrlRunTasks.py", line 191, in handle() 
[04] File "D:/python_lx/akm/virtualDoor/doorCtrlRunTasks.py", line 301, in writeIO() 
[05] File "D:/python_lx/akm/virtualDoor/magneticAGV.py", line 116, in writeDO() 
[06] File "D:/python_lx/akm/virtualDoor/magneticAGV.py", line 163, in writeDO() 
[07] File "D:/python_lx/akm/common/lock.py", line 124, in _call() 
[08] File "D:/python_lx/akm/common/lock.py", line 102, in release() 
[09] File "D:/python_lx/akm/common/enhance.py", line 268, in getTrace() 
[10] File "D:/python_lx/akm/common/enhance.py", line 248, in getThreadStack()
[CRITICAL]2021-03-02 15:45:36,464: task: [magneticAGV01] writeIo error:  cause a error: 'NoneType' object has no attribute 'close'
pid=16996, ppid=16300, tid=17860
Traceback (most recent call last):
  File "C:\Python38\lib\site-packages\modbus_tk\modbus_tcp.py", line 199, in _send
    flush_socket(self._sock, 3)
  File "C:\Python38\lib\site-packages\modbus_tk\utils.py", line 52, in flush_socket
    i_socks = select.select(input_socks, input_socks, input_socks, 0.0)[0]
ValueError: file descriptor cannot be a negative integer (-1)

During handling of the above exception, another exception occurred:

Traceback (most recent call last):
  File "D:\python_lx\akm\virtualDoor\magneticAGV.py", line 163, in writeDO
    self._write(ioAddr, value)
  File "D:\python_lx\akm\common\lock.py", line 122, in _call
    return func(*p,**pp)
  File "D:\python_lx\akm\virtualDoor\magneticAGV.py", line 240, in _write
    s = self.master.write(mdef.WRITE_SINGLE_COIL, addr, value)
  File "D:\python_lx\akm\common\modbusapi.py", line 51, in write
    return self.__execute(fcode, start, num, value)
  File "D:\python_lx\akm\common\modbusapi.py", line 35, in __execute
    data = self.master.execute(self.__salveId, fcode, start, quantity_of_x=num, output_value=value)
  File "C:\Python38\lib\site-packages\modbus_tk\utils.py", line 39, in new
    raise excpt
  File "C:\Python38\lib\site-packages\modbus_tk\utils.py", line 37, in new
    ret = fcn(*args, **kwargs)
  File "C:\Python38\lib\site-packages\modbus_tk\modbus.py", line 292, in execute
    self._send(request)
  File "C:\Python38\lib\site-packages\modbus_tk\modbus_tcp.py", line 204, in _send
    self._do_open()
  File "C:\Python38\lib\site-packages\modbus_tk\modbus_tcp.py", line 173, in _do_open
    self._sock.connect((self._host, self._port))
socket.timeout: timed out

During handling of the above exception, another exception occurred:

Traceback (most recent call last):
  File "D:\python_lx\akm\virtualDoor\doorCtrlRunTasks.py", line 301, in writeIO
    magneticAGV.writeDO(io, id, value)
  File "D:\python_lx\akm\virtualDoor\magneticAGV.py", line 116, in writeDO
    remoteioInfo.writeDO(index, value)
  File "D:\python_lx\akm\virtualDoor\magneticAGV.py", line 165, in writeDO
    self.master.close()
AttributeError: 'NoneType' object has no attribute 'close'

[WARN]2021-03-02 15:45:36,466: magneticAGV01 经过门 ['SK_DOOR', 'DDT_DOOR03'] leavefirst error
[WARN]2021-03-02 15:45:41,464: timer_thread[tid:8096] <locked _thread.RLock object owner=8096 count=1 at 0x0000021C5039E180> ,hold 7852 ms
[INFO]2021-03-02 15:45:41,490: name=timer_thread, pid=16996, tid=8096
[01] File "C:/Python38/lib/threading.py", line 870, in run() 
[02] File "D:/python_lx/akm/common/mytimer.py", line 113, in _loop() 
[03] File "D:/python_lx/akm/virtualDoor/doorCtrlRunTasks.py", line 81, in _monitorDevices() 
[04] File "D:/python_lx/akm/virtualDoor/magneticAGV.py", line 140, in readDIList() 
[05] File "D:/python_lx/akm/virtualDoor/magneticAGV.py", line 192, in readDIList() 
[06] File "D:/python_lx/akm/common/lock.py", line 124, in _call() 
[07] File "D:/python_lx/akm/common/lock.py", line 102, in release() 
[08] File "D:/python_lx/akm/common/enhance.py", line 268, in getTrace() 
[09] File "D:/python_lx/akm/common/enhance.py", line 248, in getThreadStack()
[CRITICAL]2021-03-02 15:45:41,530: magneticAGV01 readDIList fail cause a error: timed out
pid=16996, ppid=16300, tid=8096
Traceback (most recent call last):
  File "D:\python_lx\akm\virtualDoor\magneticAGV.py", line 192, in readDIList
    return self._read(D0, IO_LENTH)
  File "D:\python_lx\akm\common\lock.py", line 122, in _call
    return func(*p,**pp)
  File "D:\python_lx\akm\virtualDoor\magneticAGV.py", line 223, in _read
    self.master.open()
  File "D:\python_lx\akm\common\modbusapi.py", line 60, in open
    self.master.open()
  File "C:\Python38\lib\site-packages\modbus_tk\modbus.py", line 99, in open
    self._do_open()
  File "C:\Python38\lib\site-packages\modbus_tk\modbus_tcp.py", line 173, in _do_open
    self._sock.connect((self._host, self._port))
socket.timeout: timed out

[CRITICAL]2021-03-02 15:45:41,545: magneticAGV readDIList error cause a error: timed out
pid=16996, ppid=16300, tid=8096
Traceback (most recent call last):
  File "D:\python_lx\akm\virtualDoor\doorCtrlRunTasks.py", line 81, in _monitorDevices
    s1 = magneticAGV.readDIList(d)["status"]
  File "D:\python_lx\akm\virtualDoor\magneticAGV.py", line 140, in readDIList
    result = remoteioInfo.readDIList()
  File "D:\python_lx\akm\virtualDoor\magneticAGV.py", line 192, in readDIList
    return self._read(D0, IO_LENTH)
  File "D:\python_lx\akm\common\lock.py", line 122, in _call
    return func(*p,**pp)
  File "D:\python_lx\akm\virtualDoor\magneticAGV.py", line 223, in _read
    self.master.open()
  File "D:\python_lx\akm\common\modbusapi.py", line 60, in open
    self.master.open()
  File "C:\Python38\lib\site-packages\modbus_tk\modbus.py", line 99, in open
    self._do_open()
  File "C:\Python38\lib\site-packages\modbus_tk\modbus_tcp.py", line 173, in _do_open
    self._sock.connect((self._host, self._port))
socket.timeout: timed out

[WARN]2021-03-02 15:45:46,529: Thread-5[tid:17860] <locked _thread.RLock object owner=17860 count=1 at 0x0000021C5039E180> ,hold 8062 ms
[INFO]2021-03-02 15:45:46,533: name=Thread-5, pid=16996, tid=17860
[01] File "C:/Python38/lib/threading.py", line 870, in run() 
[02] File "D:/python_lx/akm/virtualDoor/doorCtrlRunTasks.py", line 154, in _taskFunc() 
[03] File "D:/python_lx/akm/virtualDoor/doorCtrlRunTasks.py", line 191, in handle() 
[04] File "D:/python_lx/akm/virtualDoor/doorCtrlRunTasks.py", line 301, in writeIO() 
[05] File "D:/python_lx/akm/virtualDoor/magneticAGV.py", line 116, in writeDO() 
[06] File "D:/python_lx/akm/virtualDoor/magneticAGV.py", line 163, in writeDO() 
[07] File "D:/python_lx/akm/common/lock.py", line 124, in _call() 
[08] File "D:/python_lx/akm/common/lock.py", line 102, in release() 
[09] File "D:/python_lx/akm/common/enhance.py", line 268, in getTrace() 
[10] File "D:/python_lx/akm/common/enhance.py", line 248, in getThreadStack()
[CRITICAL]2021-03-02 15:45:46,547: magneticAGV01 writeDO fail cause a error: timed out
pid=16996, ppid=16300, tid=17860
Traceback (most recent call last):
  File "D:\python_lx\akm\virtualDoor\magneticAGV.py", line 163, in writeDO
    self._write(ioAddr, value)
  File "D:\python_lx\akm\common\lock.py", line 122, in _call
    return func(*p,**pp)
  File "D:\python_lx\akm\virtualDoor\magneticAGV.py", line 235, in _write
    self.master.open()
  File "D:\python_lx\akm\common\modbusapi.py", line 60, in open
    self.master.open()
  File "C:\Python38\lib\site-packages\modbus_tk\modbus.py", line 99, in open
    self._do_open()
  File "C:\Python38\lib\site-packages\modbus_tk\modbus_tcp.py", line 173, in _do_open
    self._sock.connect((self._host, self._port))
socket.timeout: timed out

[CRITICAL]2021-03-02 15:45:46,557: task: [magneticAGV01] writeIo error:  cause a error: timed out
pid=16996, ppid=16300, tid=17860
Traceback (most recent call last):
  File "D:\python_lx\akm\virtualDoor\doorCtrlRunTasks.py", line 301, in writeIO
    magneticAGV.writeDO(io, id, value)
  File "D:\python_lx\akm\virtualDoor\magneticAGV.py", line 116, in writeDO
    remoteioInfo.writeDO(index, value)
  File "D:\python_lx\akm\virtualDoor\magneticAGV.py", line 163, in writeDO
    self._write(ioAddr, value)
  File "D:\python_lx\akm\common\lock.py", line 122, in _call
    return func(*p,**pp)
  File "D:\python_lx\akm\virtualDoor\magneticAGV.py", line 235, in _write
    self.master.open()
  File "D:\python_lx\akm\common\modbusapi.py", line 60, in open
    self.master.open()
  File "C:\Python38\lib\site-packages\modbus_tk\modbus.py", line 99, in open
    self._do_open()
  File "C:\Python38\lib\site-packages\modbus_tk\modbus_tcp.py", line 173, in _do_open
    self._sock.connect((self._host, self._port))
socket.timeout: timed out

[WARN]2021-03-02 15:45:46,557: magneticAGV01 经过门 ['SK_DOOR', 'DDT_DOOR03'] leavefirst error
[WARN]2021-03-02 15:45:51,549: timer_thread[tid:8096] <locked _thread.RLock object owner=8096 count=1 at 0x0000021C5039E180> ,hold 7994 ms
[INFO]2021-03-02 15:45:51,551: name=timer_thread, pid=16996, tid=8096
[01] File "C:/Python38/lib/threading.py", line 870, in run() 
[02] File "D:/python_lx/akm/common/mytimer.py", line 113, in _loop() 
[03] File "D:/python_lx/akm/virtualDoor/doorCtrlRunTasks.py", line 81, in _monitorDevices() 
[04] File "D:/python_lx/akm/virtualDoor/magneticAGV.py", line 140, in readDIList() 
[05] File "D:/python_lx/akm/virtualDoor/magneticAGV.py", line 192, in readDIList() 
[06] File "D:/python_lx/akm/common/lock.py", line 124, in _call() 
[07] File "D:/python_lx/akm/common/lock.py", line 102, in release() 
[08] File "D:/python_lx/akm/common/enhance.py", line 268, in getTrace() 
[09] File "D:/python_lx/akm/common/enhance.py", line 248, in getThreadStack()
[CRITICAL]2021-03-02 15:45:51,573: magneticAGV01 readDIList fail cause a error: timed out
pid=16996, ppid=16300, tid=8096
Traceback (most recent call last):
  File "D:\python_lx\akm\virtualDoor\magneticAGV.py", line 192, in readDIList
    return self._read(D0, IO_LENTH)
  File "D:\python_lx\akm\common\lock.py", line 122, in _call
    return func(*p,**pp)
  File "D:\python_lx\akm\virtualDoor\magneticAGV.py", line 223, in _read
    self.master.open()
  File "D:\python_lx\akm\common\modbusapi.py", line 60, in open
    self.master.open()
  File "C:\Python38\lib\site-packages\modbus_tk\modbus.py", line 99, in open
    self._do_open()
  File "C:\Python38\lib\site-packages\modbus_tk\modbus_tcp.py", line 173, in _do_open
    self._sock.connect((self._host, self._port))
socket.timeout: timed out

[CRITICAL]2021-03-02 15:45:51,592: magneticAGV readDIList error cause a error: timed out
pid=16996, ppid=16300, tid=8096
Traceback (most recent call last):
  File "D:\python_lx\akm\virtualDoor\doorCtrlRunTasks.py", line 81, in _monitorDevices
    s1 = magneticAGV.readDIList(d)["status"]
  File "D:\python_lx\akm\virtualDoor\magneticAGV.py", line 140, in readDIList
    result = remoteioInfo.readDIList()
  File "D:\python_lx\akm\virtualDoor\magneticAGV.py", line 192, in readDIList
    return self._read(D0, IO_LENTH)
  File "D:\python_lx\akm\common\lock.py", line 122, in _call
    return func(*p,**pp)
  File "D:\python_lx\akm\virtualDoor\magneticAGV.py", line 223, in _read
    self.master.open()
  File "D:\python_lx\akm\common\modbusapi.py", line 60, in open
    self.master.open()
  File "C:\Python38\lib\site-packages\modbus_tk\modbus.py", line 99, in open
    self._do_open()
  File "C:\Python38\lib\site-packages\modbus_tk\modbus_tcp.py", line 173, in _do_open
    self._sock.connect((self._host, self._port))
socket.timeout: timed out

[WARN]2021-03-02 15:45:56,567: Thread-5[tid:17860] <locked _thread.RLock object owner=17860 count=1 at 0x0000021C5039E180> ,hold 8008 ms
[INFO]2021-03-02 15:45:56,567: name=Thread-5, pid=16996, tid=17860
[01] File "C:/Python38/lib/threading.py", line 870, in run() 
[02] File "D:/python_lx/akm/virtualDoor/doorCtrlRunTasks.py", line 154, in _taskFunc() 
[03] File "D:/python_lx/akm/virtualDoor/doorCtrlRunTasks.py", line 191, in handle() 
[04] File "D:/python_lx/akm/virtualDoor/doorCtrlRunTasks.py", line 301, in writeIO() 
[05] File "D:/python_lx/akm/virtualDoor/magneticAGV.py", line 116, in writeDO() 
[06] File "D:/python_lx/akm/virtualDoor/magneticAGV.py", line 163, in writeDO() 
[07] File "D:/python_lx/akm/common/lock.py", line 124, in _call() 
[08] File "D:/python_lx/akm/common/lock.py", line 102, in release() 
[09] File "D:/python_lx/akm/common/enhance.py", line 268, in getTrace() 
[10] File "D:/python_lx/akm/common/enhance.py", line 248, in getThreadStack()
[CRITICAL]2021-03-02 15:45:56,579: magneticAGV01 writeDO fail cause a error: timed out
pid=16996, ppid=16300, tid=17860
Traceback (most recent call last):
  File "D:\python_lx\akm\virtualDoor\magneticAGV.py", line 163, in writeDO
    self._write(ioAddr, value)
  File "D:\python_lx\akm\common\lock.py", line 122, in _call
    return func(*p,**pp)
  File "D:\python_lx\akm\virtualDoor\magneticAGV.py", line 235, in _write
    self.master.open()
  File "D:\python_lx\akm\common\modbusapi.py", line 60, in open
    self.master.open()
  File "C:\Python38\lib\site-packages\modbus_tk\modbus.py", line 99, in open
    self._do_open()
  File "C:\Python38\lib\site-packages\modbus_tk\modbus_tcp.py", line 173, in _do_open
    self._sock.connect((self._host, self._port))
socket.timeout: timed out

[CRITICAL]2021-03-02 15:45:56,590: task: [magneticAGV01] writeIo error:  cause a error: timed out
pid=16996, ppid=16300, tid=17860
Traceback (most recent call last):
  File "D:\python_lx\akm\virtualDoor\doorCtrlRunTasks.py", line 301, in writeIO
    magneticAGV.writeDO(io, id, value)
  File "D:\python_lx\akm\virtualDoor\magneticAGV.py", line 116, in writeDO
    remoteioInfo.writeDO(index, value)
  File "D:\python_lx\akm\virtualDoor\magneticAGV.py", line 163, in writeDO
    self._write(ioAddr, value)
  File "D:\python_lx\akm\common\lock.py", line 122, in _call
    return func(*p,**pp)
  File "D:\python_lx\akm\virtualDoor\magneticAGV.py", line 235, in _write
    self.master.open()
  File "D:\python_lx\akm\common\modbusapi.py", line 60, in open
    self.master.open()
  File "C:\Python38\lib\site-packages\modbus_tk\modbus.py", line 99, in open
    self._do_open()
  File "C:\Python38\lib\site-packages\modbus_tk\modbus_tcp.py", line 173, in _do_open
    self._sock.connect((self._host, self._port))
socket.timeout: timed out

[WARN]2021-03-02 15:45:56,592: magneticAGV01 经过门 ['SK_DOOR', 'DDT_DOOR03'] leavefirst error
[DEBUG]2021-03-02 15:45:59,010: AGV23 set loc AKM-FQC.LM19 ,old LM18 (-50.08,-3.03)
[WARN]2021-03-02 15:46:01,578: timer_thread[tid:8096] <locked _thread.RLock object owner=8096 count=1 at 0x0000021C5039E180> ,hold 7970 ms
[INFO]2021-03-02 15:46:01,580: name=timer_thread, pid=16996, tid=8096
[01] File "C:/Python38/lib/threading.py", line 870, in run() 
[02] File "D:/python_lx/akm/common/mytimer.py", line 113, in _loop() 
[03] File "D:/python_lx/akm/virtualDoor/doorCtrlRunTasks.py", line 81, in _monitorDevices() 
[04] File "D:/python_lx/akm/virtualDoor/magneticAGV.py", line 140, in readDIList() 
[05] File "D:/python_lx/akm/virtualDoor/magneticAGV.py", line 192, in readDIList() 
[06] File "D:/python_lx/akm/common/lock.py", line 124, in _call() 
[07] File "D:/python_lx/akm/common/lock.py", line 102, in release() 
[08] File "D:/python_lx/akm/common/enhance.py", line 268, in getTrace() 
[09] File "D:/python_lx/akm/common/enhance.py", line 248, in getThreadStack()
[CRITICAL]2021-03-02 15:46:01,596: magneticAGV01 readDIList fail cause a error: timed out
pid=16996, ppid=16300, tid=8096
Traceback (most recent call last):
  File "D:\python_lx\akm\virtualDoor\magneticAGV.py", line 192, in readDIList
    return self._read(D0, IO_LENTH)
  File "D:\python_lx\akm\common\lock.py", line 122, in _call
    return func(*p,**pp)
  File "D:\python_lx\akm\virtualDoor\magneticAGV.py", line 223, in _read
    self.master.open()
  File "D:\python_lx\akm\common\modbusapi.py", line 60, in open
    self.master.open()
  File "C:\Python38\lib\site-packages\modbus_tk\modbus.py", line 99, in open
    self._do_open()
  File "C:\Python38\lib\site-packages\modbus_tk\modbus_tcp.py", line 173, in _do_open
    self._sock.connect((self._host, self._port))
socket.timeout: timed out

[CRITICAL]2021-03-02 15:46:01,609: magneticAGV readDIList error cause a error: timed out
pid=16996, ppid=16300, tid=8096
Traceback (most recent call last):
  File "D:\python_lx\akm\virtualDoor\doorCtrlRunTasks.py", line 81, in _monitorDevices
    s1 = magneticAGV.readDIList(d)["status"]
  File "D:\python_lx\akm\virtualDoor\magneticAGV.py", line 140, in readDIList
    result = remoteioInfo.readDIList()
  File "D:\python_lx\akm\virtualDoor\magneticAGV.py", line 192, in readDIList
    return self._read(D0, IO_LENTH)
  File "D:\python_lx\akm\common\lock.py", line 122, in _call
    return func(*p,**pp)
  File "D:\python_lx\akm\virtualDoor\magneticAGV.py", line 223, in _read
    self.master.open()
  File "D:\python_lx\akm\common\modbusapi.py", line 60, in open
    self.master.open()
  File "C:\Python38\lib\site-packages\modbus_tk\modbus.py", line 99, in open
    self._do_open()
  File "C:\Python38\lib\site-packages\modbus_tk\modbus_tcp.py", line 173, in _do_open
    self._sock.connect((self._host, self._port))
socket.timeout: timed out

[WARN]2021-03-02 15:46:06,596: Thread-5[tid:17860] <locked _thread.RLock object owner=17860 count=1 at 0x0000021C5039E180> ,hold 8003 ms
[INFO]2021-03-02 15:46:06,600: name=Thread-5, pid=16996, tid=17860
[01] File "C:/Python38/lib/threading.py", line 870, in run() 
[02] File "D:/python_lx/akm/virtualDoor/doorCtrlRunTasks.py", line 154, in _taskFunc() 
[03] File "D:/python_lx/akm/virtualDoor/doorCtrlRunTasks.py", line 191, in handle() 
[04] File "D:/python_lx/akm/virtualDoor/doorCtrlRunTasks.py", line 301, in writeIO() 
[05] File "D:/python_lx/akm/virtualDoor/magneticAGV.py", line 116, in writeDO() 
[06] File "D:/python_lx/akm/virtualDoor/magneticAGV.py", line 163, in writeDO() 
[07] File "D:/python_lx/akm/common/lock.py", line 124, in _call() 
[08] File "D:/python_lx/akm/common/lock.py", line 102, in release() 
[09] File "D:/python_lx/akm/common/enhance.py", line 268, in getTrace() 
[10] File "D:/python_lx/akm/common/enhance.py", line 248, in getThreadStack()
[CRITICAL]2021-03-02 15:46:06,626: magneticAGV01 writeDO fail cause a error: timed out
pid=16996, ppid=16300, tid=17860
Traceback (most recent call last):
  File "D:\python_lx\akm\virtualDoor\magneticAGV.py", line 163, in writeDO
    self._write(ioAddr, value)
  File "D:\python_lx\akm\common\lock.py", line 122, in _call
    return func(*p,**pp)
  File "D:\python_lx\akm\virtualDoor\magneticAGV.py", line 235, in _write
    self.master.open()
  File "D:\python_lx\akm\common\modbusapi.py", line 60, in open
    self.master.open()
  File "C:\Python38\lib\site-packages\modbus_tk\modbus.py", line 99, in open
    self._do_open()
  File "C:\Python38\lib\site-packages\modbus_tk\modbus_tcp.py", line 173, in _do_open
    self._sock.connect((self._host, self._port))
socket.timeout: timed out

[CRITICAL]2021-03-02 15:46:06,649: task: [magneticAGV01] writeIo error:  cause a error: timed out
pid=16996, ppid=16300, tid=17860
Traceback (most recent call last):
  File "D:\python_lx\akm\virtualDoor\doorCtrlRunTasks.py", line 301, in writeIO
    magneticAGV.writeDO(io, id, value)
  File "D:\python_lx\akm\virtualDoor\magneticAGV.py", line 116, in writeDO
    remoteioInfo.writeDO(index, value)
  File "D:\python_lx\akm\virtualDoor\magneticAGV.py", line 163, in writeDO
    self._write(ioAddr, value)
  File "D:\python_lx\akm\common\lock.py", line 122, in _call
    return func(*p,**pp)
  File "D:\python_lx\akm\virtualDoor\magneticAGV.py", line 235, in _write
    self.master.open()
  File "D:\python_lx\akm\common\modbusapi.py", line 60, in open
    self.master.open()
  File "C:\Python38\lib\site-packages\modbus_tk\modbus.py", line 99, in open
    self._do_open()
  File "C:\Python38\lib\site-packages\modbus_tk\modbus_tcp.py", line 173, in _do_open
    self._sock.connect((self._host, self._port))
socket.timeout: timed out

[WARN]2021-03-02 15:46:06,651: magneticAGV01 经过门 ['SK_DOOR', 'DDT_DOOR03'] leavefirst error
[WARN]2021-03-02 15:46:07,682: agvThread.AGV23[tid:15116] <lock name:agv.AGV23.lock_status,<locked _thread.RLock object owner=15116 count=1 at 0x0000021C503B8510>> ,hold 3126 ms
[INFO]2021-03-02 15:46:07,683: name=agvThread.AGV23, pid=16996, tid=15116
[01] File "C:/Python38/lib/threading.py", line 870, in run() 
[02] File "D:/python_lx/akm/agvCtrl/agvList.py", line 573, in run() 
[03] File "D:/python_lx/akm/agvCtrl/agvList.py", line 855, in readStatus1() 
[04] File "D:/python_lx/akm/agvCtrl/agvList.py", line 835, in _readStatus1() 
[05] File "D:/python_lx/akm/driver/seerAgv/agvCtrl.py", line 777, in readStatus1() 
[06] File "D:/python_lx/akm/driver/seerAgv/agvApi.py", line 195, in status() 
[07] File "D:/python_lx/akm/driver/seerAgv/agvApi.py", line 254, in _handle() 
[08] File "D:/python_lx/akm/common/lock.py", line 102, in release() 
[09] File "D:/python_lx/akm/common/enhance.py", line 268, in getTrace() 
[10] File "D:/python_lx/akm/common/enhance.py", line 248, in getThreadStack()
[WARN]2021-03-02 15:46:11,626: timer_thread[tid:8096] <locked _thread.RLock object owner=8096 count=1 at 0x0000021C5039E180> ,hold 8001 ms
[INFO]2021-03-02 15:46:11,627: name=timer_thread, pid=16996, tid=8096
[01] File "C:/Python38/lib/threading.py", line 870, in run() 
[02] File "D:/python_lx/akm/common/mytimer.py", line 113, in _loop() 
[03] File "D:/python_lx/akm/virtualDoor/doorCtrlRunTasks.py", line 81, in _monitorDevices() 
[04] File "D:/python_lx/akm/virtualDoor/magneticAGV.py", line 140, in readDIList() 
[05] File "D:/python_lx/akm/virtualDoor/magneticAGV.py", line 192, in readDIList() 
[06] File "D:/python_lx/akm/common/lock.py", line 124, in _call() 
[07] File "D:/python_lx/akm/common/lock.py", line 102, in release() 
[08] File "D:/python_lx/akm/common/enhance.py", line 268, in getTrace() 
[09] File "D:/python_lx/akm/common/enhance.py", line 248, in getThreadStack()
[CRITICAL]2021-03-02 15:46:11,638: magneticAGV01 readDIList fail cause a error: timed out
pid=16996, ppid=16300, tid=8096
Traceback (most recent call last):
  File "D:\python_lx\akm\virtualDoor\magneticAGV.py", line 192, in readDIList
    return self._read(D0, IO_LENTH)
  File "D:\python_lx\akm\common\lock.py", line 122, in _call
    return func(*p,**pp)
  File "D:\python_lx\akm\virtualDoor\magneticAGV.py", line 223, in _read
    self.master.open()
  File "D:\python_lx\akm\common\modbusapi.py", line 60, in open
    self.master.open()
  File "C:\Python38\lib\site-packages\modbus_tk\modbus.py", line 99, in open
    self._do_open()
  File "C:\Python38\lib\site-packages\modbus_tk\modbus_tcp.py", line 173, in _do_open
    self._sock.connect((self._host, self._port))
socket.timeout: timed out

[CRITICAL]2021-03-02 15:46:11,658: magneticAGV readDIList error cause a error: timed out
pid=16996, ppid=16300, tid=8096
Traceback (most recent call last):
  File "D:\python_lx\akm\virtualDoor\doorCtrlRunTasks.py", line 81, in _monitorDevices
    s1 = magneticAGV.readDIList(d)["status"]
  File "D:\python_lx\akm\virtualDoor\magneticAGV.py", line 140, in readDIList
    result = remoteioInfo.readDIList()
  File "D:\python_lx\akm\virtualDoor\magneticAGV.py", line 192, in readDIList
    return self._read(D0, IO_LENTH)
  File "D:\python_lx\akm\common\lock.py", line 122, in _call
    return func(*p,**pp)
  File "D:\python_lx\akm\virtualDoor\magneticAGV.py", line 223, in _read
    self.master.open()
  File "D:\python_lx\akm\common\modbusapi.py", line 60, in open
    self.master.open()
  File "C:\Python38\lib\site-packages\modbus_tk\modbus.py", line 99, in open
    self._do_open()
  File "C:\Python38\lib\site-packages\modbus_tk\modbus_tcp.py", line 173, in _do_open
    self._sock.connect((self._host, self._port))
socket.timeout: timed out

[DEBUG]2021-03-02 15:46:12,667: AGV23 set loc AKM-FQC.LM17 ,old LM19 (-49.96,0.13)
[WARN]2021-03-02 15:46:16,639: Thread-5[tid:17860] <locked _thread.RLock object owner=17860 count=1 at 0x0000021C5039E180> ,hold 7987 ms
[INFO]2021-03-02 15:46:16,640: name=Thread-5, pid=16996, tid=17860
[01] File "C:/Python38/lib/threading.py", line 870, in run() 
[02] File "D:/python_lx/akm/virtualDoor/doorCtrlRunTasks.py", line 154, in _taskFunc() 
[03] File "D:/python_lx/akm/virtualDoor/doorCtrlRunTasks.py", line 191, in handle() 
[04] File "D:/python_lx/akm/virtualDoor/doorCtrlRunTasks.py", line 301, in writeIO() 
[05] File "D:/python_lx/akm/virtualDoor/magneticAGV.py", line 116, in writeDO() 
[06] File "D:/python_lx/akm/virtualDoor/magneticAGV.py", line 163, in writeDO() 
[07] File "D:/python_lx/akm/common/lock.py", line 124, in _call() 
[08] File "D:/python_lx/akm/common/lock.py", line 102, in release() 
[09] File "D:/python_lx/akm/common/enhance.py", line 268, in getTrace() 
[10] File "D:/python_lx/akm/common/enhance.py", line 248, in getThreadStack()
[CRITICAL]2021-03-02 15:46:16,654: magneticAGV01 writeDO fail cause a error: timed out
pid=16996, ppid=16300, tid=17860
Traceback (most recent call last):
  File "D:\python_lx\akm\virtualDoor\magneticAGV.py", line 163, in writeDO
    self._write(ioAddr, value)
  File "D:\python_lx\akm\common\lock.py", line 122, in _call
    return func(*p,**pp)
  File "D:\python_lx\akm\virtualDoor\magneticAGV.py", line 235, in _write
    self.master.open()
  File "D:\python_lx\akm\common\modbusapi.py", line 60, in open
    self.master.open()
  File "C:\Python38\lib\site-packages\modbus_tk\modbus.py", line 99, in open
    self._do_open()
  File "C:\Python38\lib\site-packages\modbus_tk\modbus_tcp.py", line 173, in _do_open
    self._sock.connect((self._host, self._port))
socket.timeout: timed out

[CRITICAL]2021-03-02 15:46:16,669: task: [magneticAGV01] writeIo error:  cause a error: timed out
pid=16996, ppid=16300, tid=17860
Traceback (most recent call last):
  File "D:\python_lx\akm\virtualDoor\doorCtrlRunTasks.py", line 301, in writeIO
    magneticAGV.writeDO(io, id, value)
  File "D:\python_lx\akm\virtualDoor\magneticAGV.py", line 116, in writeDO
    remoteioInfo.writeDO(index, value)
  File "D:\python_lx\akm\virtualDoor\magneticAGV.py", line 163, in writeDO
    self._write(ioAddr, value)
  File "D:\python_lx\akm\common\lock.py", line 122, in _call
    return func(*p,**pp)
  File "D:\python_lx\akm\virtualDoor\magneticAGV.py", line 235, in _write
    self.master.open()
  File "D:\python_lx\akm\common\modbusapi.py", line 60, in open
    self.master.open()
  File "C:\Python38\lib\site-packages\modbus_tk\modbus.py", line 99, in open
    self._do_open()
  File "C:\Python38\lib\site-packages\modbus_tk\modbus_tcp.py", line 173, in _do_open
    self._sock.connect((self._host, self._port))
socket.timeout: timed out

[WARN]2021-03-02 15:46:16,670: magneticAGV01 经过门 ['SK_DOOR', 'DDT_DOOR03'] leavefirst error
[WARN]2021-03-02 15:46:21,654: timer_thread[tid:8096] <locked _thread.RLock object owner=8096 count=1 at 0x0000021C5039E180> ,hold 7982 ms
[INFO]2021-03-02 15:46:21,655: name=timer_thread, pid=16996, tid=8096
[01] File "C:/Python38/lib/threading.py", line 870, in run() 
[02] File "D:/python_lx/akm/common/mytimer.py", line 113, in _loop() 
[03] File "D:/python_lx/akm/virtualDoor/doorCtrlRunTasks.py", line 81, in _monitorDevices() 
[04] File "D:/python_lx/akm/virtualDoor/magneticAGV.py", line 140, in readDIList() 
[05] File "D:/python_lx/akm/virtualDoor/magneticAGV.py", line 192, in readDIList() 
[06] File "D:/python_lx/akm/common/lock.py", line 124, in _call() 
[07] File "D:/python_lx/akm/common/lock.py", line 102, in release() 
[08] File "D:/python_lx/akm/common/enhance.py", line 268, in getTrace() 
[09] File "D:/python_lx/akm/common/enhance.py", line 248, in getThreadStack()
[CRITICAL]2021-03-02 15:46:21,676: magneticAGV01 readDIList fail cause a error: timed out
pid=16996, ppid=16300, tid=8096
Traceback (most recent call last):
  File "D:\python_lx\akm\virtualDoor\magneticAGV.py", line 192, in readDIList
    return self._read(D0, IO_LENTH)
  File "D:\python_lx\akm\common\lock.py", line 122, in _call
    return func(*p,**pp)
  File "D:\python_lx\akm\virtualDoor\magneticAGV.py", line 223, in _read
    self.master.open()
  File "D:\python_lx\akm\common\modbusapi.py", line 60, in open
    self.master.open()
  File "C:\Python38\lib\site-packages\modbus_tk\modbus.py", line 99, in open
    self._do_open()
  File "C:\Python38\lib\site-packages\modbus_tk\modbus_tcp.py", line 173, in _do_open
    self._sock.connect((self._host, self._port))
socket.timeout: timed out

[CRITICAL]2021-03-02 15:46:21,699: magneticAGV readDIList error cause a error: timed out
pid=16996, ppid=16300, tid=8096
Traceback (most recent call last):
  File "D:\python_lx\akm\virtualDoor\doorCtrlRunTasks.py", line 81, in _monitorDevices
    s1 = magneticAGV.readDIList(d)["status"]
  File "D:\python_lx\akm\virtualDoor\magneticAGV.py", line 140, in readDIList
    result = remoteioInfo.readDIList()
  File "D:\python_lx\akm\virtualDoor\magneticAGV.py", line 192, in readDIList
    return self._read(D0, IO_LENTH)
  File "D:\python_lx\akm\common\lock.py", line 122, in _call
    return func(*p,**pp)
  File "D:\python_lx\akm\virtualDoor\magneticAGV.py", line 223, in _read
    self.master.open()
  File "D:\python_lx\akm\common\modbusapi.py", line 60, in open
    self.master.open()
  File "C:\Python38\lib\site-packages\modbus_tk\modbus.py", line 99, in open
    self._do_open()
  File "C:\Python38\lib\site-packages\modbus_tk\modbus_tcp.py", line 173, in _do_open
    self._sock.connect((self._host, self._port))
socket.timeout: timed out

[WARN]2021-03-02 15:46:26,675: Thread-5[tid:17860] <locked _thread.RLock object owner=17860 count=1 at 0x0000021C5039E180> ,hold 8003 ms
[INFO]2021-03-02 15:46:26,678: name=Thread-5, pid=16996, tid=17860
[01] File "C:/Python38/lib/threading.py", line 870, in run() 
[02] File "D:/python_lx/akm/virtualDoor/doorCtrlRunTasks.py", line 154, in _taskFunc() 
[03] File "D:/python_lx/akm/virtualDoor/doorCtrlRunTasks.py", line 191, in handle() 
[04] File "D:/python_lx/akm/virtualDoor/doorCtrlRunTasks.py", line 301, in writeIO() 
[05] File "D:/python_lx/akm/virtualDoor/magneticAGV.py", line 116, in writeDO() 
[06] File "D:/python_lx/akm/virtualDoor/magneticAGV.py", line 163, in writeDO() 
[07] File "D:/python_lx/akm/common/lock.py", line 124, in _call() 
[08] File "D:/python_lx/akm/common/lock.py", line 102, in release() 
[09] File "D:/python_lx/akm/common/enhance.py", line 268, in getTrace() 
[10] File "D:/python_lx/akm/common/enhance.py", line 248, in getThreadStack()
[CRITICAL]2021-03-02 15:46:26,703: magneticAGV01 writeDO fail cause a error: timed out
pid=16996, ppid=16300, tid=17860
Traceback (most recent call last):
  File "D:\python_lx\akm\virtualDoor\magneticAGV.py", line 163, in writeDO
    self._write(ioAddr, value)
  File "D:\python_lx\akm\common\lock.py", line 122, in _call
    return func(*p,**pp)
  File "D:\python_lx\akm\virtualDoor\magneticAGV.py", line 235, in _write
    self.master.open()
  File "D:\python_lx\akm\common\modbusapi.py", line 60, in open
    self.master.open()
  File "C:\Python38\lib\site-packages\modbus_tk\modbus.py", line 99, in open
    self._do_open()
  File "C:\Python38\lib\site-packages\modbus_tk\modbus_tcp.py", line 173, in _do_open
    self._sock.connect((self._host, self._port))
socket.timeout: timed out

[CRITICAL]2021-03-02 15:46:26,727: task: [magneticAGV01] writeIo error:  cause a error: timed out
pid=16996, ppid=16300, tid=17860
Traceback (most recent call last):
  File "D:\python_lx\akm\virtualDoor\doorCtrlRunTasks.py", line 301, in writeIO
    magneticAGV.writeDO(io, id, value)
  File "D:\python_lx\akm\virtualDoor\magneticAGV.py", line 116, in writeDO
    remoteioInfo.writeDO(index, value)
  File "D:\python_lx\akm\virtualDoor\magneticAGV.py", line 163, in writeDO
    self._write(ioAddr, value)
  File "D:\python_lx\akm\common\lock.py", line 122, in _call
    return func(*p,**pp)
  File "D:\python_lx\akm\virtualDoor\magneticAGV.py", line 235, in _write
    self.master.open()
  File "D:\python_lx\akm\common\modbusapi.py", line 60, in open
    self.master.open()
  File "C:\Python38\lib\site-packages\modbus_tk\modbus.py", line 99, in open
    self._do_open()
  File "C:\Python38\lib\site-packages\modbus_tk\modbus_tcp.py", line 173, in _do_open
    self._sock.connect((self._host, self._port))
socket.timeout: timed out

[WARN]2021-03-02 15:46:26,730: magneticAGV01 经过门 ['SK_DOOR', 'DDT_DOOR03'] leavefirst error
